Using pre-set license
Built from '2022.3/staging' branch; Version is '2022.3.27f1 (73effa14754f) revision 7598074'; Using compiler version '192829333'; Build Type 'Release'
OS: 'Windows 11  (10.0.22631) 64bit Professional' Language: 'es' Physical Memory: 32689 MB
BatchMode: 1, IsHumanControllingUs: 0, StartBugReporterOnCrash: 0, Is64bit: 1, IsPro: 1

COMMAND LINE ARGUMENTS:
C:\Program Files\Unity\Hub\Editor\2022.3.27f1\Editor\Unity.exe
-adb2
-batchMode
-noUpm
-name
AssetImportWorker4
-projectPath
C:/Users/Mauro G贸mez/IG
-logFile
Logs/AssetImportWorker4.log
-srvPort
52039
Successfully changed project path to: C:/Users/Mauro G贸mez/IG
C:/Users/Mauro G贸mez/IG
[UnityMemory] Configuration Parameters - Can be set up in boot.config
    "memorysetup-bucket-allocator-granularity=16"
    "memorysetup-bucket-allocator-bucket-count=8"
    "memorysetup-bucket-allocator-block-size=33554432"
    "memorysetup-bucket-allocator-block-count=8"
    "memorysetup-main-allocator-block-size=16777216"
    "memorysetup-thread-allocator-block-size=16777216"
    "memorysetup-gfx-main-allocator-block-size=16777216"
    "memorysetup-gfx-thread-allocator-block-size=16777216"
    "memorysetup-cache-allocator-block-size=4194304"
    "memorysetup-typetree-allocator-block-size=2097152"
    "memorysetup-profiler-bucket-allocator-granularity=16"
    "memorysetup-profiler-bucket-allocator-bucket-count=8"
    "memorysetup-profiler-bucket-allocator-block-size=33554432"
    "memorysetup-profiler-bucket-allocator-block-count=8"
    "memorysetup-profiler-allocator-block-size=16777216"
    "memorysetup-profiler-editor-allocator-block-size=1048576"
    "memorysetup-temp-allocator-size-main=16777216"
    "memorysetup-job-temp-allocator-block-size=2097152"
    "memorysetup-job-temp-allocator-block-size-background=1048576"
    "memorysetup-job-temp-allocator-reduction-small-platforms=262144"
    "memorysetup-allocator-temp-initial-block-size-main=262144"
    "memorysetup-allocator-temp-initial-block-size-worker=262144"
    "memorysetup-temp-allocator-size-background-worker=32768"
    "memorysetup-temp-allocator-size-job-worker=262144"
    "memorysetup-temp-allocator-size-preload-manager=33554432"
    "memorysetup-temp-allocator-size-nav-mesh-worker=65536"
    "memorysetup-temp-allocator-size-audio-worker=65536"
    "memorysetup-temp-allocator-size-cloud-worker=32768"
    "memorysetup-temp-allocator-size-gi-baking-worker=262144"
    "memorysetup-temp-allocator-size-gfx=262144"
Player connection [214100] Host "[IP] 192.168.56.1 [Port] 0 [Flags] 2 [Guid] 549460425 [EditorId] 549460425 [Version] 1048832 [Id] WindowsEditor(7,DESKTOP-BM47GSE) [Debug] 1 [PackageName] WindowsEditor [ProjectName] Editor" joined multi-casting on [225.0.0.222:54997]...

Player connection [214100] Host "[IP] 192.168.56.1 [Port] 0 [Flags] 2 [Guid] 549460425 [EditorId] 549460425 [Version] 1048832 [Id] WindowsEditor(7,DESKTOP-BM47GSE) [Debug] 1 [PackageName] WindowsEditor [ProjectName] Editor" joined alternative multi-casting on [225.0.0.222:34997]...

[Physics::Module] Initialized MultithreadedJobDispatcher with 15 workers.
Refreshing native plugins compatible for Editor in 11.56 ms, found 3 plugins.
Preloading 0 native plugins for Editor in 0.00 ms.
Initialize engine version: 2022.3.27f1 (73effa14754f)
[Subsystems] Discovering subsystems at path C:/Program Files/Unity/Hub/Editor/2022.3.27f1/Editor/Data/Resources/UnitySubsystems
[Subsystems] Discovering subsystems at path C:/Users/Mauro G贸mez/IG/Assets
GfxDevice: creating device client; threaded=0; jobified=0
Direct3D:
    Version:  Direct3D 11.0 [level 11.1]
    Renderer: NVIDIA GeForce RTX 3080 Ti (ID=0x2208)
    Vendor:   NVIDIA
    VRAM:     12086 MB
    Driver:   32.0.15.6109
Initialize mono
Mono path[0] = 'C:/Program Files/Unity/Hub/Editor/2022.3.27f1/Editor/Data/Managed'
Mono path[1] = 'C:/Program Files/Unity/Hub/Editor/2022.3.27f1/Editor/Data/MonoBleedingEdge/lib/mono/unityjit-win32'
Mono config path = 'C:/Program Files/Unity/Hub/Editor/2022.3.27f1/Editor/Data/MonoBleedingEdge/etc'
Using monoOptions --debugger-agent=transport=dt_socket,embedding=1,server=y,suspend=n,address=127.0.0.1:56512
Begin MonoManager ReloadAssembly
Registering precompiled unity dll's ...
Register platform support module: C:/Program Files/Unity/Hub/Editor/2022.3.27f1/Editor/Data/PlaybackEngines/WebGLSupport/UnityEditor.WebGL.Extensions.dll
Register platform support module: C:/Program Files/Unity/Hub/Editor/2022.3.27f1/Editor/Data/PlaybackEngines/WindowsStandaloneSupport/UnityEditor.WindowsStandalone.Extensions.dll
Registered in 0.018410 seconds.
- Loaded All Assemblies, in  0.509 seconds
Native extension for WindowsStandalone target not found
Native extension for WebGL target not found
Mono: successfully reloaded assembly
- Finished resetting the current domain, in  0.326 seconds
Domain Reload Profiling: 831ms
	BeginReloadAssembly (148ms)
		ExecutionOrderSort (0ms)
		DisableScriptedObjects (0ms)
		BackupInstance (0ms)
		ReleaseScriptingObjects (0ms)
		CreateAndSetChildDomain (1ms)
	RebuildCommonClasses (50ms)
	RebuildNativeTypeToScriptingClass (15ms)
	initialDomainReloadingComplete (106ms)
	LoadAllAssembliesAndSetupDomain (186ms)
		LoadAssemblies (144ms)
		RebuildTransferFunctionScriptingTraits (0ms)
		AnalyzeDomain (183ms)
			TypeCache.Refresh (182ms)
				TypeCache.ScanAssembly (166ms)
			ScanForSourceGeneratedMonoScriptInfo (0ms)
			ResolveRequiredComponents (0ms)
	FinalizeReload (326ms)
		ReleaseScriptCaches (0ms)
		RebuildScriptCaches (0ms)
		SetupLoadedEditorAssemblies (257ms)
			LogAssemblyErrors (0ms)
			InitializePlatformSupportModulesInManaged (12ms)
			SetLoadedEditorAssemblies (7ms)
			RefreshPlugins (0ms)
			BeforeProcessingInitializeOnLoad (2ms)
			ProcessInitializeOnLoadAttributes (179ms)
			ProcessInitializeOnLoadMethodAttributes (56ms)
			AfterProcessingInitializeOnLoad (0ms)
			EditorAssembliesLoaded (0ms)
		ExecutionOrderSort2 (0ms)
		AwakeInstancesAfterBackupRestoration (0ms)
========================================================================
Worker process is ready to serve import requests
Begin MonoManager ReloadAssembly
- Loaded All Assemblies, in  0.790 seconds
Refreshing native plugins compatible for Editor in 5.72 ms, found 3 plugins.
Native extension for WindowsStandalone target not found
Native extension for WebGL target not found
Mono: successfully reloaded assembly
- Finished resetting the current domain, in  0.755 seconds
Domain Reload Profiling: 1540ms
	BeginReloadAssembly (199ms)
		ExecutionOrderSort (0ms)
		DisableScriptedObjects (7ms)
		BackupInstance (0ms)
		ReleaseScriptingObjects (0ms)
		CreateAndSetChildDomain (29ms)
	RebuildCommonClasses (59ms)
	RebuildNativeTypeToScriptingClass (13ms)
	initialDomainReloadingComplete (52ms)
	LoadAllAssembliesAndSetupDomain (462ms)
		LoadAssemblies (357ms)
		RebuildTransferFunctionScriptingTraits (0ms)
		AnalyzeDomain (222ms)
			TypeCache.Refresh (198ms)
				TypeCache.ScanAssembly (182ms)
			ScanForSourceGeneratedMonoScriptInfo (16ms)
			ResolveRequiredComponents (6ms)
	FinalizeReload (756ms)
		ReleaseScriptCaches (0ms)
		RebuildScriptCaches (0ms)
		SetupLoadedEditorAssemblies (566ms)
			LogAssemblyErrors (0ms)
			InitializePlatformSupportModulesInManaged (10ms)
			SetLoadedEditorAssemblies (3ms)
			RefreshPlugins (0ms)
			BeforeProcessingInitializeOnLoad (71ms)
			ProcessInitializeOnLoadAttributes (445ms)
			ProcessInitializeOnLoadMethodAttributes (25ms)
			AfterProcessingInitializeOnLoad (12ms)
			EditorAssembliesLoaded (0ms)
		ExecutionOrderSort2 (0ms)
		AwakeInstancesAfterBackupRestoration (10ms)
Launched and connected shader compiler UnityShaderCompiler.exe after 0.07 seconds
Refreshing native plugins compatible for Editor in 6.65 ms, found 3 plugins.
Preloading 0 native plugins for Editor in 0.00 ms.
Unloading 3114 Unused Serialized files (Serialized files now loaded: 0)
Unloading 34 unused Assets / (57.7 KB). Loaded Objects now: 3598.
Memory consumption went from 150.4 MB to 150.3 MB.
Total: 4.991300 ms (FindLiveObjects: 0.326400 ms CreateObjectMapping: 0.315700 ms MarkObjects: 4.184700 ms  DeleteObjects: 0.163200 ms)

AssetImportParameters requested are different than current active one (requested -> active):
  custom:scripting/monoscript/fileName/CFX_SpawnSystem.cs: da90548e33a5ac9767c2ab325529961a -> 
  custom:scripting/monoscript/fileName/DepthOfFieldDeprecated.cs: 8700a90d2d763e9c01f08a0cd128cca8 -> 
  custom:scripting/monoscript/fileName/CameraMotionBlur.cs: 458c2b6f90eeea041921d89083a79e55 -> 
  custom:scripting/monoscript/fileName/ColorCorrectionLookupEditor.cs: a2fb9e7138550e9aa0e0de2d21737d42 -> 
  custom:scripting/monoscript/fileName/TiltShift.cs: 13ff1d7342528fc14a2e194c2bdc09fb -> 
  custom:container-demuxer-ogg: 62fdf1f143b41e24485cea50d1cbac27 -> 
  custom:scripting/monoscript/fileName/ScreenSpaceAmbientOcclusion.cs: 42eb6963a5f738a978938eb937f58d78 -> 
  custom:scripting/monoscript/fileName/DepthOfFieldEditor.cs: a3868cd4e6c6aec7c31ee3ed2b09abe8 -> 
  custom:scripting/monoscript/fileName/NoiseAndGrainEditor.cs: 0276e69b6de7374aa913d893485a004e -> 
  custom:video-decoder-ogg-theora: a1e56fd34408186e4bbccfd4996cb3dc -> 
  custom:scripting/monoscript/fileName/SunShafts.cs: abee30526487200fa16387df850e7daf -> 
  custom:scripting/monoscript/fileName/MotionBlur.cs: 7d52f2ac2c90424481a38c8ec7edb91c -> 
  custom:framework-win-MediaFoundation: 216162199b28c13a410421893ffa2e32 -> 
  custom:scripting/monoscript/fileName/CFXEasyEditor.cs: 975509eb43d0b0d90d19d984ce47d25d -> 
  custom:scripting/monoscript/fileName/Grayscale.cs: 87671e23fd2948061f63e16eb704f3a3 -> 
  custom:scripting/monoscript/fileName/WFX_Demo_RandomDir.cs: 83412d56870e7b7abf13729c1e4f5956 -> 
  custom:scripting/monoscript/fileName/CFX_Demo_RandomDir.cs: 06fce4b0d835d8793ccf8307925e464f -> 
  custom:scripting/monoscript/fileName/BlurOptimized.cs: a99dff34286593c12b0fab92e7c0da68 -> 
  custom:scripting/monoscript/fileName/CameraMotionBlurEditor.cs: 7c502cd6630e6f5609abadb3991d9ab2 -> 
  custom:scripting/monoscript/fileName/Quads.cs: 2f24050aded65dda899533ba7849a43c -> 
  custom:scripting/monoscript/fileName/Blur.cs: 16b33e375f19895ec61239c77165934f -> 
  custom:scripting/monoscript/fileName/DepthOfFieldDeprecatedEditor.cs: 9c0d6ba6950f727fa7ed1bfef973ec32 -> 
  custom:scripting/monoscript/fileName/ImageEffects.cs: fc49fae855f2f50655b411c31423a73d -> 
  custom:scripting/monoscript/fileName/WFX_LightFlicker.cs: 1dfc4e18a67da64c518b9518e62ac4fe -> 
  custom:scripting/monoscript/fileName/PostEffectsBase.cs: 6aabc5a6e1a831a9196622d2796540be -> 
  custom:CustomObjectIndexerAttribute: 9a22284fe3817be447336de3de66b15e -> 
  custom:scripting/monoscript/fileName/ColorCorrectionLookup.cs: cdade6b297f1c116727fa6035591313f -> 
  custom:scripting/monoscript/fileName/CFX_SpawnSystemEditor.cs: 8ef4ed7f7ca5c207cc3108bdafbacf7e -> 
  custom:container-demuxer-webm: 4f35f7cbe854078d1ac9338744f61a02 -> 
  custom:scripting/monoscript/fileName/Triangles.cs: 64f7a3839fbac059155d5ec1d8597e9c -> 
  custom:scripting/monoscript/fileName/SunShaftsEditor.cs: 14ff19bb08f48e5592630a8ef09a85a4 -> 
  custom:scripting/monoscript/fileName/ContrastStretch.cs: 606dc0496a32ea6e71f97dc962793c28 -> 
  custom:scripting/monoscript/fileName/CFX_Demo_RotateCamera.cs: 1b6c7bbcbc0a01f776aafda62612b729 -> 
  custom:scripting/monoscript/fileName/WFX_Demo_DeleteAfterDelay.cs: a8456c85d9636ec3b34432ce15771790 -> 
  custom:scripting/monoscript/fileName/EdgeDetectionEditor.cs: 4cca3302e9c064dba4f706ba0e5d7102 -> 
  custom:scripting/monoscript/fileName/WFX_BulletHoleDecal.cs: b2a50a5c52cc82fa50f26101cc423417 -> 
  custom:container-muxer-webm: aa71ff27fc2769a1b78a27578f13a17b -> 
  custom:scripting/monoscript/fileName/ContrastEnhance.cs: 25207a33818c5454fd86fad73189b2cd -> 
  custom:scripting/monoscript/fileName/WFX_Demo_Wall.cs: ebe32a1844666a18dc6e88646d62cdf3 -> 
  custom:video-decoder-webm-vp8: 9c59270c3fd7afecdb556c50c9e8de78 -> 
  custom:scripting/monoscript/fileName/CFX_AutoStopLoopedEffect.cs: 0a1116784d96426e30ae544ef0d48111 -> 
  custom:scripting/monoscript/fileName/PostEffectsHelper.cs: 5b0aade5ee85030099a328bfa56e17eb -> 
  custom:SearchIndexIgnoredProperties: e643bd26f0fe6173181afceb89e7c659 -> 
  custom:AudioImporter_EditorPlatform: d09bf68614088b80899f8185d706f6e7 -> 
  custom:scripting/monoscript/fileName/CreaseShading.cs: 5b17bf81bff982a9605309492401c574 -> 
  custom:scripting/monoscript/fileName/AntialiasingEditor.cs: cd1db322c4d4bac3e0fdd7740cc772c6 -> 
  custom:scripting/monoscript/fileName/Antialiasing.cs: bec6c7367bf7f3b527b25907b25d4102 -> 
  custom:scripting/monoscript/fileName/SepiaTone.cs: 67c7b044a145b042dba91a1a8d54f9f4 -> 
  custom:scripting/monoscript/fileName/ImageEffectBase.cs: 6d460e3d17a4175e44411c6923e62aed -> 
  custom:scripting/monoscript/fileName/NoiseAndGrain.cs: f4f7112c95c7474ffaf494b422803169 -> 
  custom:scripting/monoscript/fileName/BloomAndFlaresEditor.cs: 1f9e796d927ffcd86ccbfad6ec7007d5 -> 
  custom:scripting/monoscript/fileName/ScreenSpaceAmbientObscurance.cs: 958d0bf4e6842d24e3147fb5da01010e -> 
  custom:scripting/monoscript/fileName/CreaseShadingEditor.cs: 10fe90e5375fc621d9f19b702723dc86 -> 
  custom:scripting/monoscript/fileName/Fisheye.cs: ad168996bfc8fa7824e22ed9b5548fe9 -> 
  custom:scripting/monoscript/fileName/Twirl.cs: 13260c2451d9e72af8c2f232859ba959 -> 
  custom:scripting/monoscript/fileName/ScreenOverlay.cs: 8b6e368a4e3d0df848783015d0ee2b1e -> 
  custom:video-encoder-webm-vp8: eb34c28f22e8b96e1ab97ce403110664 -> 
  custom:scripting/monoscript/fileName/CFX_LightIntensityFade.cs: cdc33b13e94fac5095d515fc63c5bc75 -> 
  custom:scripting/monoscript/fileName/Bloom.cs: 33cd4fe5846ab030762c2d9a63dce329 -> 
  custom:audio-decoder-ogg-vorbis: bf7c407c2cedff20999df2af8eb42d56 -> 
  custom:scripting/monoscript/fileName/Vortex.cs: d2f7738ed789b7a977f000ffd0cf8890 -> 
  custom:scripting/monoscript/fileName/ColorCorrectionCurvesEditor.cs: ba8c98b45b2e94f575e6b8aff77cc447 -> 
  custom:scripting/monoscript/fileName/TonemappingEditor.cs: edac4117593cd8c316e847cfa4a2c184 -> 
  custom:scripting/monoscript/fileName/DepthOfField.cs: d3ca753d15782e18ed3483b3a0afd175 -> 
  custom:scripting/monoscript/fileName/BloomEditor.cs: 43b3df46b7cb2255d2c1c8dbcafea8dc -> 
  custom:scripting/monoscript/fileName/WFX_Demo.cs: 16a8c51f1dc0063656a39d0352fd910f -> 
  custom:scripting/monoscript/fileName/VignetteAndChromaticAberrationEditor.cs: de7480822b02f6e7bbb6e752b450d6c9 -> 
  custom:scripting/monoscript/fileName/BloomOptimized.cs: deef391a4062215fa64b13290b34b1e5 -> 
  custom:scripting/monoscript/fileName/BloomAndFlares.cs: 8afb5ea14b913734370925506b923fb7 -> 
  custom:scripting/monoscript/fileName/VignetteAndChromaticAberration.cs: 6f7816e6c6a96eb38e8b34a3171a3d7a -> 
  custom:scripting/monoscript/fileName/GlobalFog.cs: cec4a166fe83b304dd694da080c37c22 -> 
  custom:scripting/monoscript/fileName/CFX_Demo_Translate.cs: c85e572516e08f311291871f16fd4e55 -> 
  custom:audio-encoder-webm-vorbis: bf7c407c2cedff20999df2af8eb42d56 -> 
  custom:scripting/monoscript/fileName/Tonemapping.cs: c9f290b3ad74cc49f26aca1f0af02743 -> 
  custom:scripting/monoscript/fileName/CFX_AutoDestructShuriken.cs: 7d622660cad3b608810f352fdbc5d485 -> 
  custom:scripting/monoscript/fileName/EdgeDetection.cs: 7e270773de6bd808e57f1eb909c3207a -> 
  custom:scripting/monoscript/fileName/ColorCorrectionCurves.cs: 0fe9ce599982e40ac8aba010733d7bdc -> 
  custom:scripting/monoscript/fileName/ColorCorrectionRamp.cs: a7e8fab02fd9ee3f41f3660b4752114a -> 
  custom:scripting/monoscript/fileName/NoiseAndScratches.cs: e0c1886d5a6b335ec4861c2068c91d03 -> 
  custom:scripting/monoscript/fileName/WFX_Demo_New.cs: 225d44912cd20a0c8b007d7146330c83 -> 
========================================================================
Received Import Request.
  Time since last request: 16113.741809 seconds.
  path: Assets/Fantasy Skybox FREE/Scenes/Textures (Terrain)/Brush_Flower.png
  artifactKey: Guid(0d383f0cd0395064eb4b64619b2840f3) Importer(815301076,1909f56bfc062723c751e8b465ee728b)
Start importing Assets/Fantasy Skybox FREE/Scenes/Textures (Terrain)/Brush_Flower.png using Guid(0d383f0cd0395064eb4b64619b2840f3) Importer(815301076,1909f56bfc062723c751e8b465ee728b)  -> (artifact id: '0ed560fb560705c2126f6f3d8e328223') in 0.136316 seconds
Number of updated asset objects reloaded before import = 0
Number of asset objects unloaded after import = 2
========================================================================
Received Import Request.
  Time since last request: 1.776161 seconds.
  path: Assets/Polytope Studio/Lowpoly_Environments/Sources/Textures/PT_Grass_01.png
  artifactKey: Guid(1b92b31acbcdce24ba9dc6d01dbc2e84) Importer(815301076,1909f56bfc062723c751e8b465ee728b)
Start importing Assets/Polytope Studio/Lowpoly_Environments/Sources/Textures/PT_Grass_01.png using Guid(1b92b31acbcdce24ba9dc6d01dbc2e84) Importer(815301076,1909f56bfc062723c751e8b465ee728b)  -> (artifact id: '677180fbe14d8848d3f602647223fc4f') in 0.015506 seconds
Number of updated asset objects reloaded before import = 0
Number of asset objects unloaded after import = 2
========================================================================
Received Import Request.
  Time since last request: 0.000019 seconds.
  path: Assets/Polytope Studio/Lowpoly_Environments/Sources/Textures/PT_Grass_High_02.png
  artifactKey: Guid(4781e48c31bdfb74da8ba377aea81283) Importer(815301076,1909f56bfc062723c751e8b465ee728b)
Start importing Assets/Polytope Studio/Lowpoly_Environments/Sources/Textures/PT_Grass_High_02.png using Guid(4781e48c31bdfb74da8ba377aea81283) Importer(815301076,1909f56bfc062723c751e8b465ee728b)  -> (artifact id: '3bb6d91303f36c1b6c0ed8b52ea00df2') in 0.014298 seconds
Number of updated asset objects reloaded before import = 0
Number of asset objects unloaded after import = 2
========================================================================
Received Import Request.
  Time since last request: 14.053169 seconds.
  path: Assets/Polytope Studio/Lowpoly_Environments/Sources/Textures/PT_Fruit_Tree_Flowers_01.png
  artifactKey: Guid(724a83e90c1cd7b4b9d1b71dd08962b6) Importer(815301076,1909f56bfc062723c751e8b465ee728b)
Start importing Assets/Polytope Studio/Lowpoly_Environments/Sources/Textures/PT_Fruit_Tree_Flowers_01.png using Guid(724a83e90c1cd7b4b9d1b71dd08962b6) Importer(815301076,1909f56bfc062723c751e8b465ee728b)  -> (artifact id: '33711ced24f916930581612b375a98da') in 0.028926 seconds
Number of updated asset objects reloaded before import = 0
Number of asset objects unloaded after import = 2
========================================================================
Received Import Request.
  Time since last request: 0.000018 seconds.
  path: Assets/Polytope Studio/Lowpoly_Environments/Sources/Textures/PT_Runes_02.png
  artifactKey: Guid(d329461fd2714384088c78ea5f4c2765) Importer(815301076,1909f56bfc062723c751e8b465ee728b)
Start importing Assets/Polytope Studio/Lowpoly_Environments/Sources/Textures/PT_Runes_02.png using Guid(d329461fd2714384088c78ea5f4c2765) Importer(815301076,1909f56bfc062723c751e8b465ee728b)  -> (artifact id: '71c7785d26a84dcc07ab88fa0be88008') in 0.029918 seconds
Number of updated asset objects reloaded before import = 0
Number of asset objects unloaded after import = 2
========================================================================
Received Import Request.
  Time since last request: 0.000015 seconds.
  path: Assets/Polytope Studio/Lowpoly_Environments/Sources/Textures/PT_Skybox_Texture_01.png
  artifactKey: Guid(d8b9a114dc91e7d4e9885d54ca9d957f) Importer(815301076,1909f56bfc062723c751e8b465ee728b)
Start importing Assets/Polytope Studio/Lowpoly_Environments/Sources/Textures/PT_Skybox_Texture_01.png using Guid(d8b9a114dc91e7d4e9885d54ca9d957f) Importer(815301076,1909f56bfc062723c751e8b465ee728b)  -> (artifact id: 'b054973ec79edb22cbef97d73f1af5e1') in 0.107039 seconds
Number of updated asset objects reloaded before import = 0
Number of asset objects unloaded after import = 1
========================================================================
Received Prepare
Begin MonoManager ReloadAssembly
- Loaded All Assemblies, in  0.555 seconds
Refreshing native plugins compatible for Editor in 5.52 ms, found 3 plugins.
Native extension for WindowsStandalone target not found
Native extension for WebGL target not found
Mono: successfully reloaded assembly
- Finished resetting the current domain, in  1.348 seconds
Domain Reload Profiling: 1898ms
	BeginReloadAssembly (192ms)
		ExecutionOrderSort (0ms)
		DisableScriptedObjects (6ms)
		BackupInstance (0ms)
		ReleaseScriptingObjects (0ms)
		CreateAndSetChildDomain (39ms)
	RebuildCommonClasses (41ms)
	RebuildNativeTypeToScriptingClass (13ms)
	initialDomainReloadingComplete (41ms)
	LoadAllAssembliesAndSetupDomain (263ms)
		LoadAssemblies (356ms)
		RebuildTransferFunctionScriptingTraits (0ms)
		AnalyzeDomain (16ms)
			TypeCache.Refresh (8ms)
				TypeCache.ScanAssembly (0ms)
			ScanForSourceGeneratedMonoScriptInfo (0ms)
			ResolveRequiredComponents (6ms)
	FinalizeReload (1348ms)
		ReleaseScriptCaches (0ms)
		RebuildScriptCaches (0ms)
		SetupLoadedEditorAssemblies (630ms)
			LogAssemblyErrors (0ms)
			InitializePlatformSupportModulesInManaged (11ms)
			SetLoadedEditorAssemblies (5ms)
			RefreshPlugins (0ms)
			BeforeProcessingInitializeOnLoad (80ms)
			ProcessInitializeOnLoadAttributes (492ms)
			ProcessInitializeOnLoadMethodAttributes (29ms)
			AfterProcessingInitializeOnLoad (13ms)
			EditorAssembliesLoaded (0ms)
		ExecutionOrderSort2 (0ms)
		AwakeInstancesAfterBackupRestoration (14ms)
Refreshing native plugins compatible for Editor in 5.49 ms, found 3 plugins.
Preloading 0 native plugins for Editor in 0.00 ms.
Unloading 3099 Unused Serialized files (Serialized files now loaded: 0)
Unloading 25 unused Assets / (31.6 KB). Loaded Objects now: 3636.
Memory consumption went from 152.3 MB to 152.2 MB.
Total: 4.044600 ms (FindLiveObjects: 0.279800 ms CreateObjectMapping: 0.313700 ms MarkObjects: 3.364000 ms  DeleteObjects: 0.085700 ms)

Prepare: number of updated asset objects reloaded= 0
AssetImportParameters requested are different than current active one (requested -> active):
  custom:scripting/monoscript/fileName/CFX_SpawnSystem.cs: da90548e33a5ac9767c2ab325529961a -> 
  custom:scripting/monoscript/fileName/DepthOfFieldDeprecated.cs: 8700a90d2d763e9c01f08a0cd128cca8 -> 
  custom:scripting/monoscript/fileName/CameraMotionBlur.cs: 458c2b6f90eeea041921d89083a79e55 -> 
  custom:scripting/monoscript/fileName/ColorCorrectionLookupEditor.cs: a2fb9e7138550e9aa0e0de2d21737d42 -> 
  custom:scripting/monoscript/fileName/TiltShift.cs: 13ff1d7342528fc14a2e194c2bdc09fb -> 
  custom:container-demuxer-ogg: 62fdf1f143b41e24485cea50d1cbac27 -> 
  custom:scripting/monoscript/fileName/ScreenSpaceAmbientOcclusion.cs: 42eb6963a5f738a978938eb937f58d78 -> 
  custom:scripting/monoscript/fileName/DepthOfFieldEditor.cs: a3868cd4e6c6aec7c31ee3ed2b09abe8 -> 
  custom:scripting/monoscript/fileName/NoiseAndGrainEditor.cs: 0276e69b6de7374aa913d893485a004e -> 
  custom:video-decoder-ogg-theora: a1e56fd34408186e4bbccfd4996cb3dc -> 
  custom:scripting/monoscript/fileName/SunShafts.cs: abee30526487200fa16387df850e7daf -> 
  custom:scripting/monoscript/fileName/MotionBlur.cs: 7d52f2ac2c90424481a38c8ec7edb91c -> 
  custom:framework-win-MediaFoundation: 216162199b28c13a410421893ffa2e32 -> 
  custom:scripting/monoscript/fileName/CFXEasyEditor.cs: 975509eb43d0b0d90d19d984ce47d25d -> 
  custom:scripting/monoscript/fileName/Grayscale.cs: 87671e23fd2948061f63e16eb704f3a3 -> 
  custom:scripting/monoscript/fileName/WFX_Demo_RandomDir.cs: 83412d56870e7b7abf13729c1e4f5956 -> 
  custom:scripting/monoscript/fileName/CFX_Demo_RandomDir.cs: 06fce4b0d835d8793ccf8307925e464f -> 
  custom:scripting/monoscript/fileName/BlurOptimized.cs: a99dff34286593c12b0fab92e7c0da68 -> 
  custom:scripting/monoscript/fileName/CameraMotionBlurEditor.cs: 7c502cd6630e6f5609abadb3991d9ab2 -> 
  custom:scripting/monoscript/fileName/Quads.cs: 2f24050aded65dda899533ba7849a43c -> 
  custom:scripting/monoscript/fileName/Blur.cs: 16b33e375f19895ec61239c77165934f -> 
  custom:scripting/monoscript/fileName/DepthOfFieldDeprecatedEditor.cs: 9c0d6ba6950f727fa7ed1bfef973ec32 -> 
  custom:scripting/monoscript/fileName/ImageEffects.cs: fc49fae855f2f50655b411c31423a73d -> 
  custom:scripting/monoscript/fileName/WFX_LightFlicker.cs: 1dfc4e18a67da64c518b9518e62ac4fe -> 
  custom:scripting/monoscript/fileName/PostEffectsBase.cs: 6aabc5a6e1a831a9196622d2796540be -> 
  custom:CustomObjectIndexerAttribute: 9a22284fe3817be447336de3de66b15e -> 
  custom:scripting/monoscript/fileName/ColorCorrectionLookup.cs: cdade6b297f1c116727fa6035591313f -> 
  custom:scripting/monoscript/fileName/CFX_SpawnSystemEditor.cs: 8ef4ed7f7ca5c207cc3108bdafbacf7e -> 
  custom:container-demuxer-webm: 4f35f7cbe854078d1ac9338744f61a02 -> 
  custom:scripting/monoscript/fileName/Triangles.cs: 64f7a3839fbac059155d5ec1d8597e9c -> 
  custom:scripting/monoscript/fileName/SunShaftsEditor.cs: 14ff19bb08f48e5592630a8ef09a85a4 -> 
  custom:scripting/monoscript/fileName/ContrastStretch.cs: 606dc0496a32ea6e71f97dc962793c28 -> 
  custom:scripting/monoscript/fileName/CFX_Demo_RotateCamera.cs: 1b6c7bbcbc0a01f776aafda62612b729 -> 
  custom:scripting/monoscript/fileName/WFX_Demo_DeleteAfterDelay.cs: a8456c85d9636ec3b34432ce15771790 -> 
  custom:scripting/monoscript/fileName/EdgeDetectionEditor.cs: 4cca3302e9c064dba4f706ba0e5d7102 -> 
  custom:scripting/monoscript/fileName/WFX_BulletHoleDecal.cs: b2a50a5c52cc82fa50f26101cc423417 -> 
  custom:container-muxer-webm: aa71ff27fc2769a1b78a27578f13a17b -> 
  custom:scripting/monoscript/fileName/ContrastEnhance.cs: 25207a33818c5454fd86fad73189b2cd -> 
  custom:scripting/monoscript/fileName/WFX_Demo_Wall.cs: ebe32a1844666a18dc6e88646d62cdf3 -> 
  custom:video-decoder-webm-vp8: 9c59270c3fd7afecdb556c50c9e8de78 -> 
  custom:scripting/monoscript/fileName/CFX_AutoStopLoopedEffect.cs: 0a1116784d96426e30ae544ef0d48111 -> 
  custom:scripting/monoscript/fileName/PostEffectsHelper.cs: 5b0aade5ee85030099a328bfa56e17eb -> 
  custom:SearchIndexIgnoredProperties: e643bd26f0fe6173181afceb89e7c659 -> 
  custom:AudioImporter_EditorPlatform: d09bf68614088b80899f8185d706f6e7 -> 
  custom:scripting/monoscript/fileName/CreaseShading.cs: 5b17bf81bff982a9605309492401c574 -> 
  custom:scripting/monoscript/fileName/AntialiasingEditor.cs: cd1db322c4d4bac3e0fdd7740cc772c6 -> 
  custom:scripting/monoscript/fileName/Antialiasing.cs: bec6c7367bf7f3b527b25907b25d4102 -> 
  custom:scripting/monoscript/fileName/SepiaTone.cs: 67c7b044a145b042dba91a1a8d54f9f4 -> 
  custom:scripting/monoscript/fileName/ImageEffectBase.cs: 6d460e3d17a4175e44411c6923e62aed -> 
  custom:scripting/monoscript/fileName/NoiseAndGrain.cs: f4f7112c95c7474ffaf494b422803169 -> 
  custom:scripting/monoscript/fileName/BloomAndFlaresEditor.cs: 1f9e796d927ffcd86ccbfad6ec7007d5 -> 
  custom:scripting/monoscript/fileName/ScreenSpaceAmbientObscurance.cs: 958d0bf4e6842d24e3147fb5da01010e -> 
  custom:scripting/monoscript/fileName/CreaseShadingEditor.cs: 10fe90e5375fc621d9f19b702723dc86 -> 
  custom:scripting/monoscript/fileName/Fisheye.cs: ad168996bfc8fa7824e22ed9b5548fe9 -> 
  custom:scripting/monoscript/fileName/Twirl.cs: 13260c2451d9e72af8c2f232859ba959 -> 
  custom:scripting/monoscript/fileName/ScreenOverlay.cs: 8b6e368a4e3d0df848783015d0ee2b1e -> 
  custom:video-encoder-webm-vp8: eb34c28f22e8b96e1ab97ce403110664 -> 
  custom:scripting/monoscript/fileName/CFX_LightIntensityFade.cs: cdc33b13e94fac5095d515fc63c5bc75 -> 
  custom:scripting/monoscript/fileName/Bloom.cs: 33cd4fe5846ab030762c2d9a63dce329 -> 
  custom:audio-decoder-ogg-vorbis: bf7c407c2cedff20999df2af8eb42d56 -> 
  custom:scripting/monoscript/fileName/Vortex.cs: d2f7738ed789b7a977f000ffd0cf8890 -> 
  custom:scripting/monoscript/fileName/ColorCorrectionCurvesEditor.cs: ba8c98b45b2e94f575e6b8aff77cc447 -> 
  custom:scripting/monoscript/fileName/TonemappingEditor.cs: edac4117593cd8c316e847cfa4a2c184 -> 
  custom:scripting/monoscript/fileName/DepthOfField.cs: d3ca753d15782e18ed3483b3a0afd175 -> 
  custom:scripting/monoscript/fileName/BloomEditor.cs: 43b3df46b7cb2255d2c1c8dbcafea8dc -> 
  custom:scripting/monoscript/fileName/WFX_Demo.cs: 16a8c51f1dc0063656a39d0352fd910f -> 
  custom:scripting/monoscript/fileName/VignetteAndChromaticAberrationEditor.cs: de7480822b02f6e7bbb6e752b450d6c9 -> 
  custom:scripting/monoscript/fileName/BloomOptimized.cs: deef391a4062215fa64b13290b34b1e5 -> 
  custom:scripting/monoscript/fileName/BloomAndFlares.cs: 8afb5ea14b913734370925506b923fb7 -> 
  custom:scripting/monoscript/fileName/VignetteAndChromaticAberration.cs: 6f7816e6c6a96eb38e8b34a3171a3d7a -> 
  custom:scripting/monoscript/fileName/GlobalFog.cs: cec4a166fe83b304dd694da080c37c22 -> 
  custom:scripting/monoscript/fileName/CFX_Demo_Translate.cs: c85e572516e08f311291871f16fd4e55 -> 
  custom:audio-encoder-webm-vorbis: bf7c407c2cedff20999df2af8eb42d56 -> 
  custom:scripting/monoscript/fileName/Tonemapping.cs: c9f290b3ad74cc49f26aca1f0af02743 -> 
  custom:scripting/monoscript/fileName/CFX_AutoDestructShuriken.cs: 7d622660cad3b608810f352fdbc5d485 -> 
  custom:scripting/monoscript/fileName/EdgeDetection.cs: 7e270773de6bd808e57f1eb909c3207a -> 
  custom:scripting/monoscript/fileName/ColorCorrectionCurves.cs: 0fe9ce599982e40ac8aba010733d7bdc -> 
  custom:scripting/monoscript/fileName/ColorCorrectionRamp.cs: a7e8fab02fd9ee3f41f3660b4752114a -> 
  custom:scripting/monoscript/fileName/NoiseAndScratches.cs: e0c1886d5a6b335ec4861c2068c91d03 -> 
  custom:scripting/monoscript/fileName/WFX_Demo_New.cs: 225d44912cd20a0c8b007d7146330c83 -> 
========================================================================
Received Prepare
Begin MonoManager ReloadAssembly
- Loaded All Assemblies, in  0.553 seconds
Refreshing native plugins compatible for Editor in 5.09 ms, found 3 plugins.
Native extension for WindowsStandalone target not found
Native extension for WebGL target not found
Mono: successfully reloaded assembly
- Finished resetting the current domain, in  1.297 seconds
Domain Reload Profiling: 1845ms
	BeginReloadAssembly (187ms)
		ExecutionOrderSort (0ms)
		DisableScriptedObjects (7ms)
		BackupInstance (0ms)
		ReleaseScriptingObjects (0ms)
		CreateAndSetChildDomain (37ms)
	RebuildCommonClasses (40ms)
	RebuildNativeTypeToScriptingClass (14ms)
	initialDomainReloadingComplete (42ms)
	LoadAllAssembliesAndSetupDomain (263ms)
		LoadAssemblies (351ms)
		RebuildTransferFunctionScriptingTraits (0ms)
		AnalyzeDomain (17ms)
			TypeCache.Refresh (8ms)
				TypeCache.ScanAssembly (0ms)
			ScanForSourceGeneratedMonoScriptInfo (0ms)
			ResolveRequiredComponents (7ms)
	FinalizeReload (1298ms)
		ReleaseScriptCaches (0ms)
		RebuildScriptCaches (0ms)
		SetupLoadedEditorAssemblies (597ms)
			LogAssemblyErrors (0ms)
			InitializePlatformSupportModulesInManaged (12ms)
			SetLoadedEditorAssemblies (5ms)
			RefreshPlugins (0ms)
			BeforeProcessingInitializeOnLoad (81ms)
			ProcessInitializeOnLoadAttributes (457ms)
			ProcessInitializeOnLoadMethodAttributes (29ms)
			AfterProcessingInitializeOnLoad (14ms)
			EditorAssembliesLoaded (0ms)
		ExecutionOrderSort2 (0ms)
		AwakeInstancesAfterBackupRestoration (13ms)
Refreshing native plugins compatible for Editor in 5.27 ms, found 3 plugins.
Preloading 0 native plugins for Editor in 0.00 ms.
Unloading 3100 Unused Serialized files (Serialized files now loaded: 0)
Unloading 25 unused Assets / (31.6 KB). Loaded Objects now: 3639.
Memory consumption went from 152.5 MB to 152.5 MB.
Total: 4.294700 ms (FindLiveObjects: 0.338800 ms CreateObjectMapping: 0.298200 ms MarkObjects: 3.580200 ms  DeleteObjects: 0.076300 ms)

Prepare: number of updated asset objects reloaded= 0
AssetImportParameters requested are different than current active one (requested -> active):
  custom:scripting/monoscript/fileName/CFX_SpawnSystem.cs: da90548e33a5ac9767c2ab325529961a -> 
  custom:scripting/monoscript/fileName/DepthOfFieldDeprecated.cs: 8700a90d2d763e9c01f08a0cd128cca8 -> 
  custom:scripting/monoscript/fileName/CameraMotionBlur.cs: 458c2b6f90eeea041921d89083a79e55 -> 
  custom:scripting/monoscript/fileName/ColorCorrectionLookupEditor.cs: a2fb9e7138550e9aa0e0de2d21737d42 -> 
  custom:scripting/monoscript/fileName/TiltShift.cs: 13ff1d7342528fc14a2e194c2bdc09fb -> 
  custom:container-demuxer-ogg: 62fdf1f143b41e24485cea50d1cbac27 -> 
  custom:scripting/monoscript/fileName/ScreenSpaceAmbientOcclusion.cs: 42eb6963a5f738a978938eb937f58d78 -> 
  custom:scripting/monoscript/fileName/DepthOfFieldEditor.cs: a3868cd4e6c6aec7c31ee3ed2b09abe8 -> 
  custom:scripting/monoscript/fileName/NoiseAndGrainEditor.cs: 0276e69b6de7374aa913d893485a004e -> 
  custom:video-decoder-ogg-theora: a1e56fd34408186e4bbccfd4996cb3dc -> 
  custom:scripting/monoscript/fileName/SunShafts.cs: abee30526487200fa16387df850e7daf -> 
  custom:scripting/monoscript/fileName/MotionBlur.cs: 7d52f2ac2c90424481a38c8ec7edb91c -> 
  custom:framework-win-MediaFoundation: 216162199b28c13a410421893ffa2e32 -> 
  custom:scripting/monoscript/fileName/CFXEasyEditor.cs: 975509eb43d0b0d90d19d984ce47d25d -> 
  custom:scripting/monoscript/fileName/Grayscale.cs: 87671e23fd2948061f63e16eb704f3a3 -> 
  custom:scripting/monoscript/fileName/WFX_Demo_RandomDir.cs: 83412d56870e7b7abf13729c1e4f5956 -> 
  custom:scripting/monoscript/fileName/CFX_Demo_RandomDir.cs: 06fce4b0d835d8793ccf8307925e464f -> 
  custom:scripting/monoscript/fileName/BlurOptimized.cs: a99dff34286593c12b0fab92e7c0da68 -> 
  custom:scripting/monoscript/fileName/CameraMotionBlurEditor.cs: 7c502cd6630e6f5609abadb3991d9ab2 -> 
  custom:scripting/monoscript/fileName/Quads.cs: 2f24050aded65dda899533ba7849a43c -> 
  custom:scripting/monoscript/fileName/Blur.cs: 16b33e375f19895ec61239c77165934f -> 
  custom:scripting/monoscript/fileName/DepthOfFieldDeprecatedEditor.cs: 9c0d6ba6950f727fa7ed1bfef973ec32 -> 
  custom:scripting/monoscript/fileName/ImageEffects.cs: fc49fae855f2f50655b411c31423a73d -> 
  custom:scripting/monoscript/fileName/WFX_LightFlicker.cs: 1dfc4e18a67da64c518b9518e62ac4fe -> 
  custom:scripting/monoscript/fileName/PostEffectsBase.cs: 6aabc5a6e1a831a9196622d2796540be -> 
  custom:CustomObjectIndexerAttribute: 9a22284fe3817be447336de3de66b15e -> 
  custom:scripting/monoscript/fileName/ColorCorrectionLookup.cs: cdade6b297f1c116727fa6035591313f -> 
  custom:scripting/monoscript/fileName/CFX_SpawnSystemEditor.cs: 8ef4ed7f7ca5c207cc3108bdafbacf7e -> 
  custom:container-demuxer-webm: 4f35f7cbe854078d1ac9338744f61a02 -> 
  custom:scripting/monoscript/fileName/Triangles.cs: 64f7a3839fbac059155d5ec1d8597e9c -> 
  custom:scripting/monoscript/fileName/SunShaftsEditor.cs: 14ff19bb08f48e5592630a8ef09a85a4 -> 
  custom:scripting/monoscript/fileName/ContrastStretch.cs: 606dc0496a32ea6e71f97dc962793c28 -> 
  custom:scripting/monoscript/fileName/CFX_Demo_RotateCamera.cs: 1b6c7bbcbc0a01f776aafda62612b729 -> 
  custom:scripting/monoscript/fileName/WFX_Demo_DeleteAfterDelay.cs: a8456c85d9636ec3b34432ce15771790 -> 
  custom:scripting/monoscript/fileName/EdgeDetectionEditor.cs: 4cca3302e9c064dba4f706ba0e5d7102 -> 
  custom:scripting/monoscript/fileName/WFX_BulletHoleDecal.cs: b2a50a5c52cc82fa50f26101cc423417 -> 
  custom:container-muxer-webm: aa71ff27fc2769a1b78a27578f13a17b -> 
  custom:scripting/monoscript/fileName/ContrastEnhance.cs: 25207a33818c5454fd86fad73189b2cd -> 
  custom:scripting/monoscript/fileName/WFX_Demo_Wall.cs: ebe32a1844666a18dc6e88646d62cdf3 -> 
  custom:video-decoder-webm-vp8: 9c59270c3fd7afecdb556c50c9e8de78 -> 
  custom:scripting/monoscript/fileName/CFX_AutoStopLoopedEffect.cs: 0a1116784d96426e30ae544ef0d48111 -> 
  custom:scripting/monoscript/fileName/PostEffectsHelper.cs: 5b0aade5ee85030099a328bfa56e17eb -> 
  custom:SearchIndexIgnoredProperties: e643bd26f0fe6173181afceb89e7c659 -> 
  custom:AudioImporter_EditorPlatform: d09bf68614088b80899f8185d706f6e7 -> 
  custom:scripting/monoscript/fileName/CreaseShading.cs: 5b17bf81bff982a9605309492401c574 -> 
  custom:scripting/monoscript/fileName/AntialiasingEditor.cs: cd1db322c4d4bac3e0fdd7740cc772c6 -> 
  custom:scripting/monoscript/fileName/Antialiasing.cs: bec6c7367bf7f3b527b25907b25d4102 -> 
  custom:scripting/monoscript/fileName/SepiaTone.cs: 67c7b044a145b042dba91a1a8d54f9f4 -> 
  custom:scripting/monoscript/fileName/ImageEffectBase.cs: 6d460e3d17a4175e44411c6923e62aed -> 
  custom:scripting/monoscript/fileName/NoiseAndGrain.cs: f4f7112c95c7474ffaf494b422803169 -> 
  custom:scripting/monoscript/fileName/BloomAndFlaresEditor.cs: 1f9e796d927ffcd86ccbfad6ec7007d5 -> 
  custom:scripting/monoscript/fileName/ScreenSpaceAmbientObscurance.cs: 958d0bf4e6842d24e3147fb5da01010e -> 
  custom:scripting/monoscript/fileName/CreaseShadingEditor.cs: 10fe90e5375fc621d9f19b702723dc86 -> 
  custom:scripting/monoscript/fileName/Fisheye.cs: ad168996bfc8fa7824e22ed9b5548fe9 -> 
  custom:scripting/monoscript/fileName/Twirl.cs: 13260c2451d9e72af8c2f232859ba959 -> 
  custom:scripting/monoscript/fileName/ScreenOverlay.cs: 8b6e368a4e3d0df848783015d0ee2b1e -> 
  custom:video-encoder-webm-vp8: eb34c28f22e8b96e1ab97ce403110664 -> 
  custom:scripting/monoscript/fileName/CFX_LightIntensityFade.cs: cdc33b13e94fac5095d515fc63c5bc75 -> 
  custom:scripting/monoscript/fileName/Bloom.cs: 33cd4fe5846ab030762c2d9a63dce329 -> 
  custom:audio-decoder-ogg-vorbis: bf7c407c2cedff20999df2af8eb42d56 -> 
  custom:scripting/monoscript/fileName/Vortex.cs: d2f7738ed789b7a977f000ffd0cf8890 -> 
  custom:scripting/monoscript/fileName/ColorCorrectionCurvesEditor.cs: ba8c98b45b2e94f575e6b8aff77cc447 -> 
  custom:scripting/monoscript/fileName/TonemappingEditor.cs: edac4117593cd8c316e847cfa4a2c184 -> 
  custom:scripting/monoscript/fileName/DepthOfField.cs: d3ca753d15782e18ed3483b3a0afd175 -> 
  custom:scripting/monoscript/fileName/BloomEditor.cs: 43b3df46b7cb2255d2c1c8dbcafea8dc -> 
  custom:scripting/monoscript/fileName/WFX_Demo.cs: 16a8c51f1dc0063656a39d0352fd910f -> 
  custom:scripting/monoscript/fileName/VignetteAndChromaticAberrationEditor.cs: de7480822b02f6e7bbb6e752b450d6c9 -> 
  custom:scripting/monoscript/fileName/BloomOptimized.cs: deef391a4062215fa64b13290b34b1e5 -> 
  custom:scripting/monoscript/fileName/BloomAndFlares.cs: 8afb5ea14b913734370925506b923fb7 -> 
  custom:scripting/monoscript/fileName/VignetteAndChromaticAberration.cs: 6f7816e6c6a96eb38e8b34a3171a3d7a -> 
  custom:scripting/monoscript/fileName/GlobalFog.cs: cec4a166fe83b304dd694da080c37c22 -> 
  custom:scripting/monoscript/fileName/CFX_Demo_Translate.cs: c85e572516e08f311291871f16fd4e55 -> 
  custom:audio-encoder-webm-vorbis: bf7c407c2cedff20999df2af8eb42d56 -> 
  custom:scripting/monoscript/fileName/Tonemapping.cs: c9f290b3ad74cc49f26aca1f0af02743 -> 
  custom:scripting/monoscript/fileName/CFX_AutoDestructShuriken.cs: 7d622660cad3b608810f352fdbc5d485 -> 
  custom:scripting/monoscript/fileName/EdgeDetection.cs: 7e270773de6bd808e57f1eb909c3207a -> 
  custom:scripting/monoscript/fileName/ColorCorrectionCurves.cs: 0fe9ce599982e40ac8aba010733d7bdc -> 
  custom:scripting/monoscript/fileName/ColorCorrectionRamp.cs: a7e8fab02fd9ee3f41f3660b4752114a -> 
  custom:scripting/monoscript/fileName/NoiseAndScratches.cs: e0c1886d5a6b335ec4861c2068c91d03 -> 
  custom:scripting/monoscript/fileName/WFX_Demo_New.cs: 225d44912cd20a0c8b007d7146330c83 -> 
========================================================================
Received Prepare
Begin MonoManager ReloadAssembly
- Loaded All Assemblies, in  0.594 seconds
Refreshing native plugins compatible for Editor in 5.51 ms, found 3 plugins.
Native extension for WindowsStandalone target not found
Native extension for WebGL target not found
Mono: successfully reloaded assembly
- Finished resetting the current domain, in  1.247 seconds
Domain Reload Profiling: 1837ms
	BeginReloadAssembly (199ms)
		ExecutionOrderSort (0ms)
		DisableScriptedObjects (6ms)
		BackupInstance (0ms)
		ReleaseScriptingObjects (0ms)
		CreateAndSetChildDomain (43ms)
	RebuildCommonClasses (51ms)
	RebuildNativeTypeToScriptingClass (15ms)
	initialDomainReloadingComplete (42ms)
	LoadAllAssembliesAndSetupDomain (282ms)
		LoadAssemblies (376ms)
		RebuildTransferFunctionScriptingTraits (0ms)
		AnalyzeDomain (18ms)
			TypeCache.Refresh (8ms)
				TypeCache.ScanAssembly (0ms)
			ScanForSourceGeneratedMonoScriptInfo (0ms)
			ResolveRequiredComponents (7ms)
	FinalizeReload (1248ms)
		ReleaseScriptCaches (0ms)
		RebuildScriptCaches (0ms)
		SetupLoadedEditorAssemblies (553ms)
			LogAssemblyErrors (0ms)
			InitializePlatformSupportModulesInManaged (11ms)
			SetLoadedEditorAssemblies (4ms)
			RefreshPlugins (0ms)
			BeforeProcessingInitializeOnLoad (74ms)
			ProcessInitializeOnLoadAttributes (424ms)
			ProcessInitializeOnLoadMethodAttributes (28ms)
			AfterProcessingInitializeOnLoad (12ms)
			EditorAssembliesLoaded (0ms)
		ExecutionOrderSort2 (0ms)
		AwakeInstancesAfterBackupRestoration (13ms)
Refreshing native plugins compatible for Editor in 7.53 ms, found 3 plugins.
Preloading 0 native plugins for Editor in 0.00 ms.
Unloading 3100 Unused Serialized files (Serialized files now loaded: 0)
Unloading 25 unused Assets / (31.6 KB). Loaded Objects now: 3642.
Memory consumption went from 152.5 MB to 152.5 MB.
Total: 4.058500 ms (FindLiveObjects: 0.400000 ms CreateObjectMapping: 0.389500 ms MarkObjects: 3.203200 ms  DeleteObjects: 0.064700 ms)

Prepare: number of updated asset objects reloaded= 0
AssetImportParameters requested are different than current active one (requested -> active):
  custom:scripting/monoscript/fileName/CFX_SpawnSystem.cs: da90548e33a5ac9767c2ab325529961a -> 
  custom:scripting/monoscript/fileName/DepthOfFieldDeprecated.cs: 8700a90d2d763e9c01f08a0cd128cca8 -> 
  custom:scripting/monoscript/fileName/CameraMotionBlur.cs: 458c2b6f90eeea041921d89083a79e55 -> 
  custom:scripting/monoscript/fileName/ColorCorrectionLookupEditor.cs: a2fb9e7138550e9aa0e0de2d21737d42 -> 
  custom:scripting/monoscript/fileName/TiltShift.cs: 13ff1d7342528fc14a2e194c2bdc09fb -> 
  custom:container-demuxer-ogg: 62fdf1f143b41e24485cea50d1cbac27 -> 
  custom:scripting/monoscript/fileName/ScreenSpaceAmbientOcclusion.cs: 42eb6963a5f738a978938eb937f58d78 -> 
  custom:scripting/monoscript/fileName/DepthOfFieldEditor.cs: a3868cd4e6c6aec7c31ee3ed2b09abe8 -> 
  custom:scripting/monoscript/fileName/NoiseAndGrainEditor.cs: 0276e69b6de7374aa913d893485a004e -> 
  custom:video-decoder-ogg-theora: a1e56fd34408186e4bbccfd4996cb3dc -> 
  custom:scripting/monoscript/fileName/SunShafts.cs: abee30526487200fa16387df850e7daf -> 
  custom:scripting/monoscript/fileName/MotionBlur.cs: 7d52f2ac2c90424481a38c8ec7edb91c -> 
  custom:framework-win-MediaFoundation: 216162199b28c13a410421893ffa2e32 -> 
  custom:scripting/monoscript/fileName/CFXEasyEditor.cs: 975509eb43d0b0d90d19d984ce47d25d -> 
  custom:scripting/monoscript/fileName/Grayscale.cs: 87671e23fd2948061f63e16eb704f3a3 -> 
  custom:scripting/monoscript/fileName/WFX_Demo_RandomDir.cs: 83412d56870e7b7abf13729c1e4f5956 -> 
  custom:scripting/monoscript/fileName/CFX_Demo_RandomDir.cs: 06fce4b0d835d8793ccf8307925e464f -> 
  custom:scripting/monoscript/fileName/BlurOptimized.cs: a99dff34286593c12b0fab92e7c0da68 -> 
  custom:scripting/monoscript/fileName/CameraMotionBlurEditor.cs: 7c502cd6630e6f5609abadb3991d9ab2 -> 
  custom:scripting/monoscript/fileName/Quads.cs: 2f24050aded65dda899533ba7849a43c -> 
  custom:scripting/monoscript/fileName/Blur.cs: 16b33e375f19895ec61239c77165934f -> 
  custom:scripting/monoscript/fileName/DepthOfFieldDeprecatedEditor.cs: 9c0d6ba6950f727fa7ed1bfef973ec32 -> 
  custom:scripting/monoscript/fileName/ImageEffects.cs: fc49fae855f2f50655b411c31423a73d -> 
  custom:scripting/monoscript/fileName/WFX_LightFlicker.cs: 1dfc4e18a67da64c518b9518e62ac4fe -> 
  custom:scripting/monoscript/fileName/PostEffectsBase.cs: 6aabc5a6e1a831a9196622d2796540be -> 
  custom:CustomObjectIndexerAttribute: 9a22284fe3817be447336de3de66b15e -> 
  custom:scripting/monoscript/fileName/ColorCorrectionLookup.cs: cdade6b297f1c116727fa6035591313f -> 
  custom:scripting/monoscript/fileName/CFX_SpawnSystemEditor.cs: 8ef4ed7f7ca5c207cc3108bdafbacf7e -> 
  custom:container-demuxer-webm: 4f35f7cbe854078d1ac9338744f61a02 -> 
  custom:scripting/monoscript/fileName/Triangles.cs: 64f7a3839fbac059155d5ec1d8597e9c -> 
  custom:scripting/monoscript/fileName/SunShaftsEditor.cs: 14ff19bb08f48e5592630a8ef09a85a4 -> 
  custom:scripting/monoscript/fileName/ContrastStretch.cs: 606dc0496a32ea6e71f97dc962793c28 -> 
  custom:scripting/monoscript/fileName/CFX_Demo_RotateCamera.cs: 1b6c7bbcbc0a01f776aafda62612b729 -> 
  custom:scripting/monoscript/fileName/WFX_Demo_DeleteAfterDelay.cs: a8456c85d9636ec3b34432ce15771790 -> 
  custom:scripting/monoscript/fileName/EdgeDetectionEditor.cs: 4cca3302e9c064dba4f706ba0e5d7102 -> 
  custom:scripting/monoscript/fileName/WFX_BulletHoleDecal.cs: b2a50a5c52cc82fa50f26101cc423417 -> 
  custom:container-muxer-webm: aa71ff27fc2769a1b78a27578f13a17b -> 
  custom:scripting/monoscript/fileName/ContrastEnhance.cs: 25207a33818c5454fd86fad73189b2cd -> 
  custom:scripting/monoscript/fileName/WFX_Demo_Wall.cs: ebe32a1844666a18dc6e88646d62cdf3 -> 
  custom:video-decoder-webm-vp8: 9c59270c3fd7afecdb556c50c9e8de78 -> 
  custom:scripting/monoscript/fileName/CFX_AutoStopLoopedEffect.cs: 0a1116784d96426e30ae544ef0d48111 -> 
  custom:scripting/monoscript/fileName/PostEffectsHelper.cs: 5b0aade5ee85030099a328bfa56e17eb -> 
  custom:SearchIndexIgnoredProperties: e643bd26f0fe6173181afceb89e7c659 -> 
  custom:AudioImporter_EditorPlatform: d09bf68614088b80899f8185d706f6e7 -> 
  custom:scripting/monoscript/fileName/CreaseShading.cs: 5b17bf81bff982a9605309492401c574 -> 
  custom:scripting/monoscript/fileName/AntialiasingEditor.cs: cd1db322c4d4bac3e0fdd7740cc772c6 -> 
  custom:scripting/monoscript/fileName/Antialiasing.cs: bec6c7367bf7f3b527b25907b25d4102 -> 
  custom:scripting/monoscript/fileName/SepiaTone.cs: 67c7b044a145b042dba91a1a8d54f9f4 -> 
  custom:scripting/monoscript/fileName/ImageEffectBase.cs: 6d460e3d17a4175e44411c6923e62aed -> 
  custom:scripting/monoscript/fileName/NoiseAndGrain.cs: f4f7112c95c7474ffaf494b422803169 -> 
  custom:scripting/monoscript/fileName/BloomAndFlaresEditor.cs: 1f9e796d927ffcd86ccbfad6ec7007d5 -> 
  custom:scripting/monoscript/fileName/ScreenSpaceAmbientObscurance.cs: 958d0bf4e6842d24e3147fb5da01010e -> 
  custom:scripting/monoscript/fileName/CreaseShadingEditor.cs: 10fe90e5375fc621d9f19b702723dc86 -> 
  custom:scripting/monoscript/fileName/Fisheye.cs: ad168996bfc8fa7824e22ed9b5548fe9 -> 
  custom:scripting/monoscript/fileName/Twirl.cs: 13260c2451d9e72af8c2f232859ba959 -> 
  custom:scripting/monoscript/fileName/ScreenOverlay.cs: 8b6e368a4e3d0df848783015d0ee2b1e -> 
  custom:video-encoder-webm-vp8: eb34c28f22e8b96e1ab97ce403110664 -> 
  custom:scripting/monoscript/fileName/CFX_LightIntensityFade.cs: cdc33b13e94fac5095d515fc63c5bc75 -> 
  custom:scripting/monoscript/fileName/Bloom.cs: 33cd4fe5846ab030762c2d9a63dce329 -> 
  custom:audio-decoder-ogg-vorbis: bf7c407c2cedff20999df2af8eb42d56 -> 
  custom:scripting/monoscript/fileName/Vortex.cs: d2f7738ed789b7a977f000ffd0cf8890 -> 
  custom:scripting/monoscript/fileName/ColorCorrectionCurvesEditor.cs: ba8c98b45b2e94f575e6b8aff77cc447 -> 
  custom:scripting/monoscript/fileName/TonemappingEditor.cs: edac4117593cd8c316e847cfa4a2c184 -> 
  custom:scripting/monoscript/fileName/DepthOfField.cs: d3ca753d15782e18ed3483b3a0afd175 -> 
  custom:scripting/monoscript/fileName/BloomEditor.cs: 43b3df46b7cb2255d2c1c8dbcafea8dc -> 
  custom:scripting/monoscript/fileName/WFX_Demo.cs: 16a8c51f1dc0063656a39d0352fd910f -> 
  custom:scripting/monoscript/fileName/VignetteAndChromaticAberrationEditor.cs: de7480822b02f6e7bbb6e752b450d6c9 -> 
  custom:scripting/monoscript/fileName/BloomOptimized.cs: deef391a4062215fa64b13290b34b1e5 -> 
  custom:scripting/monoscript/fileName/BloomAndFlares.cs: 8afb5ea14b913734370925506b923fb7 -> 
  custom:scripting/monoscript/fileName/VignetteAndChromaticAberration.cs: 6f7816e6c6a96eb38e8b34a3171a3d7a -> 
  custom:scripting/monoscript/fileName/GlobalFog.cs: cec4a166fe83b304dd694da080c37c22 -> 
  custom:scripting/monoscript/fileName/CFX_Demo_Translate.cs: c85e572516e08f311291871f16fd4e55 -> 
  custom:audio-encoder-webm-vorbis: bf7c407c2cedff20999df2af8eb42d56 -> 
  custom:scripting/monoscript/fileName/Tonemapping.cs: c9f290b3ad74cc49f26aca1f0af02743 -> 
  custom:scripting/monoscript/fileName/CFX_AutoDestructShuriken.cs: 7d622660cad3b608810f352fdbc5d485 -> 
  custom:scripting/monoscript/fileName/EdgeDetection.cs: 7e270773de6bd808e57f1eb909c3207a -> 
  custom:scripting/monoscript/fileName/ColorCorrectionCurves.cs: 0fe9ce599982e40ac8aba010733d7bdc -> 
  custom:scripting/monoscript/fileName/ColorCorrectionRamp.cs: a7e8fab02fd9ee3f41f3660b4752114a -> 
  custom:scripting/monoscript/fileName/NoiseAndScratches.cs: e0c1886d5a6b335ec4861c2068c91d03 -> 
  custom:scripting/monoscript/fileName/WFX_Demo_New.cs: 225d44912cd20a0c8b007d7146330c83 -> 
========================================================================
Received Prepare
Begin MonoManager ReloadAssembly
- Loaded All Assemblies, in  0.522 seconds
Refreshing native plugins compatible for Editor in 5.52 ms, found 3 plugins.
Native extension for WindowsStandalone target not found
Native extension for WebGL target not found
Mono: successfully reloaded assembly
- Finished resetting the current domain, in  1.397 seconds
Domain Reload Profiling: 1915ms
	BeginReloadAssembly (175ms)
		ExecutionOrderSort (0ms)
		DisableScriptedObjects (5ms)
		BackupInstance (0ms)
		ReleaseScriptingObjects (0ms)
		CreateAndSetChildDomain (37ms)
	RebuildCommonClasses (38ms)
	RebuildNativeTypeToScriptingClass (13ms)
	initialDomainReloadingComplete (41ms)
	LoadAllAssembliesAndSetupDomain (251ms)
		LoadAssemblies (332ms)
		RebuildTransferFunctionScriptingTraits (0ms)
		AnalyzeDomain (17ms)
			TypeCache.Refresh (7ms)
				TypeCache.ScanAssembly (0ms)
			ScanForSourceGeneratedMonoScriptInfo (0ms)
			ResolveRequiredComponents (7ms)
	FinalizeReload (1398ms)
		ReleaseScriptCaches (0ms)
		RebuildScriptCaches (0ms)
		SetupLoadedEditorAssemblies (624ms)
			LogAssemblyErrors (0ms)
			InitializePlatformSupportModulesInManaged (12ms)
			SetLoadedEditorAssemblies (4ms)
			RefreshPlugins (0ms)
			BeforeProcessingInitializeOnLoad (89ms)
			ProcessInitializeOnLoadAttributes (470ms)
			ProcessInitializeOnLoadMethodAttributes (36ms)
			AfterProcessingInitializeOnLoad (14ms)
			EditorAssembliesLoaded (0ms)
		ExecutionOrderSort2 (0ms)
		AwakeInstancesAfterBackupRestoration (14ms)
Refreshing native plugins compatible for Editor in 6.19 ms, found 3 plugins.
Preloading 0 native plugins for Editor in 0.00 ms.
Unloading 3100 Unused Serialized files (Serialized files now loaded: 0)
Unloading 25 unused Assets / (31.7 KB). Loaded Objects now: 3645.
Memory consumption went from 152.5 MB to 152.5 MB.
Total: 3.135400 ms (FindLiveObjects: 0.290600 ms CreateObjectMapping: 0.281600 ms MarkObjects: 2.485100 ms  DeleteObjects: 0.076800 ms)

Prepare: number of updated asset objects reloaded= 0
AssetImportParameters requested are different than current active one (requested -> active):
  custom:scripting/monoscript/fileName/CFX_SpawnSystem.cs: da90548e33a5ac9767c2ab325529961a -> 
  custom:scripting/monoscript/fileName/DepthOfFieldDeprecated.cs: 8700a90d2d763e9c01f08a0cd128cca8 -> 
  custom:scripting/monoscript/fileName/CameraMotionBlur.cs: 458c2b6f90eeea041921d89083a79e55 -> 
  custom:scripting/monoscript/fileName/ColorCorrectionLookupEditor.cs: a2fb9e7138550e9aa0e0de2d21737d42 -> 
  custom:scripting/monoscript/fileName/TiltShift.cs: 13ff1d7342528fc14a2e194c2bdc09fb -> 
  custom:container-demuxer-ogg: 62fdf1f143b41e24485cea50d1cbac27 -> 
  custom:scripting/monoscript/fileName/ScreenSpaceAmbientOcclusion.cs: 42eb6963a5f738a978938eb937f58d78 -> 
  custom:scripting/monoscript/fileName/DepthOfFieldEditor.cs: a3868cd4e6c6aec7c31ee3ed2b09abe8 -> 
  custom:scripting/monoscript/fileName/NoiseAndGrainEditor.cs: 0276e69b6de7374aa913d893485a004e -> 
  custom:video-decoder-ogg-theora: a1e56fd34408186e4bbccfd4996cb3dc -> 
  custom:scripting/monoscript/fileName/SunShafts.cs: abee30526487200fa16387df850e7daf -> 
  custom:scripting/monoscript/fileName/MotionBlur.cs: 7d52f2ac2c90424481a38c8ec7edb91c -> 
  custom:framework-win-MediaFoundation: 216162199b28c13a410421893ffa2e32 -> 
  custom:scripting/monoscript/fileName/CFXEasyEditor.cs: 975509eb43d0b0d90d19d984ce47d25d -> 
  custom:scripting/monoscript/fileName/Grayscale.cs: 87671e23fd2948061f63e16eb704f3a3 -> 
  custom:scripting/monoscript/fileName/WFX_Demo_RandomDir.cs: 83412d56870e7b7abf13729c1e4f5956 -> 
  custom:scripting/monoscript/fileName/CFX_Demo_RandomDir.cs: 06fce4b0d835d8793ccf8307925e464f -> 
  custom:scripting/monoscript/fileName/BlurOptimized.cs: a99dff34286593c12b0fab92e7c0da68 -> 
  custom:scripting/monoscript/fileName/CameraMotionBlurEditor.cs: 7c502cd6630e6f5609abadb3991d9ab2 -> 
  custom:scripting/monoscript/fileName/Quads.cs: 2f24050aded65dda899533ba7849a43c -> 
  custom:scripting/monoscript/fileName/Blur.cs: 16b33e375f19895ec61239c77165934f -> 
  custom:scripting/monoscript/fileName/DepthOfFieldDeprecatedEditor.cs: 9c0d6ba6950f727fa7ed1bfef973ec32 -> 
  custom:scripting/monoscript/fileName/ImageEffects.cs: fc49fae855f2f50655b411c31423a73d -> 
  custom:scripting/monoscript/fileName/WFX_LightFlicker.cs: 1dfc4e18a67da64c518b9518e62ac4fe -> 
  custom:scripting/monoscript/fileName/PostEffectsBase.cs: 6aabc5a6e1a831a9196622d2796540be -> 
  custom:CustomObjectIndexerAttribute: 9a22284fe3817be447336de3de66b15e -> 
  custom:scripting/monoscript/fileName/ColorCorrectionLookup.cs: cdade6b297f1c116727fa6035591313f -> 
  custom:scripting/monoscript/fileName/CFX_SpawnSystemEditor.cs: 8ef4ed7f7ca5c207cc3108bdafbacf7e -> 
  custom:container-demuxer-webm: 4f35f7cbe854078d1ac9338744f61a02 -> 
  custom:scripting/monoscript/fileName/Triangles.cs: 64f7a3839fbac059155d5ec1d8597e9c -> 
  custom:scripting/monoscript/fileName/SunShaftsEditor.cs: 14ff19bb08f48e5592630a8ef09a85a4 -> 
  custom:scripting/monoscript/fileName/ContrastStretch.cs: 606dc0496a32ea6e71f97dc962793c28 -> 
  custom:scripting/monoscript/fileName/CFX_Demo_RotateCamera.cs: 1b6c7bbcbc0a01f776aafda62612b729 -> 
  custom:scripting/monoscript/fileName/WFX_Demo_DeleteAfterDelay.cs: a8456c85d9636ec3b34432ce15771790 -> 
  custom:scripting/monoscript/fileName/EdgeDetectionEditor.cs: 4cca3302e9c064dba4f706ba0e5d7102 -> 
  custom:scripting/monoscript/fileName/WFX_BulletHoleDecal.cs: b2a50a5c52cc82fa50f26101cc423417 -> 
  custom:container-muxer-webm: aa71ff27fc2769a1b78a27578f13a17b -> 
  custom:scripting/monoscript/fileName/ContrastEnhance.cs: 25207a33818c5454fd86fad73189b2cd -> 
  custom:scripting/monoscript/fileName/WFX_Demo_Wall.cs: ebe32a1844666a18dc6e88646d62cdf3 -> 
  custom:video-decoder-webm-vp8: 9c59270c3fd7afecdb556c50c9e8de78 -> 
  custom:scripting/monoscript/fileName/CFX_AutoStopLoopedEffect.cs: 0a1116784d96426e30ae544ef0d48111 -> 
  custom:scripting/monoscript/fileName/PostEffectsHelper.cs: 5b0aade5ee85030099a328bfa56e17eb -> 
  custom:SearchIndexIgnoredProperties: e643bd26f0fe6173181afceb89e7c659 -> 
  custom:AudioImporter_EditorPlatform: d09bf68614088b80899f8185d706f6e7 -> 
  custom:scripting/monoscript/fileName/CreaseShading.cs: 5b17bf81bff982a9605309492401c574 -> 
  custom:scripting/monoscript/fileName/AntialiasingEditor.cs: cd1db322c4d4bac3e0fdd7740cc772c6 -> 
  custom:scripting/monoscript/fileName/Antialiasing.cs: bec6c7367bf7f3b527b25907b25d4102 -> 
  custom:scripting/monoscript/fileName/SepiaTone.cs: 67c7b044a145b042dba91a1a8d54f9f4 -> 
  custom:scripting/monoscript/fileName/ImageEffectBase.cs: 6d460e3d17a4175e44411c6923e62aed -> 
  custom:scripting/monoscript/fileName/NoiseAndGrain.cs: f4f7112c95c7474ffaf494b422803169 -> 
  custom:scripting/monoscript/fileName/BloomAndFlaresEditor.cs: 1f9e796d927ffcd86ccbfad6ec7007d5 -> 
  custom:scripting/monoscript/fileName/ScreenSpaceAmbientObscurance.cs: 958d0bf4e6842d24e3147fb5da01010e -> 
  custom:scripting/monoscript/fileName/CreaseShadingEditor.cs: 10fe90e5375fc621d9f19b702723dc86 -> 
  custom:scripting/monoscript/fileName/Fisheye.cs: ad168996bfc8fa7824e22ed9b5548fe9 -> 
  custom:scripting/monoscript/fileName/Twirl.cs: 13260c2451d9e72af8c2f232859ba959 -> 
  custom:scripting/monoscript/fileName/ScreenOverlay.cs: 8b6e368a4e3d0df848783015d0ee2b1e -> 
  custom:video-encoder-webm-vp8: eb34c28f22e8b96e1ab97ce403110664 -> 
  custom:scripting/monoscript/fileName/CFX_LightIntensityFade.cs: cdc33b13e94fac5095d515fc63c5bc75 -> 
  custom:scripting/monoscript/fileName/Bloom.cs: 33cd4fe5846ab030762c2d9a63dce329 -> 
  custom:audio-decoder-ogg-vorbis: bf7c407c2cedff20999df2af8eb42d56 -> 
  custom:scripting/monoscript/fileName/Vortex.cs: d2f7738ed789b7a977f000ffd0cf8890 -> 
  custom:scripting/monoscript/fileName/ColorCorrectionCurvesEditor.cs: ba8c98b45b2e94f575e6b8aff77cc447 -> 
  custom:scripting/monoscript/fileName/TonemappingEditor.cs: edac4117593cd8c316e847cfa4a2c184 -> 
  custom:scripting/monoscript/fileName/DepthOfField.cs: d3ca753d15782e18ed3483b3a0afd175 -> 
  custom:scripting/monoscript/fileName/BloomEditor.cs: 43b3df46b7cb2255d2c1c8dbcafea8dc -> 
  custom:scripting/monoscript/fileName/WFX_Demo.cs: 16a8c51f1dc0063656a39d0352fd910f -> 
  custom:scripting/monoscript/fileName/VignetteAndChromaticAberrationEditor.cs: de7480822b02f6e7bbb6e752b450d6c9 -> 
  custom:scripting/monoscript/fileName/BloomOptimized.cs: deef391a4062215fa64b13290b34b1e5 -> 
  custom:scripting/monoscript/fileName/BloomAndFlares.cs: 8afb5ea14b913734370925506b923fb7 -> 
  custom:scripting/monoscript/fileName/VignetteAndChromaticAberration.cs: 6f7816e6c6a96eb38e8b34a3171a3d7a -> 
  custom:scripting/monoscript/fileName/GlobalFog.cs: cec4a166fe83b304dd694da080c37c22 -> 
  custom:scripting/monoscript/fileName/CFX_Demo_Translate.cs: c85e572516e08f311291871f16fd4e55 -> 
  custom:audio-encoder-webm-vorbis: bf7c407c2cedff20999df2af8eb42d56 -> 
  custom:scripting/monoscript/fileName/Tonemapping.cs: c9f290b3ad74cc49f26aca1f0af02743 -> 
  custom:scripting/monoscript/fileName/CFX_AutoDestructShuriken.cs: 7d622660cad3b608810f352fdbc5d485 -> 
  custom:scripting/monoscript/fileName/EdgeDetection.cs: 7e270773de6bd808e57f1eb909c3207a -> 
  custom:scripting/monoscript/fileName/ColorCorrectionCurves.cs: 0fe9ce599982e40ac8aba010733d7bdc -> 
  custom:scripting/monoscript/fileName/ColorCorrectionRamp.cs: a7e8fab02fd9ee3f41f3660b4752114a -> 
  custom:scripting/monoscript/fileName/NoiseAndScratches.cs: e0c1886d5a6b335ec4861c2068c91d03 -> 
  custom:scripting/monoscript/fileName/WFX_Demo_New.cs: 225d44912cd20a0c8b007d7146330c83 -> 
========================================================================
Received Prepare
Begin MonoManager ReloadAssembly
- Loaded All Assemblies, in  0.596 seconds
Refreshing native plugins compatible for Editor in 5.62 ms, found 3 plugins.
Native extension for WindowsStandalone target not found
Native extension for WebGL target not found
Mono: successfully reloaded assembly
- Finished resetting the current domain, in  1.377 seconds
Domain Reload Profiling: 1970ms
	BeginReloadAssembly (213ms)
		ExecutionOrderSort (0ms)
		DisableScriptedObjects (6ms)
		BackupInstance (0ms)
		ReleaseScriptingObjects (0ms)
		CreateAndSetChildDomain (42ms)
	RebuildCommonClasses (44ms)
	RebuildNativeTypeToScriptingClass (16ms)
	initialDomainReloadingComplete (42ms)
	LoadAllAssembliesAndSetupDomain (277ms)
		LoadAssemblies (382ms)
		RebuildTransferFunctionScriptingTraits (0ms)
		AnalyzeDomain (19ms)
			TypeCache.Refresh (9ms)
				TypeCache.ScanAssembly (0ms)
			ScanForSourceGeneratedMonoScriptInfo (0ms)
			ResolveRequiredComponents (8ms)
	FinalizeReload (1378ms)
		ReleaseScriptCaches (0ms)
		RebuildScriptCaches (0ms)
		SetupLoadedEditorAssemblies (623ms)
			LogAssemblyErrors (0ms)
			InitializePlatformSupportModulesInManaged (11ms)
			SetLoadedEditorAssemblies (4ms)
			RefreshPlugins (0ms)
			BeforeProcessingInitializeOnLoad (83ms)
			ProcessInitializeOnLoadAttributes (483ms)
			ProcessInitializeOnLoadMethodAttributes (31ms)
			AfterProcessingInitializeOnLoad (10ms)
			EditorAssembliesLoaded (0ms)
		ExecutionOrderSort2 (0ms)
		AwakeInstancesAfterBackupRestoration (13ms)
Refreshing native plugins compatible for Editor in 6.97 ms, found 3 plugins.
Preloading 0 native plugins for Editor in 0.00 ms.
Unloading 3100 Unused Serialized files (Serialized files now loaded: 0)
Unloading 25 unused Assets / (31.7 KB). Loaded Objects now: 3648.
Memory consumption went from 152.5 MB to 152.5 MB.
Total: 4.809600 ms (FindLiveObjects: 0.363600 ms CreateObjectMapping: 0.289500 ms MarkObjects: 4.041800 ms  DeleteObjects: 0.112800 ms)

Prepare: number of updated asset objects reloaded= 0
AssetImportParameters requested are different than current active one (requested -> active):
  custom:scripting/monoscript/fileName/CFX_SpawnSystem.cs: da90548e33a5ac9767c2ab325529961a -> 
  custom:scripting/monoscript/fileName/DepthOfFieldDeprecated.cs: 8700a90d2d763e9c01f08a0cd128cca8 -> 
  custom:scripting/monoscript/fileName/CameraMotionBlur.cs: 458c2b6f90eeea041921d89083a79e55 -> 
  custom:scripting/monoscript/fileName/ColorCorrectionLookupEditor.cs: a2fb9e7138550e9aa0e0de2d21737d42 -> 
  custom:scripting/monoscript/fileName/TiltShift.cs: 13ff1d7342528fc14a2e194c2bdc09fb -> 
  custom:container-demuxer-ogg: 62fdf1f143b41e24485cea50d1cbac27 -> 
  custom:scripting/monoscript/fileName/ScreenSpaceAmbientOcclusion.cs: 42eb6963a5f738a978938eb937f58d78 -> 
  custom:scripting/monoscript/fileName/DepthOfFieldEditor.cs: a3868cd4e6c6aec7c31ee3ed2b09abe8 -> 
  custom:scripting/monoscript/fileName/NoiseAndGrainEditor.cs: 0276e69b6de7374aa913d893485a004e -> 
  custom:video-decoder-ogg-theora: a1e56fd34408186e4bbccfd4996cb3dc -> 
  custom:scripting/monoscript/fileName/SunShafts.cs: abee30526487200fa16387df850e7daf -> 
  custom:scripting/monoscript/fileName/MotionBlur.cs: 7d52f2ac2c90424481a38c8ec7edb91c -> 
  custom:framework-win-MediaFoundation: 216162199b28c13a410421893ffa2e32 -> 
  custom:scripting/monoscript/fileName/CFXEasyEditor.cs: 975509eb43d0b0d90d19d984ce47d25d -> 
  custom:scripting/monoscript/fileName/Grayscale.cs: 87671e23fd2948061f63e16eb704f3a3 -> 
  custom:scripting/monoscript/fileName/WFX_Demo_RandomDir.cs: 83412d56870e7b7abf13729c1e4f5956 -> 
  custom:scripting/monoscript/fileName/CFX_Demo_RandomDir.cs: 06fce4b0d835d8793ccf8307925e464f -> 
  custom:scripting/monoscript/fileName/BlurOptimized.cs: a99dff34286593c12b0fab92e7c0da68 -> 
  custom:scripting/monoscript/fileName/CameraMotionBlurEditor.cs: 7c502cd6630e6f5609abadb3991d9ab2 -> 
  custom:scripting/monoscript/fileName/Quads.cs: 2f24050aded65dda899533ba7849a43c -> 
  custom:scripting/monoscript/fileName/Blur.cs: 16b33e375f19895ec61239c77165934f -> 
  custom:scripting/monoscript/fileName/DepthOfFieldDeprecatedEditor.cs: 9c0d6ba6950f727fa7ed1bfef973ec32 -> 
  custom:scripting/monoscript/fileName/ImageEffects.cs: fc49fae855f2f50655b411c31423a73d -> 
  custom:scripting/monoscript/fileName/WFX_LightFlicker.cs: 1dfc4e18a67da64c518b9518e62ac4fe -> 
  custom:scripting/monoscript/fileName/PostEffectsBase.cs: 6aabc5a6e1a831a9196622d2796540be -> 
  custom:CustomObjectIndexerAttribute: 9a22284fe3817be447336de3de66b15e -> 
  custom:scripting/monoscript/fileName/ColorCorrectionLookup.cs: cdade6b297f1c116727fa6035591313f -> 
  custom:scripting/monoscript/fileName/CFX_SpawnSystemEditor.cs: 8ef4ed7f7ca5c207cc3108bdafbacf7e -> 
  custom:container-demuxer-webm: 4f35f7cbe854078d1ac9338744f61a02 -> 
  custom:scripting/monoscript/fileName/Triangles.cs: 64f7a3839fbac059155d5ec1d8597e9c -> 
  custom:scripting/monoscript/fileName/SunShaftsEditor.cs: 14ff19bb08f48e5592630a8ef09a85a4 -> 
  custom:scripting/monoscript/fileName/ContrastStretch.cs: 606dc0496a32ea6e71f97dc962793c28 -> 
  custom:scripting/monoscript/fileName/CFX_Demo_RotateCamera.cs: 1b6c7bbcbc0a01f776aafda62612b729 -> 
  custom:scripting/monoscript/fileName/WFX_Demo_DeleteAfterDelay.cs: a8456c85d9636ec3b34432ce15771790 -> 
  custom:scripting/monoscript/fileName/EdgeDetectionEditor.cs: 4cca3302e9c064dba4f706ba0e5d7102 -> 
  custom:scripting/monoscript/fileName/WFX_BulletHoleDecal.cs: b2a50a5c52cc82fa50f26101cc423417 -> 
  custom:container-muxer-webm: aa71ff27fc2769a1b78a27578f13a17b -> 
  custom:scripting/monoscript/fileName/ContrastEnhance.cs: 25207a33818c5454fd86fad73189b2cd -> 
  custom:scripting/monoscript/fileName/WFX_Demo_Wall.cs: ebe32a1844666a18dc6e88646d62cdf3 -> 
  custom:video-decoder-webm-vp8: 9c59270c3fd7afecdb556c50c9e8de78 -> 
  custom:scripting/monoscript/fileName/CFX_AutoStopLoopedEffect.cs: 0a1116784d96426e30ae544ef0d48111 -> 
  custom:scripting/monoscript/fileName/PostEffectsHelper.cs: 5b0aade5ee85030099a328bfa56e17eb -> 
  custom:SearchIndexIgnoredProperties: e643bd26f0fe6173181afceb89e7c659 -> 
  custom:AudioImporter_EditorPlatform: d09bf68614088b80899f8185d706f6e7 -> 
  custom:scripting/monoscript/fileName/CreaseShading.cs: 5b17bf81bff982a9605309492401c574 -> 
  custom:scripting/monoscript/fileName/AntialiasingEditor.cs: cd1db322c4d4bac3e0fdd7740cc772c6 -> 
  custom:scripting/monoscript/fileName/Antialiasing.cs: bec6c7367bf7f3b527b25907b25d4102 -> 
  custom:scripting/monoscript/fileName/SepiaTone.cs: 67c7b044a145b042dba91a1a8d54f9f4 -> 
  custom:scripting/monoscript/fileName/ImageEffectBase.cs: 6d460e3d17a4175e44411c6923e62aed -> 
  custom:scripting/monoscript/fileName/NoiseAndGrain.cs: f4f7112c95c7474ffaf494b422803169 -> 
  custom:scripting/monoscript/fileName/BloomAndFlaresEditor.cs: 1f9e796d927ffcd86ccbfad6ec7007d5 -> 
  custom:scripting/monoscript/fileName/ScreenSpaceAmbientObscurance.cs: 958d0bf4e6842d24e3147fb5da01010e -> 
  custom:scripting/monoscript/fileName/CreaseShadingEditor.cs: 10fe90e5375fc621d9f19b702723dc86 -> 
  custom:scripting/monoscript/fileName/Fisheye.cs: ad168996bfc8fa7824e22ed9b5548fe9 -> 
  custom:scripting/monoscript/fileName/Twirl.cs: 13260c2451d9e72af8c2f232859ba959 -> 
  custom:scripting/monoscript/fileName/ScreenOverlay.cs: 8b6e368a4e3d0df848783015d0ee2b1e -> 
  custom:video-encoder-webm-vp8: eb34c28f22e8b96e1ab97ce403110664 -> 
  custom:scripting/monoscript/fileName/CFX_LightIntensityFade.cs: cdc33b13e94fac5095d515fc63c5bc75 -> 
  custom:scripting/monoscript/fileName/Bloom.cs: 33cd4fe5846ab030762c2d9a63dce329 -> 
  custom:audio-decoder-ogg-vorbis: bf7c407c2cedff20999df2af8eb42d56 -> 
  custom:scripting/monoscript/fileName/Vortex.cs: d2f7738ed789b7a977f000ffd0cf8890 -> 
  custom:scripting/monoscript/fileName/ColorCorrectionCurvesEditor.cs: ba8c98b45b2e94f575e6b8aff77cc447 -> 
  custom:scripting/monoscript/fileName/TonemappingEditor.cs: edac4117593cd8c316e847cfa4a2c184 -> 
  custom:scripting/monoscript/fileName/DepthOfField.cs: d3ca753d15782e18ed3483b3a0afd175 -> 
  custom:scripting/monoscript/fileName/BloomEditor.cs: 43b3df46b7cb2255d2c1c8dbcafea8dc -> 
  custom:scripting/monoscript/fileName/WFX_Demo.cs: 16a8c51f1dc0063656a39d0352fd910f -> 
  custom:scripting/monoscript/fileName/VignetteAndChromaticAberrationEditor.cs: de7480822b02f6e7bbb6e752b450d6c9 -> 
  custom:scripting/monoscript/fileName/BloomOptimized.cs: deef391a4062215fa64b13290b34b1e5 -> 
  custom:scripting/monoscript/fileName/BloomAndFlares.cs: 8afb5ea14b913734370925506b923fb7 -> 
  custom:scripting/monoscript/fileName/VignetteAndChromaticAberration.cs: 6f7816e6c6a96eb38e8b34a3171a3d7a -> 
  custom:scripting/monoscript/fileName/GlobalFog.cs: cec4a166fe83b304dd694da080c37c22 -> 
  custom:scripting/monoscript/fileName/CFX_Demo_Translate.cs: c85e572516e08f311291871f16fd4e55 -> 
  custom:audio-encoder-webm-vorbis: bf7c407c2cedff20999df2af8eb42d56 -> 
  custom:scripting/monoscript/fileName/Tonemapping.cs: c9f290b3ad74cc49f26aca1f0af02743 -> 
  custom:scripting/monoscript/fileName/CFX_AutoDestructShuriken.cs: 7d622660cad3b608810f352fdbc5d485 -> 
  custom:scripting/monoscript/fileName/EdgeDetection.cs: 7e270773de6bd808e57f1eb909c3207a -> 
  custom:scripting/monoscript/fileName/ColorCorrectionCurves.cs: 0fe9ce599982e40ac8aba010733d7bdc -> 
  custom:scripting/monoscript/fileName/ColorCorrectionRamp.cs: a7e8fab02fd9ee3f41f3660b4752114a -> 
  custom:scripting/monoscript/fileName/NoiseAndScratches.cs: e0c1886d5a6b335ec4861c2068c91d03 -> 
  custom:scripting/monoscript/fileName/WFX_Demo_New.cs: 225d44912cd20a0c8b007d7146330c83 -> 
========================================================================
Received Prepare
Begin MonoManager ReloadAssembly
- Loaded All Assemblies, in  0.532 seconds
Refreshing native plugins compatible for Editor in 5.35 ms, found 3 plugins.
Native extension for WindowsStandalone target not found
Native extension for WebGL target not found
Mono: successfully reloaded assembly
- Finished resetting the current domain, in  1.206 seconds
Domain Reload Profiling: 1735ms
	BeginReloadAssembly (191ms)
		ExecutionOrderSort (0ms)
		DisableScriptedObjects (7ms)
		BackupInstance (0ms)
		ReleaseScriptingObjects (0ms)
		CreateAndSetChildDomain (42ms)
	RebuildCommonClasses (37ms)
	RebuildNativeTypeToScriptingClass (11ms)
	initialDomainReloadingComplete (35ms)
	LoadAllAssembliesAndSetupDomain (253ms)
		LoadAssemblies (341ms)
		RebuildTransferFunctionScriptingTraits (0ms)
		AnalyzeDomain (17ms)
			TypeCache.Refresh (7ms)
				TypeCache.ScanAssembly (0ms)
			ScanForSourceGeneratedMonoScriptInfo (0ms)
			ResolveRequiredComponents (7ms)
	FinalizeReload (1207ms)
		ReleaseScriptCaches (0ms)
		RebuildScriptCaches (0ms)
		SetupLoadedEditorAssemblies (544ms)
			LogAssemblyErrors (0ms)
			InitializePlatformSupportModulesInManaged (11ms)
			SetLoadedEditorAssemblies (4ms)
			RefreshPlugins (0ms)
			BeforeProcessingInitializeOnLoad (70ms)
			ProcessInitializeOnLoadAttributes (419ms)
			ProcessInitializeOnLoadMethodAttributes (27ms)
			AfterProcessingInitializeOnLoad (14ms)
			EditorAssembliesLoaded (0ms)
		ExecutionOrderSort2 (0ms)
		AwakeInstancesAfterBackupRestoration (14ms)
Refreshing native plugins compatible for Editor in 6.86 ms, found 3 plugins.
Preloading 0 native plugins for Editor in 0.00 ms.
Unloading 3100 Unused Serialized files (Serialized files now loaded: 0)
Unloading 25 unused Assets / (31.6 KB). Loaded Objects now: 3651.
Memory consumption went from 152.5 MB to 152.5 MB.
Total: 4.801200 ms (FindLiveObjects: 0.436400 ms CreateObjectMapping: 0.402600 ms MarkObjects: 3.876600 ms  DeleteObjects: 0.084400 ms)

Prepare: number of updated asset objects reloaded= 0
AssetImportParameters requested are different than current active one (requested -> active):
  custom:scripting/monoscript/fileName/CFX_SpawnSystem.cs: da90548e33a5ac9767c2ab325529961a -> 
  custom:scripting/monoscript/fileName/DepthOfFieldDeprecated.cs: 8700a90d2d763e9c01f08a0cd128cca8 -> 
  custom:scripting/monoscript/fileName/CameraMotionBlur.cs: 458c2b6f90eeea041921d89083a79e55 -> 
  custom:scripting/monoscript/fileName/ColorCorrectionLookupEditor.cs: a2fb9e7138550e9aa0e0de2d21737d42 -> 
  custom:scripting/monoscript/fileName/TiltShift.cs: 13ff1d7342528fc14a2e194c2bdc09fb -> 
  custom:container-demuxer-ogg: 62fdf1f143b41e24485cea50d1cbac27 -> 
  custom:scripting/monoscript/fileName/ScreenSpaceAmbientOcclusion.cs: 42eb6963a5f738a978938eb937f58d78 -> 
  custom:scripting/monoscript/fileName/DepthOfFieldEditor.cs: a3868cd4e6c6aec7c31ee3ed2b09abe8 -> 
  custom:scripting/monoscript/fileName/NoiseAndGrainEditor.cs: 0276e69b6de7374aa913d893485a004e -> 
  custom:video-decoder-ogg-theora: a1e56fd34408186e4bbccfd4996cb3dc -> 
  custom:scripting/monoscript/fileName/SunShafts.cs: abee30526487200fa16387df850e7daf -> 
  custom:scripting/monoscript/fileName/MotionBlur.cs: 7d52f2ac2c90424481a38c8ec7edb91c -> 
  custom:framework-win-MediaFoundation: 216162199b28c13a410421893ffa2e32 -> 
  custom:scripting/monoscript/fileName/CFXEasyEditor.cs: 975509eb43d0b0d90d19d984ce47d25d -> 
  custom:scripting/monoscript/fileName/Grayscale.cs: 87671e23fd2948061f63e16eb704f3a3 -> 
  custom:scripting/monoscript/fileName/WFX_Demo_RandomDir.cs: 83412d56870e7b7abf13729c1e4f5956 -> 
  custom:scripting/monoscript/fileName/CFX_Demo_RandomDir.cs: 06fce4b0d835d8793ccf8307925e464f -> 
  custom:scripting/monoscript/fileName/BlurOptimized.cs: a99dff34286593c12b0fab92e7c0da68 -> 
  custom:scripting/monoscript/fileName/CameraMotionBlurEditor.cs: 7c502cd6630e6f5609abadb3991d9ab2 -> 
  custom:scripting/monoscript/fileName/Quads.cs: 2f24050aded65dda899533ba7849a43c -> 
  custom:scripting/monoscript/fileName/Blur.cs: 16b33e375f19895ec61239c77165934f -> 
  custom:scripting/monoscript/fileName/DepthOfFieldDeprecatedEditor.cs: 9c0d6ba6950f727fa7ed1bfef973ec32 -> 
  custom:scripting/monoscript/fileName/ImageEffects.cs: fc49fae855f2f50655b411c31423a73d -> 
  custom:scripting/monoscript/fileName/WFX_LightFlicker.cs: 1dfc4e18a67da64c518b9518e62ac4fe -> 
  custom:scripting/monoscript/fileName/PostEffectsBase.cs: 6aabc5a6e1a831a9196622d2796540be -> 
  custom:CustomObjectIndexerAttribute: 9a22284fe3817be447336de3de66b15e -> 
  custom:scripting/monoscript/fileName/ColorCorrectionLookup.cs: cdade6b297f1c116727fa6035591313f -> 
  custom:scripting/monoscript/fileName/CFX_SpawnSystemEditor.cs: 8ef4ed7f7ca5c207cc3108bdafbacf7e -> 
  custom:container-demuxer-webm: 4f35f7cbe854078d1ac9338744f61a02 -> 
  custom:scripting/monoscript/fileName/Triangles.cs: 64f7a3839fbac059155d5ec1d8597e9c -> 
  custom:scripting/monoscript/fileName/SunShaftsEditor.cs: 14ff19bb08f48e5592630a8ef09a85a4 -> 
  custom:scripting/monoscript/fileName/ContrastStretch.cs: 606dc0496a32ea6e71f97dc962793c28 -> 
  custom:scripting/monoscript/fileName/CFX_Demo_RotateCamera.cs: 1b6c7bbcbc0a01f776aafda62612b729 -> 
  custom:scripting/monoscript/fileName/WFX_Demo_DeleteAfterDelay.cs: a8456c85d9636ec3b34432ce15771790 -> 
  custom:scripting/monoscript/fileName/EdgeDetectionEditor.cs: 4cca3302e9c064dba4f706ba0e5d7102 -> 
  custom:scripting/monoscript/fileName/WFX_BulletHoleDecal.cs: b2a50a5c52cc82fa50f26101cc423417 -> 
  custom:container-muxer-webm: aa71ff27fc2769a1b78a27578f13a17b -> 
  custom:scripting/monoscript/fileName/ContrastEnhance.cs: 25207a33818c5454fd86fad73189b2cd -> 
  custom:scripting/monoscript/fileName/WFX_Demo_Wall.cs: ebe32a1844666a18dc6e88646d62cdf3 -> 
  custom:video-decoder-webm-vp8: 9c59270c3fd7afecdb556c50c9e8de78 -> 
  custom:scripting/monoscript/fileName/CFX_AutoStopLoopedEffect.cs: 0a1116784d96426e30ae544ef0d48111 -> 
  custom:scripting/monoscript/fileName/PostEffectsHelper.cs: 5b0aade5ee85030099a328bfa56e17eb -> 
  custom:SearchIndexIgnoredProperties: e643bd26f0fe6173181afceb89e7c659 -> 
  custom:AudioImporter_EditorPlatform: d09bf68614088b80899f8185d706f6e7 -> 
  custom:scripting/monoscript/fileName/CreaseShading.cs: 5b17bf81bff982a9605309492401c574 -> 
  custom:scripting/monoscript/fileName/AntialiasingEditor.cs: cd1db322c4d4bac3e0fdd7740cc772c6 -> 
  custom:scripting/monoscript/fileName/Antialiasing.cs: bec6c7367bf7f3b527b25907b25d4102 -> 
  custom:scripting/monoscript/fileName/SepiaTone.cs: 67c7b044a145b042dba91a1a8d54f9f4 -> 
  custom:scripting/monoscript/fileName/ImageEffectBase.cs: 6d460e3d17a4175e44411c6923e62aed -> 
  custom:scripting/monoscript/fileName/NoiseAndGrain.cs: f4f7112c95c7474ffaf494b422803169 -> 
  custom:scripting/monoscript/fileName/BloomAndFlaresEditor.cs: 1f9e796d927ffcd86ccbfad6ec7007d5 -> 
  custom:scripting/monoscript/fileName/ScreenSpaceAmbientObscurance.cs: 958d0bf4e6842d24e3147fb5da01010e -> 
  custom:scripting/monoscript/fileName/CreaseShadingEditor.cs: 10fe90e5375fc621d9f19b702723dc86 -> 
  custom:scripting/monoscript/fileName/Fisheye.cs: ad168996bfc8fa7824e22ed9b5548fe9 -> 
  custom:scripting/monoscript/fileName/Twirl.cs: 13260c2451d9e72af8c2f232859ba959 -> 
  custom:scripting/monoscript/fileName/ScreenOverlay.cs: 8b6e368a4e3d0df848783015d0ee2b1e -> 
  custom:video-encoder-webm-vp8: eb34c28f22e8b96e1ab97ce403110664 -> 
  custom:scripting/monoscript/fileName/CFX_LightIntensityFade.cs: cdc33b13e94fac5095d515fc63c5bc75 -> 
  custom:scripting/monoscript/fileName/Bloom.cs: 33cd4fe5846ab030762c2d9a63dce329 -> 
  custom:audio-decoder-ogg-vorbis: bf7c407c2cedff20999df2af8eb42d56 -> 
  custom:scripting/monoscript/fileName/Vortex.cs: d2f7738ed789b7a977f000ffd0cf8890 -> 
  custom:scripting/monoscript/fileName/ColorCorrectionCurvesEditor.cs: ba8c98b45b2e94f575e6b8aff77cc447 -> 
  custom:scripting/monoscript/fileName/TonemappingEditor.cs: edac4117593cd8c316e847cfa4a2c184 -> 
  custom:scripting/monoscript/fileName/DepthOfField.cs: d3ca753d15782e18ed3483b3a0afd175 -> 
  custom:scripting/monoscript/fileName/BloomEditor.cs: 43b3df46b7cb2255d2c1c8dbcafea8dc -> 
  custom:scripting/monoscript/fileName/WFX_Demo.cs: 16a8c51f1dc0063656a39d0352fd910f -> 
  custom:scripting/monoscript/fileName/VignetteAndChromaticAberrationEditor.cs: de7480822b02f6e7bbb6e752b450d6c9 -> 
  custom:scripting/monoscript/fileName/BloomOptimized.cs: deef391a4062215fa64b13290b34b1e5 -> 
  custom:scripting/monoscript/fileName/BloomAndFlares.cs: 8afb5ea14b913734370925506b923fb7 -> 
  custom:scripting/monoscript/fileName/VignetteAndChromaticAberration.cs: 6f7816e6c6a96eb38e8b34a3171a3d7a -> 
  custom:scripting/monoscript/fileName/GlobalFog.cs: cec4a166fe83b304dd694da080c37c22 -> 
  custom:scripting/monoscript/fileName/CFX_Demo_Translate.cs: c85e572516e08f311291871f16fd4e55 -> 
  custom:audio-encoder-webm-vorbis: bf7c407c2cedff20999df2af8eb42d56 -> 
  custom:scripting/monoscript/fileName/Tonemapping.cs: c9f290b3ad74cc49f26aca1f0af02743 -> 
  custom:scripting/monoscript/fileName/CFX_AutoDestructShuriken.cs: 7d622660cad3b608810f352fdbc5d485 -> 
  custom:scripting/monoscript/fileName/EdgeDetection.cs: 7e270773de6bd808e57f1eb909c3207a -> 
  custom:scripting/monoscript/fileName/ColorCorrectionCurves.cs: 0fe9ce599982e40ac8aba010733d7bdc -> 
  custom:scripting/monoscript/fileName/ColorCorrectionRamp.cs: a7e8fab02fd9ee3f41f3660b4752114a -> 
  custom:scripting/monoscript/fileName/NoiseAndScratches.cs: e0c1886d5a6b335ec4861c2068c91d03 -> 
  custom:scripting/monoscript/fileName/WFX_Demo_New.cs: 225d44912cd20a0c8b007d7146330c83 -> 
========================================================================
Received Import Request.
  Time since last request: 1075.330054 seconds.
  path: Assets/Fantasy Skybox FREE/Cubemaps/Classic/FS000_Night_01.png
  artifactKey: Guid(a64d2362d418d194f91274685fb10faf) Importer(815301076,1909f56bfc062723c751e8b465ee728b)
Start importing Assets/Fantasy Skybox FREE/Cubemaps/Classic/FS000_Night_01.png using Guid(a64d2362d418d194f91274685fb10faf) Importer(815301076,1909f56bfc062723c751e8b465ee728b)  -> (artifact id: '863d3efe443d46c8af9695b24e27c6fe') in 0.096892 seconds
Number of updated asset objects reloaded before import = 0
Number of asset objects unloaded after import = 1
========================================================================
Received Import Request.
  Time since last request: 0.000023 seconds.
  path: Assets/Fantasy Skybox FREE/Cubemaps/Classic/FS000_Night_02_Moonless.png
  artifactKey: Guid(6b1d9786203d21246bc448213b0f9aed) Importer(815301076,1909f56bfc062723c751e8b465ee728b)
Start importing Assets/Fantasy Skybox FREE/Cubemaps/Classic/FS000_Night_02_Moonless.png using Guid(6b1d9786203d21246bc448213b0f9aed) Importer(815301076,1909f56bfc062723c751e8b465ee728b)  -> (artifact id: '6d8c2be379a512412dba7d1393e20ff6') in 0.032715 seconds
Number of updated asset objects reloaded before import = 0
Number of asset objects unloaded after import = 1
========================================================================
Received Import Request.
  Time since last request: 0.000028 seconds.
  path: Assets/Fantasy Skybox FREE/Cubemaps/Classic/FS000_Night_03_Moonless.png
  artifactKey: Guid(72dbfaf2e11e92744a2ff15822b9079f) Importer(815301076,1909f56bfc062723c751e8b465ee728b)
Start importing Assets/Fantasy Skybox FREE/Cubemaps/Classic/FS000_Night_03_Moonless.png using Guid(72dbfaf2e11e92744a2ff15822b9079f) Importer(815301076,1909f56bfc062723c751e8b465ee728b)  -> (artifact id: '28375bba5c947f64b594a78cdbf51417') in 0.020511 seconds
Number of updated asset objects reloaded before import = 0
Number of asset objects unloaded after import = 1
========================================================================
Received Import Request.
  Time since last request: 0.000016 seconds.
  path: Assets/Fantasy Skybox FREE/Cubemaps/Classic/FS000_Night_02.png
  artifactKey: Guid(e60c8653c33d3da4d8f660c15214d3ac) Importer(815301076,1909f56bfc062723c751e8b465ee728b)
Start importing Assets/Fantasy Skybox FREE/Cubemaps/Classic/FS000_Night_02.png using Guid(e60c8653c33d3da4d8f660c15214d3ac) Importer(815301076,1909f56bfc062723c751e8b465ee728b)  -> (artifact id: '053c5daf9937d3c44ecdda9524b1c554') in 0.018482 seconds
Number of updated asset objects reloaded before import = 0
Number of asset objects unloaded after import = 1
========================================================================
Received Import Request.
  Time since last request: 0.050615 seconds.
  path: Assets/ModularFirstPersonController/DemoScene/Gridbox Prototype Materials/Resources/Textures/Prototype Grid/prototype_512x512_green1.png
  artifactKey: Guid(4967dfcee94bddd4ba1430cb6fa1f304) Importer(815301076,1909f56bfc062723c751e8b465ee728b)
Start importing Assets/ModularFirstPersonController/DemoScene/Gridbox Prototype Materials/Resources/Textures/Prototype Grid/prototype_512x512_green1.png using Guid(4967dfcee94bddd4ba1430cb6fa1f304) Importer(815301076,1909f56bfc062723c751e8b465ee728b)  -> (artifact id: '0be5145f47de1e22bc4f092f59a26ccd') in 0.020905 seconds
Number of updated asset objects reloaded before import = 0
Number of asset objects unloaded after import = 2
========================================================================
Received Import Request.
  Time since last request: 0.000017 seconds.
  path: Assets/ModularFirstPersonController/DemoScene/Gridbox Prototype Materials/Resources/Textures/Prototype Grid/prototype_512x512_grey1.png
  artifactKey: Guid(dd29f35641da38647a1eeb1028211f1a) Importer(815301076,1909f56bfc062723c751e8b465ee728b)
Start importing Assets/ModularFirstPersonController/DemoScene/Gridbox Prototype Materials/Resources/Textures/Prototype Grid/prototype_512x512_grey1.png using Guid(dd29f35641da38647a1eeb1028211f1a) Importer(815301076,1909f56bfc062723c751e8b465ee728b)  -> (artifact id: 'c22737a9c6084c52f21e89c206e9d6e3') in 0.015392 seconds
Number of updated asset objects reloaded before import = 0
Number of asset objects unloaded after import = 2
========================================================================
Received Import Request.
  Time since last request: 0.000019 seconds.
  path: Assets/ModularFirstPersonController/DemoScene/Gridbox Prototype Materials/Resources/Textures/Prototype Grid/prototype_512x512_grey3.png
  artifactKey: Guid(d9c0dd5cdac07b145be73329e489869a) Importer(815301076,1909f56bfc062723c751e8b465ee728b)
Start importing Assets/ModularFirstPersonController/DemoScene/Gridbox Prototype Materials/Resources/Textures/Prototype Grid/prototype_512x512_grey3.png using Guid(d9c0dd5cdac07b145be73329e489869a) Importer(815301076,1909f56bfc062723c751e8b465ee728b)  -> (artifact id: '5e7d68f62c09a68109eed53ff7e608c1') in 0.015708 seconds
Number of updated asset objects reloaded before import = 0
Number of asset objects unloaded after import = 2
========================================================================
Received Import Request.
  Time since last request: 38.876929 seconds.
  path: Assets/Fantasy Skybox FREE/Cubemaps/Classic/FS000_Day_03.png
  artifactKey: Guid(24941804827e1524eb70477f7f68a111) Importer(815301076,1909f56bfc062723c751e8b465ee728b)
Start importing Assets/Fantasy Skybox FREE/Cubemaps/Classic/FS000_Day_03.png using Guid(24941804827e1524eb70477f7f68a111) Importer(815301076,1909f56bfc062723c751e8b465ee728b)  -> (artifact id: '8cf416163833c51ac70d3e7744b58989') in 0.017713 seconds
Number of updated asset objects reloaded before import = 0
Number of asset objects unloaded after import = 1
========================================================================
Received Import Request.
  Time since last request: 0.045073 seconds.
  path: Assets/Fantasy Skybox FREE/Cubemaps/Classic/FS000_Day_04.png
  artifactKey: Guid(599e20092e3297247ad7ecc4ba9caf00) Importer(815301076,1909f56bfc062723c751e8b465ee728b)
Start importing Assets/Fantasy Skybox FREE/Cubemaps/Classic/FS000_Day_04.png using Guid(599e20092e3297247ad7ecc4ba9caf00) Importer(815301076,1909f56bfc062723c751e8b465ee728b)  -> (artifact id: 'c5acc76f04c85909c478cc1d67c2456c') in 0.018281 seconds
Number of updated asset objects reloaded before import = 0
Number of asset objects unloaded after import = 1
========================================================================
Received Import Request.
  Time since last request: 0.402444 seconds.
  path: Assets/Fantasy Skybox FREE/Cubemaps/Classic/FS000_Day_05.png
  artifactKey: Guid(3b9c8413bb7d59b4dbd832a9122271cb) Importer(815301076,1909f56bfc062723c751e8b465ee728b)
Start importing Assets/Fantasy Skybox FREE/Cubemaps/Classic/FS000_Day_05.png using Guid(3b9c8413bb7d59b4dbd832a9122271cb) Importer(815301076,1909f56bfc062723c751e8b465ee728b)  -> (artifact id: '1ee082ff2f71940a872b712c483b4d2e') in 0.014252 seconds
Number of updated asset objects reloaded before import = 0
Number of asset objects unloaded after import = 1
========================================================================
Received Import Request.
  Time since last request: 1.443201 seconds.
  path: Assets/Fantasy Skybox FREE/Panoramics/FS002/FS002_Night.png
  artifactKey: Guid(3cf4d52b14bd4254d9f4fd063f8d9bfd) Importer(815301076,1909f56bfc062723c751e8b465ee728b)
Start importing Assets/Fantasy Skybox FREE/Panoramics/FS002/FS002_Night.png using Guid(3cf4d52b14bd4254d9f4fd063f8d9bfd) Importer(815301076,1909f56bfc062723c751e8b465ee728b)  -> (artifact id: 'bb12b6d5d9cf6a4bd0c03923789a9be4') in 0.018961 seconds
Number of updated asset objects reloaded before import = 0
Number of asset objects unloaded after import = 2
========================================================================
Received Import Request.
  Time since last request: 0.000016 seconds.
  path: Assets/Fantasy Skybox FREE/Panoramics/FS003/FS003_Night_Moonless.png
  artifactKey: Guid(6185794ad33085a4a9f8446781cb8f15) Importer(815301076,1909f56bfc062723c751e8b465ee728b)
Start importing Assets/Fantasy Skybox FREE/Panoramics/FS003/FS003_Night_Moonless.png using Guid(6185794ad33085a4a9f8446781cb8f15) Importer(815301076,1909f56bfc062723c751e8b465ee728b)  -> (artifact id: '91057c6fab0b8d46338a89d8090c2687') in 0.015830 seconds
Number of updated asset objects reloaded before import = 0
Number of asset objects unloaded after import = 2
========================================================================
Received Import Request.
  Time since last request: 0.844724 seconds.
  path: Assets/Fantasy Skybox FREE/Scenes/Textures (Terrain)/Texture_Grass_Diffuse.png
  artifactKey: Guid(5e1acf362611957488060eee4178b3f3) Importer(815301076,1909f56bfc062723c751e8b465ee728b)
Start importing Assets/Fantasy Skybox FREE/Scenes/Textures (Terrain)/Texture_Grass_Diffuse.png using Guid(5e1acf362611957488060eee4178b3f3) Importer(815301076,1909f56bfc062723c751e8b465ee728b)  -> (artifact id: '0edf672e238e8e1fe01c7a455a1f90f6') in 0.017192 seconds
Number of updated asset objects reloaded before import = 0
Number of asset objects unloaded after import = 2
========================================================================
Received Import Request.
  Time since last request: 300.939566 seconds.
  path: Assets/New Terrain 1.asset
  artifactKey: Guid(56339badf64514d49a3413dc304d6644) Importer(815301076,1909f56bfc062723c751e8b465ee728b)
Start importing Assets/New Terrain 1.asset using Guid(56339badf64514d49a3413dc304d6644) Importer(815301076,1909f56bfc062723c751e8b465ee728b)  -> (artifact id: '039ff87da44cbaab407f4081a780489a') in 0.006658 seconds
Number of updated asset objects reloaded before import = 0
Number of asset objects unloaded after import = 1
========================================================================
Received Import Request.
  Time since last request: 0.000020 seconds.
  path: Assets/New Terrain 3.asset
  artifactKey: Guid(b1b99026375b68a409d56daad49018f0) Importer(815301076,1909f56bfc062723c751e8b465ee728b)
Start importing Assets/New Terrain 3.asset using Guid(b1b99026375b68a409d56daad49018f0) Importer(815301076,1909f56bfc062723c751e8b465ee728b)  -> (artifact id: '1dbe7bd7744bc349b2691018a68c0bb3') in 0.005346 seconds
Number of updated asset objects reloaded before import = 0
Number of asset objects unloaded after import = 1
========================================================================
Received Import Request.
  Time since last request: 2.652387 seconds.
  path: Assets/Polytope Studio/Lowpoly_Environments/Sources/Materials/PT_Pine_Tree_Trunk_Mat.mat
  artifactKey: Guid(f43a7dc4f39c5654a8211b83259e32a9) Importer(815301076,1909f56bfc062723c751e8b465ee728b)
Start importing Assets/Polytope Studio/Lowpoly_Environments/Sources/Materials/PT_Pine_Tree_Trunk_Mat.mat using Guid(f43a7dc4f39c5654a8211b83259e32a9) Importer(815301076,1909f56bfc062723c751e8b465ee728b)  -> (artifact id: '8bd4c5baa5e08172fd783c443d52f65e') in 0.607385 seconds
Number of updated asset objects reloaded before import = 0
Number of asset objects unloaded after import = 2
========================================================================
Received Import Request.
  Time since last request: 0.000028 seconds.
  path: Assets/Polytope Studio/Lowpoly_Environments/Sources/Materials/PT_Terrain_mat.mat
  artifactKey: Guid(48c26796e9175d14a9b2eccded92bb92) Importer(815301076,1909f56bfc062723c751e8b465ee728b)
Start importing Assets/Polytope Studio/Lowpoly_Environments/Sources/Materials/PT_Terrain_mat.mat using Guid(48c26796e9175d14a9b2eccded92bb92) Importer(815301076,1909f56bfc062723c751e8b465ee728b)  -> (artifact id: 'eab3dcae3d36021f9d534e294842a8d8') in 0.018949 seconds
Number of updated asset objects reloaded before import = 0
Number of asset objects unloaded after import = 1
========================================================================
Received Import Request.
  Time since last request: 0.000034 seconds.
  path: Assets/Polytope Studio/Lowpoly_Environments/Sources/Materials/PT_Water_mat.mat
  artifactKey: Guid(3e36df56c6fa5f64085c14d9d4f6f8d9) Importer(815301076,1909f56bfc062723c751e8b465ee728b)
Start importing Assets/Polytope Studio/Lowpoly_Environments/Sources/Materials/PT_Water_mat.mat using Guid(3e36df56c6fa5f64085c14d9d4f6f8d9) Importer(815301076,1909f56bfc062723c751e8b465ee728b)  -> (artifact id: 'ab4b6243a7536c76e1f0408984f642aa') in 0.867429 seconds
Number of updated asset objects reloaded before import = 0
Number of asset objects unloaded after import = 2
========================================================================
Received Import Request.
  Time since last request: 0.000024 seconds.
  path: Assets/Polytope Studio/Lowpoly_Environments/Sources/Materials/PT_Skybox_mat.mat
  artifactKey: Guid(59573b088aaea0442bf29e0a0e9d1339) Importer(815301076,1909f56bfc062723c751e8b465ee728b)
Start importing Assets/Polytope Studio/Lowpoly_Environments/Sources/Materials/PT_Skybox_mat.mat using Guid(59573b088aaea0442bf29e0a0e9d1339) Importer(815301076,1909f56bfc062723c751e8b465ee728b)  -> (artifact id: 'b9ca9cc85da131a3fd9a88450a215f8c') in 0.041941 seconds
Number of updated asset objects reloaded before import = 0
Number of asset objects unloaded after import = 2
Editor requested this worker to shutdown with reason: Scaling down because of idle timeout
TcpMessagingSession - receive error: operation aborted. errorcode: 995, details: La operacin de E/S se anul por una salida de subproceso o por una solicitud de aplicacin.
AssetImportWorker is now disconnected from the server
Process exiting
Exiting without the bug reporter. Application will terminate with return code 0