Using pre-set license
Built from '2022.3/staging' branch; Version is '2022.3.27f1 (73effa14754f) revision 7598074'; Using compiler version '192829333'; Build Type 'Release'
OS: 'Windows 11  (10.0.22631) 64bit Professional' Language: 'es' Physical Memory: 32689 MB
BatchMode: 1, IsHumanControllingUs: 0, StartBugReporterOnCrash: 0, Is64bit: 1, IsPro: 1

COMMAND LINE ARGUMENTS:
C:\Program Files\Unity\Hub\Editor\2022.3.27f1\Editor\Unity.exe
-adb2
-batchMode
-noUpm
-name
AssetImportWorker5
-projectPath
C:/Users/Mauro G贸mez/IG
-logFile
Logs/AssetImportWorker5.log
-srvPort
52039
Successfully changed project path to: C:/Users/Mauro G贸mez/IG
C:/Users/Mauro G贸mez/IG
[UnityMemory] Configuration Parameters - Can be set up in boot.config
    "memorysetup-bucket-allocator-granularity=16"
    "memorysetup-bucket-allocator-bucket-count=8"
    "memorysetup-bucket-allocator-block-size=33554432"
    "memorysetup-bucket-allocator-block-count=8"
    "memorysetup-main-allocator-block-size=16777216"
    "memorysetup-thread-allocator-block-size=16777216"
    "memorysetup-gfx-main-allocator-block-size=16777216"
    "memorysetup-gfx-thread-allocator-block-size=16777216"
    "memorysetup-cache-allocator-block-size=4194304"
    "memorysetup-typetree-allocator-block-size=2097152"
    "memorysetup-profiler-bucket-allocator-granularity=16"
    "memorysetup-profiler-bucket-allocator-bucket-count=8"
    "memorysetup-profiler-bucket-allocator-block-size=33554432"
    "memorysetup-profiler-bucket-allocator-block-count=8"
    "memorysetup-profiler-allocator-block-size=16777216"
    "memorysetup-profiler-editor-allocator-block-size=1048576"
    "memorysetup-temp-allocator-size-main=16777216"
    "memorysetup-job-temp-allocator-block-size=2097152"
    "memorysetup-job-temp-allocator-block-size-background=1048576"
    "memorysetup-job-temp-allocator-reduction-small-platforms=262144"
    "memorysetup-allocator-temp-initial-block-size-main=262144"
    "memorysetup-allocator-temp-initial-block-size-worker=262144"
    "memorysetup-temp-allocator-size-background-worker=32768"
    "memorysetup-temp-allocator-size-job-worker=262144"
    "memorysetup-temp-allocator-size-preload-manager=33554432"
    "memorysetup-temp-allocator-size-nav-mesh-worker=65536"
    "memorysetup-temp-allocator-size-audio-worker=65536"
    "memorysetup-temp-allocator-size-cloud-worker=32768"
    "memorysetup-temp-allocator-size-gi-baking-worker=262144"
    "memorysetup-temp-allocator-size-gfx=262144"
Player connection [212856] Host "[IP] 192.168.56.1 [Port] 0 [Flags] 2 [Guid] 84508718 [EditorId] 84508718 [Version] 1048832 [Id] WindowsEditor(7,DESKTOP-BM47GSE) [Debug] 1 [PackageName] WindowsEditor [ProjectName] Editor" joined multi-casting on [225.0.0.222:54997]...

Player connection [212856] Host "[IP] 192.168.56.1 [Port] 0 [Flags] 2 [Guid] 84508718 [EditorId] 84508718 [Version] 1048832 [Id] WindowsEditor(7,DESKTOP-BM47GSE) [Debug] 1 [PackageName] WindowsEditor [ProjectName] Editor" joined alternative multi-casting on [225.0.0.222:34997]...

[Physics::Module] Initialized MultithreadedJobDispatcher with 15 workers.
Refreshing native plugins compatible for Editor in 20.90 ms, found 3 plugins.
Preloading 0 native plugins for Editor in 0.00 ms.
Initialize engine version: 2022.3.27f1 (73effa14754f)
[Subsystems] Discovering subsystems at path C:/Program Files/Unity/Hub/Editor/2022.3.27f1/Editor/Data/Resources/UnitySubsystems
[Subsystems] Discovering subsystems at path C:/Users/Mauro G贸mez/IG/Assets
GfxDevice: creating device client; threaded=0; jobified=0
Direct3D:
    Version:  Direct3D 11.0 [level 11.1]
    Renderer: NVIDIA GeForce RTX 3080 Ti (ID=0x2208)
    Vendor:   NVIDIA
    VRAM:     12086 MB
    Driver:   32.0.15.6109
Initialize mono
Mono path[0] = 'C:/Program Files/Unity/Hub/Editor/2022.3.27f1/Editor/Data/Managed'
Mono path[1] = 'C:/Program Files/Unity/Hub/Editor/2022.3.27f1/Editor/Data/MonoBleedingEdge/lib/mono/unityjit-win32'
Mono config path = 'C:/Program Files/Unity/Hub/Editor/2022.3.27f1/Editor/Data/MonoBleedingEdge/etc'
Using monoOptions --debugger-agent=transport=dt_socket,embedding=1,server=y,suspend=n,address=127.0.0.1:56412
Begin MonoManager ReloadAssembly
Registering precompiled unity dll's ...
Register platform support module: C:/Program Files/Unity/Hub/Editor/2022.3.27f1/Editor/Data/PlaybackEngines/WebGLSupport/UnityEditor.WebGL.Extensions.dll
Register platform support module: C:/Program Files/Unity/Hub/Editor/2022.3.27f1/Editor/Data/PlaybackEngines/WindowsStandaloneSupport/UnityEditor.WindowsStandalone.Extensions.dll
Registered in 0.015679 seconds.
- Loaded All Assemblies, in  0.480 seconds
Native extension for WindowsStandalone target not found
Native extension for WebGL target not found
Mono: successfully reloaded assembly
- Finished resetting the current domain, in  0.309 seconds
Domain Reload Profiling: 786ms
	BeginReloadAssembly (141ms)
		ExecutionOrderSort (0ms)
		DisableScriptedObjects (0ms)
		BackupInstance (0ms)
		ReleaseScriptingObjects (0ms)
		CreateAndSetChildDomain (1ms)
	RebuildCommonClasses (46ms)
	RebuildNativeTypeToScriptingClass (13ms)
	initialDomainReloadingComplete (86ms)
	LoadAllAssembliesAndSetupDomain (191ms)
		LoadAssemblies (138ms)
		RebuildTransferFunctionScriptingTraits (0ms)
		AnalyzeDomain (188ms)
			TypeCache.Refresh (186ms)
				TypeCache.ScanAssembly (169ms)
			ScanForSourceGeneratedMonoScriptInfo (0ms)
			ResolveRequiredComponents (1ms)
	FinalizeReload (310ms)
		ReleaseScriptCaches (0ms)
		RebuildScriptCaches (0ms)
		SetupLoadedEditorAssemblies (240ms)
			LogAssemblyErrors (0ms)
			InitializePlatformSupportModulesInManaged (15ms)
			SetLoadedEditorAssemblies (5ms)
			RefreshPlugins (0ms)
			BeforeProcessingInitializeOnLoad (2ms)
			ProcessInitializeOnLoadAttributes (166ms)
			ProcessInitializeOnLoadMethodAttributes (52ms)
			AfterProcessingInitializeOnLoad (0ms)
			EditorAssembliesLoaded (0ms)
		ExecutionOrderSort2 (0ms)
		AwakeInstancesAfterBackupRestoration (0ms)
========================================================================
Worker process is ready to serve import requests
Begin MonoManager ReloadAssembly
- Loaded All Assemblies, in  0.729 seconds
Refreshing native plugins compatible for Editor in 5.21 ms, found 3 plugins.
Native extension for WindowsStandalone target not found
Native extension for WebGL target not found
Mono: successfully reloaded assembly
- Finished resetting the current domain, in  0.774 seconds
Domain Reload Profiling: 1499ms
	BeginReloadAssembly (163ms)
		ExecutionOrderSort (0ms)
		DisableScriptedObjects (6ms)
		BackupInstance (0ms)
		ReleaseScriptingObjects (0ms)
		CreateAndSetChildDomain (20ms)
	RebuildCommonClasses (45ms)
	RebuildNativeTypeToScriptingClass (12ms)
	initialDomainReloadingComplete (47ms)
	LoadAllAssembliesAndSetupDomain (457ms)
		LoadAssemblies (334ms)
		RebuildTransferFunctionScriptingTraits (0ms)
		AnalyzeDomain (221ms)
			TypeCache.Refresh (196ms)
				TypeCache.ScanAssembly (180ms)
			ScanForSourceGeneratedMonoScriptInfo (15ms)
			ResolveRequiredComponents (7ms)
	FinalizeReload (774ms)
		ReleaseScriptCaches (0ms)
		RebuildScriptCaches (0ms)
		SetupLoadedEditorAssemblies (611ms)
			LogAssemblyErrors (0ms)
			InitializePlatformSupportModulesInManaged (10ms)
			SetLoadedEditorAssemblies (3ms)
			RefreshPlugins (0ms)
			BeforeProcessingInitializeOnLoad (88ms)
			ProcessInitializeOnLoadAttributes (480ms)
			ProcessInitializeOnLoadMethodAttributes (21ms)
			AfterProcessingInitializeOnLoad (9ms)
			EditorAssembliesLoaded (0ms)
		ExecutionOrderSort2 (0ms)
		AwakeInstancesAfterBackupRestoration (10ms)
Launched and connected shader compiler UnityShaderCompiler.exe after 0.06 seconds
Refreshing native plugins compatible for Editor in 6.33 ms, found 3 plugins.
Preloading 0 native plugins for Editor in 0.00 ms.
Unloading 3114 Unused Serialized files (Serialized files now loaded: 0)
Unloading 34 unused Assets / (57.7 KB). Loaded Objects now: 3598.
Memory consumption went from 150.7 MB to 150.6 MB.
Total: 13.843200 ms (FindLiveObjects: 0.421100 ms CreateObjectMapping: 0.345800 ms MarkObjects: 12.462000 ms  DeleteObjects: 0.612400 ms)

AssetImportParameters requested are different than current active one (requested -> active):
  custom:scripting/monoscript/fileName/CFX_SpawnSystem.cs: da90548e33a5ac9767c2ab325529961a -> 
  custom:scripting/monoscript/fileName/DepthOfFieldDeprecated.cs: 8700a90d2d763e9c01f08a0cd128cca8 -> 
  custom:scripting/monoscript/fileName/CameraMotionBlur.cs: 458c2b6f90eeea041921d89083a79e55 -> 
  custom:scripting/monoscript/fileName/ColorCorrectionLookupEditor.cs: a2fb9e7138550e9aa0e0de2d21737d42 -> 
  custom:scripting/monoscript/fileName/TiltShift.cs: 13ff1d7342528fc14a2e194c2bdc09fb -> 
  custom:container-demuxer-ogg: 62fdf1f143b41e24485cea50d1cbac27 -> 
  custom:scripting/monoscript/fileName/ScreenSpaceAmbientOcclusion.cs: 42eb6963a5f738a978938eb937f58d78 -> 
  custom:scripting/monoscript/fileName/DepthOfFieldEditor.cs: a3868cd4e6c6aec7c31ee3ed2b09abe8 -> 
  custom:scripting/monoscript/fileName/NoiseAndGrainEditor.cs: 0276e69b6de7374aa913d893485a004e -> 
  custom:video-decoder-ogg-theora: a1e56fd34408186e4bbccfd4996cb3dc -> 
  custom:scripting/monoscript/fileName/SunShafts.cs: abee30526487200fa16387df850e7daf -> 
  custom:scripting/monoscript/fileName/MotionBlur.cs: 7d52f2ac2c90424481a38c8ec7edb91c -> 
  custom:framework-win-MediaFoundation: 216162199b28c13a410421893ffa2e32 -> 
  custom:scripting/monoscript/fileName/CFXEasyEditor.cs: 975509eb43d0b0d90d19d984ce47d25d -> 
  custom:scripting/monoscript/fileName/Grayscale.cs: 87671e23fd2948061f63e16eb704f3a3 -> 
  custom:scripting/monoscript/fileName/WFX_Demo_RandomDir.cs: 83412d56870e7b7abf13729c1e4f5956 -> 
  custom:scripting/monoscript/fileName/CFX_Demo_RandomDir.cs: 06fce4b0d835d8793ccf8307925e464f -> 
  custom:scripting/monoscript/fileName/BlurOptimized.cs: a99dff34286593c12b0fab92e7c0da68 -> 
  custom:scripting/monoscript/fileName/CameraMotionBlurEditor.cs: 7c502cd6630e6f5609abadb3991d9ab2 -> 
  custom:scripting/monoscript/fileName/Quads.cs: 2f24050aded65dda899533ba7849a43c -> 
  custom:scripting/monoscript/fileName/Blur.cs: 16b33e375f19895ec61239c77165934f -> 
  custom:scripting/monoscript/fileName/DepthOfFieldDeprecatedEditor.cs: 9c0d6ba6950f727fa7ed1bfef973ec32 -> 
  custom:scripting/monoscript/fileName/ImageEffects.cs: fc49fae855f2f50655b411c31423a73d -> 
  custom:scripting/monoscript/fileName/WFX_LightFlicker.cs: 1dfc4e18a67da64c518b9518e62ac4fe -> 
  custom:scripting/monoscript/fileName/PostEffectsBase.cs: 6aabc5a6e1a831a9196622d2796540be -> 
  custom:CustomObjectIndexerAttribute: 9a22284fe3817be447336de3de66b15e -> 
  custom:scripting/monoscript/fileName/ColorCorrectionLookup.cs: cdade6b297f1c116727fa6035591313f -> 
  custom:scripting/monoscript/fileName/CFX_SpawnSystemEditor.cs: 8ef4ed7f7ca5c207cc3108bdafbacf7e -> 
  custom:container-demuxer-webm: 4f35f7cbe854078d1ac9338744f61a02 -> 
  custom:scripting/monoscript/fileName/Triangles.cs: 64f7a3839fbac059155d5ec1d8597e9c -> 
  custom:scripting/monoscript/fileName/SunShaftsEditor.cs: 14ff19bb08f48e5592630a8ef09a85a4 -> 
  custom:scripting/monoscript/fileName/ContrastStretch.cs: 606dc0496a32ea6e71f97dc962793c28 -> 
  custom:scripting/monoscript/fileName/CFX_Demo_RotateCamera.cs: 1b6c7bbcbc0a01f776aafda62612b729 -> 
  custom:scripting/monoscript/fileName/WFX_Demo_DeleteAfterDelay.cs: a8456c85d9636ec3b34432ce15771790 -> 
  custom:scripting/monoscript/fileName/EdgeDetectionEditor.cs: 4cca3302e9c064dba4f706ba0e5d7102 -> 
  custom:scripting/monoscript/fileName/WFX_BulletHoleDecal.cs: b2a50a5c52cc82fa50f26101cc423417 -> 
  custom:container-muxer-webm: aa71ff27fc2769a1b78a27578f13a17b -> 
  custom:scripting/monoscript/fileName/ContrastEnhance.cs: 25207a33818c5454fd86fad73189b2cd -> 
  custom:scripting/monoscript/fileName/WFX_Demo_Wall.cs: ebe32a1844666a18dc6e88646d62cdf3 -> 
  custom:video-decoder-webm-vp8: 9c59270c3fd7afecdb556c50c9e8de78 -> 
  custom:scripting/monoscript/fileName/CFX_AutoStopLoopedEffect.cs: 0a1116784d96426e30ae544ef0d48111 -> 
  custom:scripting/monoscript/fileName/PostEffectsHelper.cs: 5b0aade5ee85030099a328bfa56e17eb -> 
  custom:SearchIndexIgnoredProperties: e643bd26f0fe6173181afceb89e7c659 -> 
  custom:AudioImporter_EditorPlatform: d09bf68614088b80899f8185d706f6e7 -> 
  custom:scripting/monoscript/fileName/CreaseShading.cs: 5b17bf81bff982a9605309492401c574 -> 
  custom:scripting/monoscript/fileName/AntialiasingEditor.cs: cd1db322c4d4bac3e0fdd7740cc772c6 -> 
  custom:scripting/monoscript/fileName/Antialiasing.cs: bec6c7367bf7f3b527b25907b25d4102 -> 
  custom:scripting/monoscript/fileName/SepiaTone.cs: 67c7b044a145b042dba91a1a8d54f9f4 -> 
  custom:scripting/monoscript/fileName/ImageEffectBase.cs: 6d460e3d17a4175e44411c6923e62aed -> 
  custom:scripting/monoscript/fileName/NoiseAndGrain.cs: f4f7112c95c7474ffaf494b422803169 -> 
  custom:scripting/monoscript/fileName/BloomAndFlaresEditor.cs: 1f9e796d927ffcd86ccbfad6ec7007d5 -> 
  custom:scripting/monoscript/fileName/ScreenSpaceAmbientObscurance.cs: 958d0bf4e6842d24e3147fb5da01010e -> 
  custom:scripting/monoscript/fileName/CreaseShadingEditor.cs: 10fe90e5375fc621d9f19b702723dc86 -> 
  custom:scripting/monoscript/fileName/Fisheye.cs: ad168996bfc8fa7824e22ed9b5548fe9 -> 
  custom:scripting/monoscript/fileName/Twirl.cs: 13260c2451d9e72af8c2f232859ba959 -> 
  custom:scripting/monoscript/fileName/ScreenOverlay.cs: 8b6e368a4e3d0df848783015d0ee2b1e -> 
  custom:video-encoder-webm-vp8: eb34c28f22e8b96e1ab97ce403110664 -> 
  custom:scripting/monoscript/fileName/CFX_LightIntensityFade.cs: cdc33b13e94fac5095d515fc63c5bc75 -> 
  custom:scripting/monoscript/fileName/Bloom.cs: 33cd4fe5846ab030762c2d9a63dce329 -> 
  custom:audio-decoder-ogg-vorbis: bf7c407c2cedff20999df2af8eb42d56 -> 
  custom:scripting/monoscript/fileName/Vortex.cs: d2f7738ed789b7a977f000ffd0cf8890 -> 
  custom:scripting/monoscript/fileName/ColorCorrectionCurvesEditor.cs: ba8c98b45b2e94f575e6b8aff77cc447 -> 
  custom:scripting/monoscript/fileName/TonemappingEditor.cs: edac4117593cd8c316e847cfa4a2c184 -> 
  custom:scripting/monoscript/fileName/DepthOfField.cs: d3ca753d15782e18ed3483b3a0afd175 -> 
  custom:scripting/monoscript/fileName/BloomEditor.cs: 43b3df46b7cb2255d2c1c8dbcafea8dc -> 
  custom:scripting/monoscript/fileName/WFX_Demo.cs: 16a8c51f1dc0063656a39d0352fd910f -> 
  custom:scripting/monoscript/fileName/VignetteAndChromaticAberrationEditor.cs: de7480822b02f6e7bbb6e752b450d6c9 -> 
  custom:scripting/monoscript/fileName/BloomOptimized.cs: deef391a4062215fa64b13290b34b1e5 -> 
  custom:scripting/monoscript/fileName/BloomAndFlares.cs: 8afb5ea14b913734370925506b923fb7 -> 
  custom:scripting/monoscript/fileName/VignetteAndChromaticAberration.cs: 6f7816e6c6a96eb38e8b34a3171a3d7a -> 
  custom:scripting/monoscript/fileName/GlobalFog.cs: cec4a166fe83b304dd694da080c37c22 -> 
  custom:scripting/monoscript/fileName/CFX_Demo_Translate.cs: c85e572516e08f311291871f16fd4e55 -> 
  custom:audio-encoder-webm-vorbis: bf7c407c2cedff20999df2af8eb42d56 -> 
  custom:scripting/monoscript/fileName/Tonemapping.cs: c9f290b3ad74cc49f26aca1f0af02743 -> 
  custom:scripting/monoscript/fileName/CFX_AutoDestructShuriken.cs: 7d622660cad3b608810f352fdbc5d485 -> 
  custom:scripting/monoscript/fileName/EdgeDetection.cs: 7e270773de6bd808e57f1eb909c3207a -> 
  custom:scripting/monoscript/fileName/ColorCorrectionCurves.cs: 0fe9ce599982e40ac8aba010733d7bdc -> 
  custom:scripting/monoscript/fileName/ColorCorrectionRamp.cs: a7e8fab02fd9ee3f41f3660b4752114a -> 
  custom:scripting/monoscript/fileName/NoiseAndScratches.cs: e0c1886d5a6b335ec4861c2068c91d03 -> 
  custom:scripting/monoscript/fileName/WFX_Demo_New.cs: 225d44912cd20a0c8b007d7146330c83 -> 
========================================================================
Received Import Request.
  Time since last request: 16129.741937 seconds.
  path: Assets/Polytope Studio/Lowpoly_Environments/Sources/Textures/PT_Generic_Tree_Leaves_01.png
  artifactKey: Guid(f2ee3ef6a109f0f4b8bfd6f7c1e310f4) Importer(815301076,1909f56bfc062723c751e8b465ee728b)
Start importing Assets/Polytope Studio/Lowpoly_Environments/Sources/Textures/PT_Generic_Tree_Leaves_01.png using Guid(f2ee3ef6a109f0f4b8bfd6f7c1e310f4) Importer(815301076,1909f56bfc062723c751e8b465ee728b)  -> (artifact id: '1187b176927919b8d9f73978be115a37') in 0.116835 seconds
Number of updated asset objects reloaded before import = 0
Number of asset objects unloaded after import = 2
========================================================================
Received Import Request.
  Time since last request: 0.000024 seconds.
  path: Assets/Polytope Studio/Lowpoly_Environments/Sources/Textures/PT_Poppy_01.png
  artifactKey: Guid(e0eab39b8993b684dbb9800cf1151d33) Importer(815301076,1909f56bfc062723c751e8b465ee728b)
Start importing Assets/Polytope Studio/Lowpoly_Environments/Sources/Textures/PT_Poppy_01.png using Guid(e0eab39b8993b684dbb9800cf1151d33) Importer(815301076,1909f56bfc062723c751e8b465ee728b)  -> (artifact id: 'f1a135d1b31caa331b81cef22b0bda01') in 0.020393 seconds
Number of updated asset objects reloaded before import = 0
Number of asset objects unloaded after import = 2
========================================================================
Received Prepare
Begin MonoManager ReloadAssembly
- Loaded All Assemblies, in  0.561 seconds
Refreshing native plugins compatible for Editor in 5.41 ms, found 3 plugins.
Native extension for WindowsStandalone target not found
Native extension for WebGL target not found
Mono: successfully reloaded assembly
- Finished resetting the current domain, in  1.333 seconds
Domain Reload Profiling: 1889ms
	BeginReloadAssembly (192ms)
		ExecutionOrderSort (0ms)
		DisableScriptedObjects (6ms)
		BackupInstance (0ms)
		ReleaseScriptingObjects (0ms)
		CreateAndSetChildDomain (42ms)
	RebuildCommonClasses (44ms)
	RebuildNativeTypeToScriptingClass (16ms)
	initialDomainReloadingComplete (39ms)
	LoadAllAssembliesAndSetupDomain (265ms)
		LoadAssemblies (357ms)
		RebuildTransferFunctionScriptingTraits (0ms)
		AnalyzeDomain (15ms)
			TypeCache.Refresh (6ms)
				TypeCache.ScanAssembly (0ms)
			ScanForSourceGeneratedMonoScriptInfo (0ms)
			ResolveRequiredComponents (7ms)
	FinalizeReload (1333ms)
		ReleaseScriptCaches (0ms)
		RebuildScriptCaches (0ms)
		SetupLoadedEditorAssemblies (629ms)
			LogAssemblyErrors (0ms)
			InitializePlatformSupportModulesInManaged (11ms)
			SetLoadedEditorAssemblies (5ms)
			RefreshPlugins (0ms)
			BeforeProcessingInitializeOnLoad (80ms)
			ProcessInitializeOnLoadAttributes (493ms)
			ProcessInitializeOnLoadMethodAttributes (28ms)
			AfterProcessingInitializeOnLoad (12ms)
			EditorAssembliesLoaded (0ms)
		ExecutionOrderSort2 (0ms)
		AwakeInstancesAfterBackupRestoration (13ms)
Refreshing native plugins compatible for Editor in 5.07 ms, found 3 plugins.
Preloading 0 native plugins for Editor in 0.00 ms.
Unloading 3099 Unused Serialized files (Serialized files now loaded: 0)
Unloading 25 unused Assets / (31.7 KB). Loaded Objects now: 3604.
Memory consumption went from 147.9 MB to 147.9 MB.
Total: 3.493000 ms (FindLiveObjects: 0.269000 ms CreateObjectMapping: 0.273200 ms MarkObjects: 2.899600 ms  DeleteObjects: 0.050000 ms)

Prepare: number of updated asset objects reloaded= 0
AssetImportParameters requested are different than current active one (requested -> active):
  custom:scripting/monoscript/fileName/CFX_SpawnSystem.cs: da90548e33a5ac9767c2ab325529961a -> 
  custom:scripting/monoscript/fileName/DepthOfFieldDeprecated.cs: 8700a90d2d763e9c01f08a0cd128cca8 -> 
  custom:scripting/monoscript/fileName/CameraMotionBlur.cs: 458c2b6f90eeea041921d89083a79e55 -> 
  custom:scripting/monoscript/fileName/ColorCorrectionLookupEditor.cs: a2fb9e7138550e9aa0e0de2d21737d42 -> 
  custom:scripting/monoscript/fileName/TiltShift.cs: 13ff1d7342528fc14a2e194c2bdc09fb -> 
  custom:container-demuxer-ogg: 62fdf1f143b41e24485cea50d1cbac27 -> 
  custom:scripting/monoscript/fileName/ScreenSpaceAmbientOcclusion.cs: 42eb6963a5f738a978938eb937f58d78 -> 
  custom:scripting/monoscript/fileName/DepthOfFieldEditor.cs: a3868cd4e6c6aec7c31ee3ed2b09abe8 -> 
  custom:scripting/monoscript/fileName/NoiseAndGrainEditor.cs: 0276e69b6de7374aa913d893485a004e -> 
  custom:video-decoder-ogg-theora: a1e56fd34408186e4bbccfd4996cb3dc -> 
  custom:scripting/monoscript/fileName/SunShafts.cs: abee30526487200fa16387df850e7daf -> 
  custom:scripting/monoscript/fileName/MotionBlur.cs: 7d52f2ac2c90424481a38c8ec7edb91c -> 
  custom:framework-win-MediaFoundation: 216162199b28c13a410421893ffa2e32 -> 
  custom:scripting/monoscript/fileName/CFXEasyEditor.cs: 975509eb43d0b0d90d19d984ce47d25d -> 
  custom:scripting/monoscript/fileName/Grayscale.cs: 87671e23fd2948061f63e16eb704f3a3 -> 
  custom:scripting/monoscript/fileName/WFX_Demo_RandomDir.cs: 83412d56870e7b7abf13729c1e4f5956 -> 
  custom:scripting/monoscript/fileName/CFX_Demo_RandomDir.cs: 06fce4b0d835d8793ccf8307925e464f -> 
  custom:scripting/monoscript/fileName/BlurOptimized.cs: a99dff34286593c12b0fab92e7c0da68 -> 
  custom:scripting/monoscript/fileName/CameraMotionBlurEditor.cs: 7c502cd6630e6f5609abadb3991d9ab2 -> 
  custom:scripting/monoscript/fileName/Quads.cs: 2f24050aded65dda899533ba7849a43c -> 
  custom:scripting/monoscript/fileName/Blur.cs: 16b33e375f19895ec61239c77165934f -> 
  custom:scripting/monoscript/fileName/DepthOfFieldDeprecatedEditor.cs: 9c0d6ba6950f727fa7ed1bfef973ec32 -> 
  custom:scripting/monoscript/fileName/ImageEffects.cs: fc49fae855f2f50655b411c31423a73d -> 
  custom:scripting/monoscript/fileName/WFX_LightFlicker.cs: 1dfc4e18a67da64c518b9518e62ac4fe -> 
  custom:scripting/monoscript/fileName/PostEffectsBase.cs: 6aabc5a6e1a831a9196622d2796540be -> 
  custom:CustomObjectIndexerAttribute: 9a22284fe3817be447336de3de66b15e -> 
  custom:scripting/monoscript/fileName/ColorCorrectionLookup.cs: cdade6b297f1c116727fa6035591313f -> 
  custom:scripting/monoscript/fileName/CFX_SpawnSystemEditor.cs: 8ef4ed7f7ca5c207cc3108bdafbacf7e -> 
  custom:container-demuxer-webm: 4f35f7cbe854078d1ac9338744f61a02 -> 
  custom:scripting/monoscript/fileName/Triangles.cs: 64f7a3839fbac059155d5ec1d8597e9c -> 
  custom:scripting/monoscript/fileName/SunShaftsEditor.cs: 14ff19bb08f48e5592630a8ef09a85a4 -> 
  custom:scripting/monoscript/fileName/ContrastStretch.cs: 606dc0496a32ea6e71f97dc962793c28 -> 
  custom:scripting/monoscript/fileName/CFX_Demo_RotateCamera.cs: 1b6c7bbcbc0a01f776aafda62612b729 -> 
  custom:scripting/monoscript/fileName/WFX_Demo_DeleteAfterDelay.cs: a8456c85d9636ec3b34432ce15771790 -> 
  custom:scripting/monoscript/fileName/EdgeDetectionEditor.cs: 4cca3302e9c064dba4f706ba0e5d7102 -> 
  custom:scripting/monoscript/fileName/WFX_BulletHoleDecal.cs: b2a50a5c52cc82fa50f26101cc423417 -> 
  custom:container-muxer-webm: aa71ff27fc2769a1b78a27578f13a17b -> 
  custom:scripting/monoscript/fileName/ContrastEnhance.cs: 25207a33818c5454fd86fad73189b2cd -> 
  custom:scripting/monoscript/fileName/WFX_Demo_Wall.cs: ebe32a1844666a18dc6e88646d62cdf3 -> 
  custom:video-decoder-webm-vp8: 9c59270c3fd7afecdb556c50c9e8de78 -> 
  custom:scripting/monoscript/fileName/CFX_AutoStopLoopedEffect.cs: 0a1116784d96426e30ae544ef0d48111 -> 
  custom:scripting/monoscript/fileName/PostEffectsHelper.cs: 5b0aade5ee85030099a328bfa56e17eb -> 
  custom:SearchIndexIgnoredProperties: e643bd26f0fe6173181afceb89e7c659 -> 
  custom:AudioImporter_EditorPlatform: d09bf68614088b80899f8185d706f6e7 -> 
  custom:scripting/monoscript/fileName/CreaseShading.cs: 5b17bf81bff982a9605309492401c574 -> 
  custom:scripting/monoscript/fileName/AntialiasingEditor.cs: cd1db322c4d4bac3e0fdd7740cc772c6 -> 
  custom:scripting/monoscript/fileName/Antialiasing.cs: bec6c7367bf7f3b527b25907b25d4102 -> 
  custom:scripting/monoscript/fileName/SepiaTone.cs: 67c7b044a145b042dba91a1a8d54f9f4 -> 
  custom:scripting/monoscript/fileName/ImageEffectBase.cs: 6d460e3d17a4175e44411c6923e62aed -> 
  custom:scripting/monoscript/fileName/NoiseAndGrain.cs: f4f7112c95c7474ffaf494b422803169 -> 
  custom:scripting/monoscript/fileName/BloomAndFlaresEditor.cs: 1f9e796d927ffcd86ccbfad6ec7007d5 -> 
  custom:scripting/monoscript/fileName/ScreenSpaceAmbientObscurance.cs: 958d0bf4e6842d24e3147fb5da01010e -> 
  custom:scripting/monoscript/fileName/CreaseShadingEditor.cs: 10fe90e5375fc621d9f19b702723dc86 -> 
  custom:scripting/monoscript/fileName/Fisheye.cs: ad168996bfc8fa7824e22ed9b5548fe9 -> 
  custom:scripting/monoscript/fileName/Twirl.cs: 13260c2451d9e72af8c2f232859ba959 -> 
  custom:scripting/monoscript/fileName/ScreenOverlay.cs: 8b6e368a4e3d0df848783015d0ee2b1e -> 
  custom:video-encoder-webm-vp8: eb34c28f22e8b96e1ab97ce403110664 -> 
  custom:scripting/monoscript/fileName/CFX_LightIntensityFade.cs: cdc33b13e94fac5095d515fc63c5bc75 -> 
  custom:scripting/monoscript/fileName/Bloom.cs: 33cd4fe5846ab030762c2d9a63dce329 -> 
  custom:audio-decoder-ogg-vorbis: bf7c407c2cedff20999df2af8eb42d56 -> 
  custom:scripting/monoscript/fileName/Vortex.cs: d2f7738ed789b7a977f000ffd0cf8890 -> 
  custom:scripting/monoscript/fileName/ColorCorrectionCurvesEditor.cs: ba8c98b45b2e94f575e6b8aff77cc447 -> 
  custom:scripting/monoscript/fileName/TonemappingEditor.cs: edac4117593cd8c316e847cfa4a2c184 -> 
  custom:scripting/monoscript/fileName/DepthOfField.cs: d3ca753d15782e18ed3483b3a0afd175 -> 
  custom:scripting/monoscript/fileName/BloomEditor.cs: 43b3df46b7cb2255d2c1c8dbcafea8dc -> 
  custom:scripting/monoscript/fileName/WFX_Demo.cs: 16a8c51f1dc0063656a39d0352fd910f -> 
  custom:scripting/monoscript/fileName/VignetteAndChromaticAberrationEditor.cs: de7480822b02f6e7bbb6e752b450d6c9 -> 
  custom:scripting/monoscript/fileName/BloomOptimized.cs: deef391a4062215fa64b13290b34b1e5 -> 
  custom:scripting/monoscript/fileName/BloomAndFlares.cs: 8afb5ea14b913734370925506b923fb7 -> 
  custom:scripting/monoscript/fileName/VignetteAndChromaticAberration.cs: 6f7816e6c6a96eb38e8b34a3171a3d7a -> 
  custom:scripting/monoscript/fileName/GlobalFog.cs: cec4a166fe83b304dd694da080c37c22 -> 
  custom:scripting/monoscript/fileName/CFX_Demo_Translate.cs: c85e572516e08f311291871f16fd4e55 -> 
  custom:audio-encoder-webm-vorbis: bf7c407c2cedff20999df2af8eb42d56 -> 
  custom:scripting/monoscript/fileName/Tonemapping.cs: c9f290b3ad74cc49f26aca1f0af02743 -> 
  custom:scripting/monoscript/fileName/CFX_AutoDestructShuriken.cs: 7d622660cad3b608810f352fdbc5d485 -> 
  custom:scripting/monoscript/fileName/EdgeDetection.cs: 7e270773de6bd808e57f1eb909c3207a -> 
  custom:scripting/monoscript/fileName/ColorCorrectionCurves.cs: 0fe9ce599982e40ac8aba010733d7bdc -> 
  custom:scripting/monoscript/fileName/ColorCorrectionRamp.cs: a7e8fab02fd9ee3f41f3660b4752114a -> 
  custom:scripting/monoscript/fileName/NoiseAndScratches.cs: e0c1886d5a6b335ec4861c2068c91d03 -> 
  custom:scripting/monoscript/fileName/WFX_Demo_New.cs: 225d44912cd20a0c8b007d7146330c83 -> 
========================================================================
Received Prepare
Begin MonoManager ReloadAssembly
- Loaded All Assemblies, in  0.554 seconds
Refreshing native plugins compatible for Editor in 5.55 ms, found 3 plugins.
Native extension for WindowsStandalone target not found
Native extension for WebGL target not found
Mono: successfully reloaded assembly
- Finished resetting the current domain, in  1.298 seconds
Domain Reload Profiling: 1846ms
	BeginReloadAssembly (180ms)
		ExecutionOrderSort (0ms)
		DisableScriptedObjects (6ms)
		BackupInstance (0ms)
		ReleaseScriptingObjects (0ms)
		CreateAndSetChildDomain (39ms)
	RebuildCommonClasses (42ms)
	RebuildNativeTypeToScriptingClass (16ms)
	initialDomainReloadingComplete (44ms)
	LoadAllAssembliesAndSetupDomain (265ms)
		LoadAssemblies (346ms)
		RebuildTransferFunctionScriptingTraits (0ms)
		AnalyzeDomain (18ms)
			TypeCache.Refresh (8ms)
				TypeCache.ScanAssembly (0ms)
			ScanForSourceGeneratedMonoScriptInfo (0ms)
			ResolveRequiredComponents (7ms)
	FinalizeReload (1298ms)
		ReleaseScriptCaches (0ms)
		RebuildScriptCaches (0ms)
		SetupLoadedEditorAssemblies (598ms)
			LogAssemblyErrors (0ms)
			InitializePlatformSupportModulesInManaged (12ms)
			SetLoadedEditorAssemblies (4ms)
			RefreshPlugins (0ms)
			BeforeProcessingInitializeOnLoad (80ms)
			ProcessInitializeOnLoadAttributes (459ms)
			ProcessInitializeOnLoadMethodAttributes (29ms)
			AfterProcessingInitializeOnLoad (14ms)
			EditorAssembliesLoaded (0ms)
		ExecutionOrderSort2 (0ms)
		AwakeInstancesAfterBackupRestoration (12ms)
Refreshing native plugins compatible for Editor in 6.05 ms, found 3 plugins.
Preloading 0 native plugins for Editor in 0.00 ms.
Unloading 3100 Unused Serialized files (Serialized files now loaded: 0)
Unloading 25 unused Assets / (31.6 KB). Loaded Objects now: 3607.
Memory consumption went from 148.2 MB to 148.1 MB.
Total: 3.756500 ms (FindLiveObjects: 0.412800 ms CreateObjectMapping: 0.333600 ms MarkObjects: 2.946300 ms  DeleteObjects: 0.062000 ms)

Prepare: number of updated asset objects reloaded= 0
AssetImportParameters requested are different than current active one (requested -> active):
  custom:scripting/monoscript/fileName/CFX_SpawnSystem.cs: da90548e33a5ac9767c2ab325529961a -> 
  custom:scripting/monoscript/fileName/DepthOfFieldDeprecated.cs: 8700a90d2d763e9c01f08a0cd128cca8 -> 
  custom:scripting/monoscript/fileName/CameraMotionBlur.cs: 458c2b6f90eeea041921d89083a79e55 -> 
  custom:scripting/monoscript/fileName/ColorCorrectionLookupEditor.cs: a2fb9e7138550e9aa0e0de2d21737d42 -> 
  custom:scripting/monoscript/fileName/TiltShift.cs: 13ff1d7342528fc14a2e194c2bdc09fb -> 
  custom:container-demuxer-ogg: 62fdf1f143b41e24485cea50d1cbac27 -> 
  custom:scripting/monoscript/fileName/ScreenSpaceAmbientOcclusion.cs: 42eb6963a5f738a978938eb937f58d78 -> 
  custom:scripting/monoscript/fileName/DepthOfFieldEditor.cs: a3868cd4e6c6aec7c31ee3ed2b09abe8 -> 
  custom:scripting/monoscript/fileName/NoiseAndGrainEditor.cs: 0276e69b6de7374aa913d893485a004e -> 
  custom:video-decoder-ogg-theora: a1e56fd34408186e4bbccfd4996cb3dc -> 
  custom:scripting/monoscript/fileName/SunShafts.cs: abee30526487200fa16387df850e7daf -> 
  custom:scripting/monoscript/fileName/MotionBlur.cs: 7d52f2ac2c90424481a38c8ec7edb91c -> 
  custom:framework-win-MediaFoundation: 216162199b28c13a410421893ffa2e32 -> 
  custom:scripting/monoscript/fileName/CFXEasyEditor.cs: 975509eb43d0b0d90d19d984ce47d25d -> 
  custom:scripting/monoscript/fileName/Grayscale.cs: 87671e23fd2948061f63e16eb704f3a3 -> 
  custom:scripting/monoscript/fileName/WFX_Demo_RandomDir.cs: 83412d56870e7b7abf13729c1e4f5956 -> 
  custom:scripting/monoscript/fileName/CFX_Demo_RandomDir.cs: 06fce4b0d835d8793ccf8307925e464f -> 
  custom:scripting/monoscript/fileName/BlurOptimized.cs: a99dff34286593c12b0fab92e7c0da68 -> 
  custom:scripting/monoscript/fileName/CameraMotionBlurEditor.cs: 7c502cd6630e6f5609abadb3991d9ab2 -> 
  custom:scripting/monoscript/fileName/Quads.cs: 2f24050aded65dda899533ba7849a43c -> 
  custom:scripting/monoscript/fileName/Blur.cs: 16b33e375f19895ec61239c77165934f -> 
  custom:scripting/monoscript/fileName/DepthOfFieldDeprecatedEditor.cs: 9c0d6ba6950f727fa7ed1bfef973ec32 -> 
  custom:scripting/monoscript/fileName/ImageEffects.cs: fc49fae855f2f50655b411c31423a73d -> 
  custom:scripting/monoscript/fileName/WFX_LightFlicker.cs: 1dfc4e18a67da64c518b9518e62ac4fe -> 
  custom:scripting/monoscript/fileName/PostEffectsBase.cs: 6aabc5a6e1a831a9196622d2796540be -> 
  custom:CustomObjectIndexerAttribute: 9a22284fe3817be447336de3de66b15e -> 
  custom:scripting/monoscript/fileName/ColorCorrectionLookup.cs: cdade6b297f1c116727fa6035591313f -> 
  custom:scripting/monoscript/fileName/CFX_SpawnSystemEditor.cs: 8ef4ed7f7ca5c207cc3108bdafbacf7e -> 
  custom:container-demuxer-webm: 4f35f7cbe854078d1ac9338744f61a02 -> 
  custom:scripting/monoscript/fileName/Triangles.cs: 64f7a3839fbac059155d5ec1d8597e9c -> 
  custom:scripting/monoscript/fileName/SunShaftsEditor.cs: 14ff19bb08f48e5592630a8ef09a85a4 -> 
  custom:scripting/monoscript/fileName/ContrastStretch.cs: 606dc0496a32ea6e71f97dc962793c28 -> 
  custom:scripting/monoscript/fileName/CFX_Demo_RotateCamera.cs: 1b6c7bbcbc0a01f776aafda62612b729 -> 
  custom:scripting/monoscript/fileName/WFX_Demo_DeleteAfterDelay.cs: a8456c85d9636ec3b34432ce15771790 -> 
  custom:scripting/monoscript/fileName/EdgeDetectionEditor.cs: 4cca3302e9c064dba4f706ba0e5d7102 -> 
  custom:scripting/monoscript/fileName/WFX_BulletHoleDecal.cs: b2a50a5c52cc82fa50f26101cc423417 -> 
  custom:container-muxer-webm: aa71ff27fc2769a1b78a27578f13a17b -> 
  custom:scripting/monoscript/fileName/ContrastEnhance.cs: 25207a33818c5454fd86fad73189b2cd -> 
  custom:scripting/monoscript/fileName/WFX_Demo_Wall.cs: ebe32a1844666a18dc6e88646d62cdf3 -> 
  custom:video-decoder-webm-vp8: 9c59270c3fd7afecdb556c50c9e8de78 -> 
  custom:scripting/monoscript/fileName/CFX_AutoStopLoopedEffect.cs: 0a1116784d96426e30ae544ef0d48111 -> 
  custom:scripting/monoscript/fileName/PostEffectsHelper.cs: 5b0aade5ee85030099a328bfa56e17eb -> 
  custom:SearchIndexIgnoredProperties: e643bd26f0fe6173181afceb89e7c659 -> 
  custom:AudioImporter_EditorPlatform: d09bf68614088b80899f8185d706f6e7 -> 
  custom:scripting/monoscript/fileName/CreaseShading.cs: 5b17bf81bff982a9605309492401c574 -> 
  custom:scripting/monoscript/fileName/AntialiasingEditor.cs: cd1db322c4d4bac3e0fdd7740cc772c6 -> 
  custom:scripting/monoscript/fileName/Antialiasing.cs: bec6c7367bf7f3b527b25907b25d4102 -> 
  custom:scripting/monoscript/fileName/SepiaTone.cs: 67c7b044a145b042dba91a1a8d54f9f4 -> 
  custom:scripting/monoscript/fileName/ImageEffectBase.cs: 6d460e3d17a4175e44411c6923e62aed -> 
  custom:scripting/monoscript/fileName/NoiseAndGrain.cs: f4f7112c95c7474ffaf494b422803169 -> 
  custom:scripting/monoscript/fileName/BloomAndFlaresEditor.cs: 1f9e796d927ffcd86ccbfad6ec7007d5 -> 
  custom:scripting/monoscript/fileName/ScreenSpaceAmbientObscurance.cs: 958d0bf4e6842d24e3147fb5da01010e -> 
  custom:scripting/monoscript/fileName/CreaseShadingEditor.cs: 10fe90e5375fc621d9f19b702723dc86 -> 
  custom:scripting/monoscript/fileName/Fisheye.cs: ad168996bfc8fa7824e22ed9b5548fe9 -> 
  custom:scripting/monoscript/fileName/Twirl.cs: 13260c2451d9e72af8c2f232859ba959 -> 
  custom:scripting/monoscript/fileName/ScreenOverlay.cs: 8b6e368a4e3d0df848783015d0ee2b1e -> 
  custom:video-encoder-webm-vp8: eb34c28f22e8b96e1ab97ce403110664 -> 
  custom:scripting/monoscript/fileName/CFX_LightIntensityFade.cs: cdc33b13e94fac5095d515fc63c5bc75 -> 
  custom:scripting/monoscript/fileName/Bloom.cs: 33cd4fe5846ab030762c2d9a63dce329 -> 
  custom:audio-decoder-ogg-vorbis: bf7c407c2cedff20999df2af8eb42d56 -> 
  custom:scripting/monoscript/fileName/Vortex.cs: d2f7738ed789b7a977f000ffd0cf8890 -> 
  custom:scripting/monoscript/fileName/ColorCorrectionCurvesEditor.cs: ba8c98b45b2e94f575e6b8aff77cc447 -> 
  custom:scripting/monoscript/fileName/TonemappingEditor.cs: edac4117593cd8c316e847cfa4a2c184 -> 
  custom:scripting/monoscript/fileName/DepthOfField.cs: d3ca753d15782e18ed3483b3a0afd175 -> 
  custom:scripting/monoscript/fileName/BloomEditor.cs: 43b3df46b7cb2255d2c1c8dbcafea8dc -> 
  custom:scripting/monoscript/fileName/WFX_Demo.cs: 16a8c51f1dc0063656a39d0352fd910f -> 
  custom:scripting/monoscript/fileName/VignetteAndChromaticAberrationEditor.cs: de7480822b02f6e7bbb6e752b450d6c9 -> 
  custom:scripting/monoscript/fileName/BloomOptimized.cs: deef391a4062215fa64b13290b34b1e5 -> 
  custom:scripting/monoscript/fileName/BloomAndFlares.cs: 8afb5ea14b913734370925506b923fb7 -> 
  custom:scripting/monoscript/fileName/VignetteAndChromaticAberration.cs: 6f7816e6c6a96eb38e8b34a3171a3d7a -> 
  custom:scripting/monoscript/fileName/GlobalFog.cs: cec4a166fe83b304dd694da080c37c22 -> 
  custom:scripting/monoscript/fileName/CFX_Demo_Translate.cs: c85e572516e08f311291871f16fd4e55 -> 
  custom:audio-encoder-webm-vorbis: bf7c407c2cedff20999df2af8eb42d56 -> 
  custom:scripting/monoscript/fileName/Tonemapping.cs: c9f290b3ad74cc49f26aca1f0af02743 -> 
  custom:scripting/monoscript/fileName/CFX_AutoDestructShuriken.cs: 7d622660cad3b608810f352fdbc5d485 -> 
  custom:scripting/monoscript/fileName/EdgeDetection.cs: 7e270773de6bd808e57f1eb909c3207a -> 
  custom:scripting/monoscript/fileName/ColorCorrectionCurves.cs: 0fe9ce599982e40ac8aba010733d7bdc -> 
  custom:scripting/monoscript/fileName/ColorCorrectionRamp.cs: a7e8fab02fd9ee3f41f3660b4752114a -> 
  custom:scripting/monoscript/fileName/NoiseAndScratches.cs: e0c1886d5a6b335ec4861c2068c91d03 -> 
  custom:scripting/monoscript/fileName/WFX_Demo_New.cs: 225d44912cd20a0c8b007d7146330c83 -> 
========================================================================
Received Prepare
Begin MonoManager ReloadAssembly
- Loaded All Assemblies, in  0.585 seconds
Refreshing native plugins compatible for Editor in 5.73 ms, found 3 plugins.
Native extension for WindowsStandalone target not found
Native extension for WebGL target not found
Mono: successfully reloaded assembly
- Finished resetting the current domain, in  1.257 seconds
Domain Reload Profiling: 1837ms
	BeginReloadAssembly (197ms)
		ExecutionOrderSort (0ms)
		DisableScriptedObjects (5ms)
		BackupInstance (0ms)
		ReleaseScriptingObjects (0ms)
		CreateAndSetChildDomain (42ms)
	RebuildCommonClasses (45ms)
	RebuildNativeTypeToScriptingClass (17ms)
	initialDomainReloadingComplete (43ms)
	LoadAllAssembliesAndSetupDomain (277ms)
		LoadAssemblies (370ms)
		RebuildTransferFunctionScriptingTraits (0ms)
		AnalyzeDomain (20ms)
			TypeCache.Refresh (9ms)
				TypeCache.ScanAssembly (0ms)
			ScanForSourceGeneratedMonoScriptInfo (0ms)
			ResolveRequiredComponents (8ms)
	FinalizeReload (1257ms)
		ReleaseScriptCaches (0ms)
		RebuildScriptCaches (0ms)
		SetupLoadedEditorAssemblies (560ms)
			LogAssemblyErrors (0ms)
			InitializePlatformSupportModulesInManaged (10ms)
			SetLoadedEditorAssemblies (5ms)
			RefreshPlugins (0ms)
			BeforeProcessingInitializeOnLoad (74ms)
			ProcessInitializeOnLoadAttributes (427ms)
			ProcessInitializeOnLoadMethodAttributes (30ms)
			AfterProcessingInitializeOnLoad (13ms)
			EditorAssembliesLoaded (0ms)
		ExecutionOrderSort2 (0ms)
		AwakeInstancesAfterBackupRestoration (12ms)
Refreshing native plugins compatible for Editor in 6.00 ms, found 3 plugins.
Preloading 0 native plugins for Editor in 0.00 ms.
Unloading 3100 Unused Serialized files (Serialized files now loaded: 0)
Unloading 25 unused Assets / (31.6 KB). Loaded Objects now: 3610.
Memory consumption went from 148.2 MB to 148.1 MB.
Total: 4.937700 ms (FindLiveObjects: 0.424400 ms CreateObjectMapping: 0.429100 ms MarkObjects: 4.003900 ms  DeleteObjects: 0.078800 ms)

Prepare: number of updated asset objects reloaded= 0
AssetImportParameters requested are different than current active one (requested -> active):
  custom:scripting/monoscript/fileName/CFX_SpawnSystem.cs: da90548e33a5ac9767c2ab325529961a -> 
  custom:scripting/monoscript/fileName/DepthOfFieldDeprecated.cs: 8700a90d2d763e9c01f08a0cd128cca8 -> 
  custom:scripting/monoscript/fileName/CameraMotionBlur.cs: 458c2b6f90eeea041921d89083a79e55 -> 
  custom:scripting/monoscript/fileName/ColorCorrectionLookupEditor.cs: a2fb9e7138550e9aa0e0de2d21737d42 -> 
  custom:scripting/monoscript/fileName/TiltShift.cs: 13ff1d7342528fc14a2e194c2bdc09fb -> 
  custom:container-demuxer-ogg: 62fdf1f143b41e24485cea50d1cbac27 -> 
  custom:scripting/monoscript/fileName/ScreenSpaceAmbientOcclusion.cs: 42eb6963a5f738a978938eb937f58d78 -> 
  custom:scripting/monoscript/fileName/DepthOfFieldEditor.cs: a3868cd4e6c6aec7c31ee3ed2b09abe8 -> 
  custom:scripting/monoscript/fileName/NoiseAndGrainEditor.cs: 0276e69b6de7374aa913d893485a004e -> 
  custom:video-decoder-ogg-theora: a1e56fd34408186e4bbccfd4996cb3dc -> 
  custom:scripting/monoscript/fileName/SunShafts.cs: abee30526487200fa16387df850e7daf -> 
  custom:scripting/monoscript/fileName/MotionBlur.cs: 7d52f2ac2c90424481a38c8ec7edb91c -> 
  custom:framework-win-MediaFoundation: 216162199b28c13a410421893ffa2e32 -> 
  custom:scripting/monoscript/fileName/CFXEasyEditor.cs: 975509eb43d0b0d90d19d984ce47d25d -> 
  custom:scripting/monoscript/fileName/Grayscale.cs: 87671e23fd2948061f63e16eb704f3a3 -> 
  custom:scripting/monoscript/fileName/WFX_Demo_RandomDir.cs: 83412d56870e7b7abf13729c1e4f5956 -> 
  custom:scripting/monoscript/fileName/CFX_Demo_RandomDir.cs: 06fce4b0d835d8793ccf8307925e464f -> 
  custom:scripting/monoscript/fileName/BlurOptimized.cs: a99dff34286593c12b0fab92e7c0da68 -> 
  custom:scripting/monoscript/fileName/CameraMotionBlurEditor.cs: 7c502cd6630e6f5609abadb3991d9ab2 -> 
  custom:scripting/monoscript/fileName/Quads.cs: 2f24050aded65dda899533ba7849a43c -> 
  custom:scripting/monoscript/fileName/Blur.cs: 16b33e375f19895ec61239c77165934f -> 
  custom:scripting/monoscript/fileName/DepthOfFieldDeprecatedEditor.cs: 9c0d6ba6950f727fa7ed1bfef973ec32 -> 
  custom:scripting/monoscript/fileName/ImageEffects.cs: fc49fae855f2f50655b411c31423a73d -> 
  custom:scripting/monoscript/fileName/WFX_LightFlicker.cs: 1dfc4e18a67da64c518b9518e62ac4fe -> 
  custom:scripting/monoscript/fileName/PostEffectsBase.cs: 6aabc5a6e1a831a9196622d2796540be -> 
  custom:CustomObjectIndexerAttribute: 9a22284fe3817be447336de3de66b15e -> 
  custom:scripting/monoscript/fileName/ColorCorrectionLookup.cs: cdade6b297f1c116727fa6035591313f -> 
  custom:scripting/monoscript/fileName/CFX_SpawnSystemEditor.cs: 8ef4ed7f7ca5c207cc3108bdafbacf7e -> 
  custom:container-demuxer-webm: 4f35f7cbe854078d1ac9338744f61a02 -> 
  custom:scripting/monoscript/fileName/Triangles.cs: 64f7a3839fbac059155d5ec1d8597e9c -> 
  custom:scripting/monoscript/fileName/SunShaftsEditor.cs: 14ff19bb08f48e5592630a8ef09a85a4 -> 
  custom:scripting/monoscript/fileName/ContrastStretch.cs: 606dc0496a32ea6e71f97dc962793c28 -> 
  custom:scripting/monoscript/fileName/CFX_Demo_RotateCamera.cs: 1b6c7bbcbc0a01f776aafda62612b729 -> 
  custom:scripting/monoscript/fileName/WFX_Demo_DeleteAfterDelay.cs: a8456c85d9636ec3b34432ce15771790 -> 
  custom:scripting/monoscript/fileName/EdgeDetectionEditor.cs: 4cca3302e9c064dba4f706ba0e5d7102 -> 
  custom:scripting/monoscript/fileName/WFX_BulletHoleDecal.cs: b2a50a5c52cc82fa50f26101cc423417 -> 
  custom:container-muxer-webm: aa71ff27fc2769a1b78a27578f13a17b -> 
  custom:scripting/monoscript/fileName/ContrastEnhance.cs: 25207a33818c5454fd86fad73189b2cd -> 
  custom:scripting/monoscript/fileName/WFX_Demo_Wall.cs: ebe32a1844666a18dc6e88646d62cdf3 -> 
  custom:video-decoder-webm-vp8: 9c59270c3fd7afecdb556c50c9e8de78 -> 
  custom:scripting/monoscript/fileName/CFX_AutoStopLoopedEffect.cs: 0a1116784d96426e30ae544ef0d48111 -> 
  custom:scripting/monoscript/fileName/PostEffectsHelper.cs: 5b0aade5ee85030099a328bfa56e17eb -> 
  custom:SearchIndexIgnoredProperties: e643bd26f0fe6173181afceb89e7c659 -> 
  custom:AudioImporter_EditorPlatform: d09bf68614088b80899f8185d706f6e7 -> 
  custom:scripting/monoscript/fileName/CreaseShading.cs: 5b17bf81bff982a9605309492401c574 -> 
  custom:scripting/monoscript/fileName/AntialiasingEditor.cs: cd1db322c4d4bac3e0fdd7740cc772c6 -> 
  custom:scripting/monoscript/fileName/Antialiasing.cs: bec6c7367bf7f3b527b25907b25d4102 -> 
  custom:scripting/monoscript/fileName/SepiaTone.cs: 67c7b044a145b042dba91a1a8d54f9f4 -> 
  custom:scripting/monoscript/fileName/ImageEffectBase.cs: 6d460e3d17a4175e44411c6923e62aed -> 
  custom:scripting/monoscript/fileName/NoiseAndGrain.cs: f4f7112c95c7474ffaf494b422803169 -> 
  custom:scripting/monoscript/fileName/BloomAndFlaresEditor.cs: 1f9e796d927ffcd86ccbfad6ec7007d5 -> 
  custom:scripting/monoscript/fileName/ScreenSpaceAmbientObscurance.cs: 958d0bf4e6842d24e3147fb5da01010e -> 
  custom:scripting/monoscript/fileName/CreaseShadingEditor.cs: 10fe90e5375fc621d9f19b702723dc86 -> 
  custom:scripting/monoscript/fileName/Fisheye.cs: ad168996bfc8fa7824e22ed9b5548fe9 -> 
  custom:scripting/monoscript/fileName/Twirl.cs: 13260c2451d9e72af8c2f232859ba959 -> 
  custom:scripting/monoscript/fileName/ScreenOverlay.cs: 8b6e368a4e3d0df848783015d0ee2b1e -> 
  custom:video-encoder-webm-vp8: eb34c28f22e8b96e1ab97ce403110664 -> 
  custom:scripting/monoscript/fileName/CFX_LightIntensityFade.cs: cdc33b13e94fac5095d515fc63c5bc75 -> 
  custom:scripting/monoscript/fileName/Bloom.cs: 33cd4fe5846ab030762c2d9a63dce329 -> 
  custom:audio-decoder-ogg-vorbis: bf7c407c2cedff20999df2af8eb42d56 -> 
  custom:scripting/monoscript/fileName/Vortex.cs: d2f7738ed789b7a977f000ffd0cf8890 -> 
  custom:scripting/monoscript/fileName/ColorCorrectionCurvesEditor.cs: ba8c98b45b2e94f575e6b8aff77cc447 -> 
  custom:scripting/monoscript/fileName/TonemappingEditor.cs: edac4117593cd8c316e847cfa4a2c184 -> 
  custom:scripting/monoscript/fileName/DepthOfField.cs: d3ca753d15782e18ed3483b3a0afd175 -> 
  custom:scripting/monoscript/fileName/BloomEditor.cs: 43b3df46b7cb2255d2c1c8dbcafea8dc -> 
  custom:scripting/monoscript/fileName/WFX_Demo.cs: 16a8c51f1dc0063656a39d0352fd910f -> 
  custom:scripting/monoscript/fileName/VignetteAndChromaticAberrationEditor.cs: de7480822b02f6e7bbb6e752b450d6c9 -> 
  custom:scripting/monoscript/fileName/BloomOptimized.cs: deef391a4062215fa64b13290b34b1e5 -> 
  custom:scripting/monoscript/fileName/BloomAndFlares.cs: 8afb5ea14b913734370925506b923fb7 -> 
  custom:scripting/monoscript/fileName/VignetteAndChromaticAberration.cs: 6f7816e6c6a96eb38e8b34a3171a3d7a -> 
  custom:scripting/monoscript/fileName/GlobalFog.cs: cec4a166fe83b304dd694da080c37c22 -> 
  custom:scripting/monoscript/fileName/CFX_Demo_Translate.cs: c85e572516e08f311291871f16fd4e55 -> 
  custom:audio-encoder-webm-vorbis: bf7c407c2cedff20999df2af8eb42d56 -> 
  custom:scripting/monoscript/fileName/Tonemapping.cs: c9f290b3ad74cc49f26aca1f0af02743 -> 
  custom:scripting/monoscript/fileName/CFX_AutoDestructShuriken.cs: 7d622660cad3b608810f352fdbc5d485 -> 
  custom:scripting/monoscript/fileName/EdgeDetection.cs: 7e270773de6bd808e57f1eb909c3207a -> 
  custom:scripting/monoscript/fileName/ColorCorrectionCurves.cs: 0fe9ce599982e40ac8aba010733d7bdc -> 
  custom:scripting/monoscript/fileName/ColorCorrectionRamp.cs: a7e8fab02fd9ee3f41f3660b4752114a -> 
  custom:scripting/monoscript/fileName/NoiseAndScratches.cs: e0c1886d5a6b335ec4861c2068c91d03 -> 
  custom:scripting/monoscript/fileName/WFX_Demo_New.cs: 225d44912cd20a0c8b007d7146330c83 -> 
========================================================================
Received Prepare
Begin MonoManager ReloadAssembly
- Loaded All Assemblies, in  0.532 seconds
Refreshing native plugins compatible for Editor in 4.90 ms, found 3 plugins.
Native extension for WindowsStandalone target not found
Native extension for WebGL target not found
Mono: successfully reloaded assembly
- Finished resetting the current domain, in  1.394 seconds
Domain Reload Profiling: 1922ms
	BeginReloadAssembly (180ms)
		ExecutionOrderSort (0ms)
		DisableScriptedObjects (6ms)
		BackupInstance (0ms)
		ReleaseScriptingObjects (0ms)
		CreateAndSetChildDomain (35ms)
	RebuildCommonClasses (42ms)
	RebuildNativeTypeToScriptingClass (13ms)
	initialDomainReloadingComplete (38ms)
	LoadAllAssembliesAndSetupDomain (255ms)
		LoadAssemblies (335ms)
		RebuildTransferFunctionScriptingTraits (0ms)
		AnalyzeDomain (17ms)
			TypeCache.Refresh (8ms)
				TypeCache.ScanAssembly (0ms)
			ScanForSourceGeneratedMonoScriptInfo (0ms)
			ResolveRequiredComponents (7ms)
	FinalizeReload (1395ms)
		ReleaseScriptCaches (0ms)
		RebuildScriptCaches (0ms)
		SetupLoadedEditorAssemblies (624ms)
			LogAssemblyErrors (0ms)
			InitializePlatformSupportModulesInManaged (12ms)
			SetLoadedEditorAssemblies (4ms)
			RefreshPlugins (0ms)
			BeforeProcessingInitializeOnLoad (91ms)
			ProcessInitializeOnLoadAttributes (468ms)
			ProcessInitializeOnLoadMethodAttributes (35ms)
			AfterProcessingInitializeOnLoad (14ms)
			EditorAssembliesLoaded (0ms)
		ExecutionOrderSort2 (0ms)
		AwakeInstancesAfterBackupRestoration (14ms)
Refreshing native plugins compatible for Editor in 5.71 ms, found 3 plugins.
Preloading 0 native plugins for Editor in 0.00 ms.
Unloading 3100 Unused Serialized files (Serialized files now loaded: 0)
Unloading 25 unused Assets / (31.7 KB). Loaded Objects now: 3613.
Memory consumption went from 148.2 MB to 148.1 MB.
Total: 4.299600 ms (FindLiveObjects: 0.312300 ms CreateObjectMapping: 0.372400 ms MarkObjects: 3.547800 ms  DeleteObjects: 0.065600 ms)

Prepare: number of updated asset objects reloaded= 0
AssetImportParameters requested are different than current active one (requested -> active):
  custom:scripting/monoscript/fileName/CFX_SpawnSystem.cs: da90548e33a5ac9767c2ab325529961a -> 
  custom:scripting/monoscript/fileName/DepthOfFieldDeprecated.cs: 8700a90d2d763e9c01f08a0cd128cca8 -> 
  custom:scripting/monoscript/fileName/CameraMotionBlur.cs: 458c2b6f90eeea041921d89083a79e55 -> 
  custom:scripting/monoscript/fileName/ColorCorrectionLookupEditor.cs: a2fb9e7138550e9aa0e0de2d21737d42 -> 
  custom:scripting/monoscript/fileName/TiltShift.cs: 13ff1d7342528fc14a2e194c2bdc09fb -> 
  custom:container-demuxer-ogg: 62fdf1f143b41e24485cea50d1cbac27 -> 
  custom:scripting/monoscript/fileName/ScreenSpaceAmbientOcclusion.cs: 42eb6963a5f738a978938eb937f58d78 -> 
  custom:scripting/monoscript/fileName/DepthOfFieldEditor.cs: a3868cd4e6c6aec7c31ee3ed2b09abe8 -> 
  custom:scripting/monoscript/fileName/NoiseAndGrainEditor.cs: 0276e69b6de7374aa913d893485a004e -> 
  custom:video-decoder-ogg-theora: a1e56fd34408186e4bbccfd4996cb3dc -> 
  custom:scripting/monoscript/fileName/SunShafts.cs: abee30526487200fa16387df850e7daf -> 
  custom:scripting/monoscript/fileName/MotionBlur.cs: 7d52f2ac2c90424481a38c8ec7edb91c -> 
  custom:framework-win-MediaFoundation: 216162199b28c13a410421893ffa2e32 -> 
  custom:scripting/monoscript/fileName/CFXEasyEditor.cs: 975509eb43d0b0d90d19d984ce47d25d -> 
  custom:scripting/monoscript/fileName/Grayscale.cs: 87671e23fd2948061f63e16eb704f3a3 -> 
  custom:scripting/monoscript/fileName/WFX_Demo_RandomDir.cs: 83412d56870e7b7abf13729c1e4f5956 -> 
  custom:scripting/monoscript/fileName/CFX_Demo_RandomDir.cs: 06fce4b0d835d8793ccf8307925e464f -> 
  custom:scripting/monoscript/fileName/BlurOptimized.cs: a99dff34286593c12b0fab92e7c0da68 -> 
  custom:scripting/monoscript/fileName/CameraMotionBlurEditor.cs: 7c502cd6630e6f5609abadb3991d9ab2 -> 
  custom:scripting/monoscript/fileName/Quads.cs: 2f24050aded65dda899533ba7849a43c -> 
  custom:scripting/monoscript/fileName/Blur.cs: 16b33e375f19895ec61239c77165934f -> 
  custom:scripting/monoscript/fileName/DepthOfFieldDeprecatedEditor.cs: 9c0d6ba6950f727fa7ed1bfef973ec32 -> 
  custom:scripting/monoscript/fileName/ImageEffects.cs: fc49fae855f2f50655b411c31423a73d -> 
  custom:scripting/monoscript/fileName/WFX_LightFlicker.cs: 1dfc4e18a67da64c518b9518e62ac4fe -> 
  custom:scripting/monoscript/fileName/PostEffectsBase.cs: 6aabc5a6e1a831a9196622d2796540be -> 
  custom:CustomObjectIndexerAttribute: 9a22284fe3817be447336de3de66b15e -> 
  custom:scripting/monoscript/fileName/ColorCorrectionLookup.cs: cdade6b297f1c116727fa6035591313f -> 
  custom:scripting/monoscript/fileName/CFX_SpawnSystemEditor.cs: 8ef4ed7f7ca5c207cc3108bdafbacf7e -> 
  custom:container-demuxer-webm: 4f35f7cbe854078d1ac9338744f61a02 -> 
  custom:scripting/monoscript/fileName/Triangles.cs: 64f7a3839fbac059155d5ec1d8597e9c -> 
  custom:scripting/monoscript/fileName/SunShaftsEditor.cs: 14ff19bb08f48e5592630a8ef09a85a4 -> 
  custom:scripting/monoscript/fileName/ContrastStretch.cs: 606dc0496a32ea6e71f97dc962793c28 -> 
  custom:scripting/monoscript/fileName/CFX_Demo_RotateCamera.cs: 1b6c7bbcbc0a01f776aafda62612b729 -> 
  custom:scripting/monoscript/fileName/WFX_Demo_DeleteAfterDelay.cs: a8456c85d9636ec3b34432ce15771790 -> 
  custom:scripting/monoscript/fileName/EdgeDetectionEditor.cs: 4cca3302e9c064dba4f706ba0e5d7102 -> 
  custom:scripting/monoscript/fileName/WFX_BulletHoleDecal.cs: b2a50a5c52cc82fa50f26101cc423417 -> 
  custom:container-muxer-webm: aa71ff27fc2769a1b78a27578f13a17b -> 
  custom:scripting/monoscript/fileName/ContrastEnhance.cs: 25207a33818c5454fd86fad73189b2cd -> 
  custom:scripting/monoscript/fileName/WFX_Demo_Wall.cs: ebe32a1844666a18dc6e88646d62cdf3 -> 
  custom:video-decoder-webm-vp8: 9c59270c3fd7afecdb556c50c9e8de78 -> 
  custom:scripting/monoscript/fileName/CFX_AutoStopLoopedEffect.cs: 0a1116784d96426e30ae544ef0d48111 -> 
  custom:scripting/monoscript/fileName/PostEffectsHelper.cs: 5b0aade5ee85030099a328bfa56e17eb -> 
  custom:SearchIndexIgnoredProperties: e643bd26f0fe6173181afceb89e7c659 -> 
  custom:AudioImporter_EditorPlatform: d09bf68614088b80899f8185d706f6e7 -> 
  custom:scripting/monoscript/fileName/CreaseShading.cs: 5b17bf81bff982a9605309492401c574 -> 
  custom:scripting/monoscript/fileName/AntialiasingEditor.cs: cd1db322c4d4bac3e0fdd7740cc772c6 -> 
  custom:scripting/monoscript/fileName/Antialiasing.cs: bec6c7367bf7f3b527b25907b25d4102 -> 
  custom:scripting/monoscript/fileName/SepiaTone.cs: 67c7b044a145b042dba91a1a8d54f9f4 -> 
  custom:scripting/monoscript/fileName/ImageEffectBase.cs: 6d460e3d17a4175e44411c6923e62aed -> 
  custom:scripting/monoscript/fileName/NoiseAndGrain.cs: f4f7112c95c7474ffaf494b422803169 -> 
  custom:scripting/monoscript/fileName/BloomAndFlaresEditor.cs: 1f9e796d927ffcd86ccbfad6ec7007d5 -> 
  custom:scripting/monoscript/fileName/ScreenSpaceAmbientObscurance.cs: 958d0bf4e6842d24e3147fb5da01010e -> 
  custom:scripting/monoscript/fileName/CreaseShadingEditor.cs: 10fe90e5375fc621d9f19b702723dc86 -> 
  custom:scripting/monoscript/fileName/Fisheye.cs: ad168996bfc8fa7824e22ed9b5548fe9 -> 
  custom:scripting/monoscript/fileName/Twirl.cs: 13260c2451d9e72af8c2f232859ba959 -> 
  custom:scripting/monoscript/fileName/ScreenOverlay.cs: 8b6e368a4e3d0df848783015d0ee2b1e -> 
  custom:video-encoder-webm-vp8: eb34c28f22e8b96e1ab97ce403110664 -> 
  custom:scripting/monoscript/fileName/CFX_LightIntensityFade.cs: cdc33b13e94fac5095d515fc63c5bc75 -> 
  custom:scripting/monoscript/fileName/Bloom.cs: 33cd4fe5846ab030762c2d9a63dce329 -> 
  custom:audio-decoder-ogg-vorbis: bf7c407c2cedff20999df2af8eb42d56 -> 
  custom:scripting/monoscript/fileName/Vortex.cs: d2f7738ed789b7a977f000ffd0cf8890 -> 
  custom:scripting/monoscript/fileName/ColorCorrectionCurvesEditor.cs: ba8c98b45b2e94f575e6b8aff77cc447 -> 
  custom:scripting/monoscript/fileName/TonemappingEditor.cs: edac4117593cd8c316e847cfa4a2c184 -> 
  custom:scripting/monoscript/fileName/DepthOfField.cs: d3ca753d15782e18ed3483b3a0afd175 -> 
  custom:scripting/monoscript/fileName/BloomEditor.cs: 43b3df46b7cb2255d2c1c8dbcafea8dc -> 
  custom:scripting/monoscript/fileName/WFX_Demo.cs: 16a8c51f1dc0063656a39d0352fd910f -> 
  custom:scripting/monoscript/fileName/VignetteAndChromaticAberrationEditor.cs: de7480822b02f6e7bbb6e752b450d6c9 -> 
  custom:scripting/monoscript/fileName/BloomOptimized.cs: deef391a4062215fa64b13290b34b1e5 -> 
  custom:scripting/monoscript/fileName/BloomAndFlares.cs: 8afb5ea14b913734370925506b923fb7 -> 
  custom:scripting/monoscript/fileName/VignetteAndChromaticAberration.cs: 6f7816e6c6a96eb38e8b34a3171a3d7a -> 
  custom:scripting/monoscript/fileName/GlobalFog.cs: cec4a166fe83b304dd694da080c37c22 -> 
  custom:scripting/monoscript/fileName/CFX_Demo_Translate.cs: c85e572516e08f311291871f16fd4e55 -> 
  custom:audio-encoder-webm-vorbis: bf7c407c2cedff20999df2af8eb42d56 -> 
  custom:scripting/monoscript/fileName/Tonemapping.cs: c9f290b3ad74cc49f26aca1f0af02743 -> 
  custom:scripting/monoscript/fileName/CFX_AutoDestructShuriken.cs: 7d622660cad3b608810f352fdbc5d485 -> 
  custom:scripting/monoscript/fileName/EdgeDetection.cs: 7e270773de6bd808e57f1eb909c3207a -> 
  custom:scripting/monoscript/fileName/ColorCorrectionCurves.cs: 0fe9ce599982e40ac8aba010733d7bdc -> 
  custom:scripting/monoscript/fileName/ColorCorrectionRamp.cs: a7e8fab02fd9ee3f41f3660b4752114a -> 
  custom:scripting/monoscript/fileName/NoiseAndScratches.cs: e0c1886d5a6b335ec4861c2068c91d03 -> 
  custom:scripting/monoscript/fileName/WFX_Demo_New.cs: 225d44912cd20a0c8b007d7146330c83 -> 
========================================================================
Received Prepare
Begin MonoManager ReloadAssembly
- Loaded All Assemblies, in  0.603 seconds
Refreshing native plugins compatible for Editor in 5.69 ms, found 3 plugins.
Native extension for WindowsStandalone target not found
Native extension for WebGL target not found
Mono: successfully reloaded assembly
- Finished resetting the current domain, in  1.373 seconds
Domain Reload Profiling: 1971ms
	BeginReloadAssembly (217ms)
		ExecutionOrderSort (0ms)
		DisableScriptedObjects (7ms)
		BackupInstance (0ms)
		ReleaseScriptingObjects (0ms)
		CreateAndSetChildDomain (44ms)
	RebuildCommonClasses (46ms)
	RebuildNativeTypeToScriptingClass (17ms)
	initialDomainReloadingComplete (44ms)
	LoadAllAssembliesAndSetupDomain (274ms)
		LoadAssemblies (377ms)
		RebuildTransferFunctionScriptingTraits (0ms)
		AnalyzeDomain (21ms)
			TypeCache.Refresh (9ms)
				TypeCache.ScanAssembly (0ms)
			ScanForSourceGeneratedMonoScriptInfo (0ms)
			ResolveRequiredComponents (8ms)
	FinalizeReload (1374ms)
		ReleaseScriptCaches (0ms)
		RebuildScriptCaches (0ms)
		SetupLoadedEditorAssemblies (622ms)
			LogAssemblyErrors (0ms)
			InitializePlatformSupportModulesInManaged (11ms)
			SetLoadedEditorAssemblies (3ms)
			RefreshPlugins (0ms)
			BeforeProcessingInitializeOnLoad (81ms)
			ProcessInitializeOnLoadAttributes (484ms)
			ProcessInitializeOnLoadMethodAttributes (30ms)
			AfterProcessingInitializeOnLoad (11ms)
			EditorAssembliesLoaded (0ms)
		ExecutionOrderSort2 (0ms)
		AwakeInstancesAfterBackupRestoration (13ms)
Refreshing native plugins compatible for Editor in 6.23 ms, found 3 plugins.
Preloading 0 native plugins for Editor in 0.00 ms.
Unloading 3100 Unused Serialized files (Serialized files now loaded: 0)
Unloading 25 unused Assets / (31.6 KB). Loaded Objects now: 3616.
Memory consumption went from 148.2 MB to 148.1 MB.
Total: 4.865200 ms (FindLiveObjects: 0.623600 ms CreateObjectMapping: 0.363700 ms MarkObjects: 3.820100 ms  DeleteObjects: 0.056400 ms)

Prepare: number of updated asset objects reloaded= 0
AssetImportParameters requested are different than current active one (requested -> active):
  custom:scripting/monoscript/fileName/CFX_SpawnSystem.cs: da90548e33a5ac9767c2ab325529961a -> 
  custom:scripting/monoscript/fileName/DepthOfFieldDeprecated.cs: 8700a90d2d763e9c01f08a0cd128cca8 -> 
  custom:scripting/monoscript/fileName/CameraMotionBlur.cs: 458c2b6f90eeea041921d89083a79e55 -> 
  custom:scripting/monoscript/fileName/ColorCorrectionLookupEditor.cs: a2fb9e7138550e9aa0e0de2d21737d42 -> 
  custom:scripting/monoscript/fileName/TiltShift.cs: 13ff1d7342528fc14a2e194c2bdc09fb -> 
  custom:container-demuxer-ogg: 62fdf1f143b41e24485cea50d1cbac27 -> 
  custom:scripting/monoscript/fileName/ScreenSpaceAmbientOcclusion.cs: 42eb6963a5f738a978938eb937f58d78 -> 
  custom:scripting/monoscript/fileName/DepthOfFieldEditor.cs: a3868cd4e6c6aec7c31ee3ed2b09abe8 -> 
  custom:scripting/monoscript/fileName/NoiseAndGrainEditor.cs: 0276e69b6de7374aa913d893485a004e -> 
  custom:video-decoder-ogg-theora: a1e56fd34408186e4bbccfd4996cb3dc -> 
  custom:scripting/monoscript/fileName/SunShafts.cs: abee30526487200fa16387df850e7daf -> 
  custom:scripting/monoscript/fileName/MotionBlur.cs: 7d52f2ac2c90424481a38c8ec7edb91c -> 
  custom:framework-win-MediaFoundation: 216162199b28c13a410421893ffa2e32 -> 
  custom:scripting/monoscript/fileName/CFXEasyEditor.cs: 975509eb43d0b0d90d19d984ce47d25d -> 
  custom:scripting/monoscript/fileName/Grayscale.cs: 87671e23fd2948061f63e16eb704f3a3 -> 
  custom:scripting/monoscript/fileName/WFX_Demo_RandomDir.cs: 83412d56870e7b7abf13729c1e4f5956 -> 
  custom:scripting/monoscript/fileName/CFX_Demo_RandomDir.cs: 06fce4b0d835d8793ccf8307925e464f -> 
  custom:scripting/monoscript/fileName/BlurOptimized.cs: a99dff34286593c12b0fab92e7c0da68 -> 
  custom:scripting/monoscript/fileName/CameraMotionBlurEditor.cs: 7c502cd6630e6f5609abadb3991d9ab2 -> 
  custom:scripting/monoscript/fileName/Quads.cs: 2f24050aded65dda899533ba7849a43c -> 
  custom:scripting/monoscript/fileName/Blur.cs: 16b33e375f19895ec61239c77165934f -> 
  custom:scripting/monoscript/fileName/DepthOfFieldDeprecatedEditor.cs: 9c0d6ba6950f727fa7ed1bfef973ec32 -> 
  custom:scripting/monoscript/fileName/ImageEffects.cs: fc49fae855f2f50655b411c31423a73d -> 
  custom:scripting/monoscript/fileName/WFX_LightFlicker.cs: 1dfc4e18a67da64c518b9518e62ac4fe -> 
  custom:scripting/monoscript/fileName/PostEffectsBase.cs: 6aabc5a6e1a831a9196622d2796540be -> 
  custom:CustomObjectIndexerAttribute: 9a22284fe3817be447336de3de66b15e -> 
  custom:scripting/monoscript/fileName/ColorCorrectionLookup.cs: cdade6b297f1c116727fa6035591313f -> 
  custom:scripting/monoscript/fileName/CFX_SpawnSystemEditor.cs: 8ef4ed7f7ca5c207cc3108bdafbacf7e -> 
  custom:container-demuxer-webm: 4f35f7cbe854078d1ac9338744f61a02 -> 
  custom:scripting/monoscript/fileName/Triangles.cs: 64f7a3839fbac059155d5ec1d8597e9c -> 
  custom:scripting/monoscript/fileName/SunShaftsEditor.cs: 14ff19bb08f48e5592630a8ef09a85a4 -> 
  custom:scripting/monoscript/fileName/ContrastStretch.cs: 606dc0496a32ea6e71f97dc962793c28 -> 
  custom:scripting/monoscript/fileName/CFX_Demo_RotateCamera.cs: 1b6c7bbcbc0a01f776aafda62612b729 -> 
  custom:scripting/monoscript/fileName/WFX_Demo_DeleteAfterDelay.cs: a8456c85d9636ec3b34432ce15771790 -> 
  custom:scripting/monoscript/fileName/EdgeDetectionEditor.cs: 4cca3302e9c064dba4f706ba0e5d7102 -> 
  custom:scripting/monoscript/fileName/WFX_BulletHoleDecal.cs: b2a50a5c52cc82fa50f26101cc423417 -> 
  custom:container-muxer-webm: aa71ff27fc2769a1b78a27578f13a17b -> 
  custom:scripting/monoscript/fileName/ContrastEnhance.cs: 25207a33818c5454fd86fad73189b2cd -> 
  custom:scripting/monoscript/fileName/WFX_Demo_Wall.cs: ebe32a1844666a18dc6e88646d62cdf3 -> 
  custom:video-decoder-webm-vp8: 9c59270c3fd7afecdb556c50c9e8de78 -> 
  custom:scripting/monoscript/fileName/CFX_AutoStopLoopedEffect.cs: 0a1116784d96426e30ae544ef0d48111 -> 
  custom:scripting/monoscript/fileName/PostEffectsHelper.cs: 5b0aade5ee85030099a328bfa56e17eb -> 
  custom:SearchIndexIgnoredProperties: e643bd26f0fe6173181afceb89e7c659 -> 
  custom:AudioImporter_EditorPlatform: d09bf68614088b80899f8185d706f6e7 -> 
  custom:scripting/monoscript/fileName/CreaseShading.cs: 5b17bf81bff982a9605309492401c574 -> 
  custom:scripting/monoscript/fileName/AntialiasingEditor.cs: cd1db322c4d4bac3e0fdd7740cc772c6 -> 
  custom:scripting/monoscript/fileName/Antialiasing.cs: bec6c7367bf7f3b527b25907b25d4102 -> 
  custom:scripting/monoscript/fileName/SepiaTone.cs: 67c7b044a145b042dba91a1a8d54f9f4 -> 
  custom:scripting/monoscript/fileName/ImageEffectBase.cs: 6d460e3d17a4175e44411c6923e62aed -> 
  custom:scripting/monoscript/fileName/NoiseAndGrain.cs: f4f7112c95c7474ffaf494b422803169 -> 
  custom:scripting/monoscript/fileName/BloomAndFlaresEditor.cs: 1f9e796d927ffcd86ccbfad6ec7007d5 -> 
  custom:scripting/monoscript/fileName/ScreenSpaceAmbientObscurance.cs: 958d0bf4e6842d24e3147fb5da01010e -> 
  custom:scripting/monoscript/fileName/CreaseShadingEditor.cs: 10fe90e5375fc621d9f19b702723dc86 -> 
  custom:scripting/monoscript/fileName/Fisheye.cs: ad168996bfc8fa7824e22ed9b5548fe9 -> 
  custom:scripting/monoscript/fileName/Twirl.cs: 13260c2451d9e72af8c2f232859ba959 -> 
  custom:scripting/monoscript/fileName/ScreenOverlay.cs: 8b6e368a4e3d0df848783015d0ee2b1e -> 
  custom:video-encoder-webm-vp8: eb34c28f22e8b96e1ab97ce403110664 -> 
  custom:scripting/monoscript/fileName/CFX_LightIntensityFade.cs: cdc33b13e94fac5095d515fc63c5bc75 -> 
  custom:scripting/monoscript/fileName/Bloom.cs: 33cd4fe5846ab030762c2d9a63dce329 -> 
  custom:audio-decoder-ogg-vorbis: bf7c407c2cedff20999df2af8eb42d56 -> 
  custom:scripting/monoscript/fileName/Vortex.cs: d2f7738ed789b7a977f000ffd0cf8890 -> 
  custom:scripting/monoscript/fileName/ColorCorrectionCurvesEditor.cs: ba8c98b45b2e94f575e6b8aff77cc447 -> 
  custom:scripting/monoscript/fileName/TonemappingEditor.cs: edac4117593cd8c316e847cfa4a2c184 -> 
  custom:scripting/monoscript/fileName/DepthOfField.cs: d3ca753d15782e18ed3483b3a0afd175 -> 
  custom:scripting/monoscript/fileName/BloomEditor.cs: 43b3df46b7cb2255d2c1c8dbcafea8dc -> 
  custom:scripting/monoscript/fileName/WFX_Demo.cs: 16a8c51f1dc0063656a39d0352fd910f -> 
  custom:scripting/monoscript/fileName/VignetteAndChromaticAberrationEditor.cs: de7480822b02f6e7bbb6e752b450d6c9 -> 
  custom:scripting/monoscript/fileName/BloomOptimized.cs: deef391a4062215fa64b13290b34b1e5 -> 
  custom:scripting/monoscript/fileName/BloomAndFlares.cs: 8afb5ea14b913734370925506b923fb7 -> 
  custom:scripting/monoscript/fileName/VignetteAndChromaticAberration.cs: 6f7816e6c6a96eb38e8b34a3171a3d7a -> 
  custom:scripting/monoscript/fileName/GlobalFog.cs: cec4a166fe83b304dd694da080c37c22 -> 
  custom:scripting/monoscript/fileName/CFX_Demo_Translate.cs: c85e572516e08f311291871f16fd4e55 -> 
  custom:audio-encoder-webm-vorbis: bf7c407c2cedff20999df2af8eb42d56 -> 
  custom:scripting/monoscript/fileName/Tonemapping.cs: c9f290b3ad74cc49f26aca1f0af02743 -> 
  custom:scripting/monoscript/fileName/CFX_AutoDestructShuriken.cs: 7d622660cad3b608810f352fdbc5d485 -> 
  custom:scripting/monoscript/fileName/EdgeDetection.cs: 7e270773de6bd808e57f1eb909c3207a -> 
  custom:scripting/monoscript/fileName/ColorCorrectionCurves.cs: 0fe9ce599982e40ac8aba010733d7bdc -> 
  custom:scripting/monoscript/fileName/ColorCorrectionRamp.cs: a7e8fab02fd9ee3f41f3660b4752114a -> 
  custom:scripting/monoscript/fileName/NoiseAndScratches.cs: e0c1886d5a6b335ec4861c2068c91d03 -> 
  custom:scripting/monoscript/fileName/WFX_Demo_New.cs: 225d44912cd20a0c8b007d7146330c83 -> 
========================================================================
Received Prepare
Begin MonoManager ReloadAssembly
- Loaded All Assemblies, in  0.529 seconds
Refreshing native plugins compatible for Editor in 4.94 ms, found 3 plugins.
Native extension for WindowsStandalone target not found
Native extension for WebGL target not found
Mono: successfully reloaded assembly
- Finished resetting the current domain, in  1.205 seconds
Domain Reload Profiling: 1730ms
	BeginReloadAssembly (185ms)
		ExecutionOrderSort (0ms)
		DisableScriptedObjects (5ms)
		BackupInstance (0ms)
		ReleaseScriptingObjects (0ms)
		CreateAndSetChildDomain (39ms)
	RebuildCommonClasses (41ms)
	RebuildNativeTypeToScriptingClass (13ms)
	initialDomainReloadingComplete (35ms)
	LoadAllAssembliesAndSetupDomain (250ms)
		LoadAssemblies (339ms)
		RebuildTransferFunctionScriptingTraits (0ms)
		AnalyzeDomain (15ms)
			TypeCache.Refresh (6ms)
				TypeCache.ScanAssembly (0ms)
			ScanForSourceGeneratedMonoScriptInfo (0ms)
			ResolveRequiredComponents (6ms)
	FinalizeReload (1205ms)
		ReleaseScriptCaches (0ms)
		RebuildScriptCaches (0ms)
		SetupLoadedEditorAssemblies (538ms)
			LogAssemblyErrors (0ms)
			InitializePlatformSupportModulesInManaged (9ms)
			SetLoadedEditorAssemblies (4ms)
			RefreshPlugins (0ms)
			BeforeProcessingInitializeOnLoad (68ms)
			ProcessInitializeOnLoadAttributes (418ms)
			ProcessInitializeOnLoadMethodAttributes (26ms)
			AfterProcessingInitializeOnLoad (13ms)
			EditorAssembliesLoaded (0ms)
		ExecutionOrderSort2 (0ms)
		AwakeInstancesAfterBackupRestoration (13ms)
Refreshing native plugins compatible for Editor in 7.05 ms, found 3 plugins.
Preloading 0 native plugins for Editor in 0.00 ms.
Unloading 3100 Unused Serialized files (Serialized files now loaded: 0)
Unloading 25 unused Assets / (31.7 KB). Loaded Objects now: 3619.
Memory consumption went from 148.2 MB to 148.1 MB.
Total: 4.427500 ms (FindLiveObjects: 0.335300 ms CreateObjectMapping: 0.323500 ms MarkObjects: 3.704000 ms  DeleteObjects: 0.063400 ms)

Prepare: number of updated asset objects reloaded= 0
AssetImportParameters requested are different than current active one (requested -> active):
  custom:scripting/monoscript/fileName/CFX_SpawnSystem.cs: da90548e33a5ac9767c2ab325529961a -> 
  custom:scripting/monoscript/fileName/DepthOfFieldDeprecated.cs: 8700a90d2d763e9c01f08a0cd128cca8 -> 
  custom:scripting/monoscript/fileName/CameraMotionBlur.cs: 458c2b6f90eeea041921d89083a79e55 -> 
  custom:scripting/monoscript/fileName/ColorCorrectionLookupEditor.cs: a2fb9e7138550e9aa0e0de2d21737d42 -> 
  custom:scripting/monoscript/fileName/TiltShift.cs: 13ff1d7342528fc14a2e194c2bdc09fb -> 
  custom:container-demuxer-ogg: 62fdf1f143b41e24485cea50d1cbac27 -> 
  custom:scripting/monoscript/fileName/ScreenSpaceAmbientOcclusion.cs: 42eb6963a5f738a978938eb937f58d78 -> 
  custom:scripting/monoscript/fileName/DepthOfFieldEditor.cs: a3868cd4e6c6aec7c31ee3ed2b09abe8 -> 
  custom:scripting/monoscript/fileName/NoiseAndGrainEditor.cs: 0276e69b6de7374aa913d893485a004e -> 
  custom:video-decoder-ogg-theora: a1e56fd34408186e4bbccfd4996cb3dc -> 
  custom:scripting/monoscript/fileName/SunShafts.cs: abee30526487200fa16387df850e7daf -> 
  custom:scripting/monoscript/fileName/MotionBlur.cs: 7d52f2ac2c90424481a38c8ec7edb91c -> 
  custom:framework-win-MediaFoundation: 216162199b28c13a410421893ffa2e32 -> 
  custom:scripting/monoscript/fileName/CFXEasyEditor.cs: 975509eb43d0b0d90d19d984ce47d25d -> 
  custom:scripting/monoscript/fileName/Grayscale.cs: 87671e23fd2948061f63e16eb704f3a3 -> 
  custom:scripting/monoscript/fileName/WFX_Demo_RandomDir.cs: 83412d56870e7b7abf13729c1e4f5956 -> 
  custom:scripting/monoscript/fileName/CFX_Demo_RandomDir.cs: 06fce4b0d835d8793ccf8307925e464f -> 
  custom:scripting/monoscript/fileName/BlurOptimized.cs: a99dff34286593c12b0fab92e7c0da68 -> 
  custom:scripting/monoscript/fileName/CameraMotionBlurEditor.cs: 7c502cd6630e6f5609abadb3991d9ab2 -> 
  custom:scripting/monoscript/fileName/Quads.cs: 2f24050aded65dda899533ba7849a43c -> 
  custom:scripting/monoscript/fileName/Blur.cs: 16b33e375f19895ec61239c77165934f -> 
  custom:scripting/monoscript/fileName/DepthOfFieldDeprecatedEditor.cs: 9c0d6ba6950f727fa7ed1bfef973ec32 -> 
  custom:scripting/monoscript/fileName/ImageEffects.cs: fc49fae855f2f50655b411c31423a73d -> 
  custom:scripting/monoscript/fileName/WFX_LightFlicker.cs: 1dfc4e18a67da64c518b9518e62ac4fe -> 
  custom:scripting/monoscript/fileName/PostEffectsBase.cs: 6aabc5a6e1a831a9196622d2796540be -> 
  custom:CustomObjectIndexerAttribute: 9a22284fe3817be447336de3de66b15e -> 
  custom:scripting/monoscript/fileName/ColorCorrectionLookup.cs: cdade6b297f1c116727fa6035591313f -> 
  custom:scripting/monoscript/fileName/CFX_SpawnSystemEditor.cs: 8ef4ed7f7ca5c207cc3108bdafbacf7e -> 
  custom:container-demuxer-webm: 4f35f7cbe854078d1ac9338744f61a02 -> 
  custom:scripting/monoscript/fileName/Triangles.cs: 64f7a3839fbac059155d5ec1d8597e9c -> 
  custom:scripting/monoscript/fileName/SunShaftsEditor.cs: 14ff19bb08f48e5592630a8ef09a85a4 -> 
  custom:scripting/monoscript/fileName/ContrastStretch.cs: 606dc0496a32ea6e71f97dc962793c28 -> 
  custom:scripting/monoscript/fileName/CFX_Demo_RotateCamera.cs: 1b6c7bbcbc0a01f776aafda62612b729 -> 
  custom:scripting/monoscript/fileName/WFX_Demo_DeleteAfterDelay.cs: a8456c85d9636ec3b34432ce15771790 -> 
  custom:scripting/monoscript/fileName/EdgeDetectionEditor.cs: 4cca3302e9c064dba4f706ba0e5d7102 -> 
  custom:scripting/monoscript/fileName/WFX_BulletHoleDecal.cs: b2a50a5c52cc82fa50f26101cc423417 -> 
  custom:container-muxer-webm: aa71ff27fc2769a1b78a27578f13a17b -> 
  custom:scripting/monoscript/fileName/ContrastEnhance.cs: 25207a33818c5454fd86fad73189b2cd -> 
  custom:scripting/monoscript/fileName/WFX_Demo_Wall.cs: ebe32a1844666a18dc6e88646d62cdf3 -> 
  custom:video-decoder-webm-vp8: 9c59270c3fd7afecdb556c50c9e8de78 -> 
  custom:scripting/monoscript/fileName/CFX_AutoStopLoopedEffect.cs: 0a1116784d96426e30ae544ef0d48111 -> 
  custom:scripting/monoscript/fileName/PostEffectsHelper.cs: 5b0aade5ee85030099a328bfa56e17eb -> 
  custom:SearchIndexIgnoredProperties: e643bd26f0fe6173181afceb89e7c659 -> 
  custom:AudioImporter_EditorPlatform: d09bf68614088b80899f8185d706f6e7 -> 
  custom:scripting/monoscript/fileName/CreaseShading.cs: 5b17bf81bff982a9605309492401c574 -> 
  custom:scripting/monoscript/fileName/AntialiasingEditor.cs: cd1db322c4d4bac3e0fdd7740cc772c6 -> 
  custom:scripting/monoscript/fileName/Antialiasing.cs: bec6c7367bf7f3b527b25907b25d4102 -> 
  custom:scripting/monoscript/fileName/SepiaTone.cs: 67c7b044a145b042dba91a1a8d54f9f4 -> 
  custom:scripting/monoscript/fileName/ImageEffectBase.cs: 6d460e3d17a4175e44411c6923e62aed -> 
  custom:scripting/monoscript/fileName/NoiseAndGrain.cs: f4f7112c95c7474ffaf494b422803169 -> 
  custom:scripting/monoscript/fileName/BloomAndFlaresEditor.cs: 1f9e796d927ffcd86ccbfad6ec7007d5 -> 
  custom:scripting/monoscript/fileName/ScreenSpaceAmbientObscurance.cs: 958d0bf4e6842d24e3147fb5da01010e -> 
  custom:scripting/monoscript/fileName/CreaseShadingEditor.cs: 10fe90e5375fc621d9f19b702723dc86 -> 
  custom:scripting/monoscript/fileName/Fisheye.cs: ad168996bfc8fa7824e22ed9b5548fe9 -> 
  custom:scripting/monoscript/fileName/Twirl.cs: 13260c2451d9e72af8c2f232859ba959 -> 
  custom:scripting/monoscript/fileName/ScreenOverlay.cs: 8b6e368a4e3d0df848783015d0ee2b1e -> 
  custom:video-encoder-webm-vp8: eb34c28f22e8b96e1ab97ce403110664 -> 
  custom:scripting/monoscript/fileName/CFX_LightIntensityFade.cs: cdc33b13e94fac5095d515fc63c5bc75 -> 
  custom:scripting/monoscript/fileName/Bloom.cs: 33cd4fe5846ab030762c2d9a63dce329 -> 
  custom:audio-decoder-ogg-vorbis: bf7c407c2cedff20999df2af8eb42d56 -> 
  custom:scripting/monoscript/fileName/Vortex.cs: d2f7738ed789b7a977f000ffd0cf8890 -> 
  custom:scripting/monoscript/fileName/ColorCorrectionCurvesEditor.cs: ba8c98b45b2e94f575e6b8aff77cc447 -> 
  custom:scripting/monoscript/fileName/TonemappingEditor.cs: edac4117593cd8c316e847cfa4a2c184 -> 
  custom:scripting/monoscript/fileName/DepthOfField.cs: d3ca753d15782e18ed3483b3a0afd175 -> 
  custom:scripting/monoscript/fileName/BloomEditor.cs: 43b3df46b7cb2255d2c1c8dbcafea8dc -> 
  custom:scripting/monoscript/fileName/WFX_Demo.cs: 16a8c51f1dc0063656a39d0352fd910f -> 
  custom:scripting/monoscript/fileName/VignetteAndChromaticAberrationEditor.cs: de7480822b02f6e7bbb6e752b450d6c9 -> 
  custom:scripting/monoscript/fileName/BloomOptimized.cs: deef391a4062215fa64b13290b34b1e5 -> 
  custom:scripting/monoscript/fileName/BloomAndFlares.cs: 8afb5ea14b913734370925506b923fb7 -> 
  custom:scripting/monoscript/fileName/VignetteAndChromaticAberration.cs: 6f7816e6c6a96eb38e8b34a3171a3d7a -> 
  custom:scripting/monoscript/fileName/GlobalFog.cs: cec4a166fe83b304dd694da080c37c22 -> 
  custom:scripting/monoscript/fileName/CFX_Demo_Translate.cs: c85e572516e08f311291871f16fd4e55 -> 
  custom:audio-encoder-webm-vorbis: bf7c407c2cedff20999df2af8eb42d56 -> 
  custom:scripting/monoscript/fileName/Tonemapping.cs: c9f290b3ad74cc49f26aca1f0af02743 -> 
  custom:scripting/monoscript/fileName/CFX_AutoDestructShuriken.cs: 7d622660cad3b608810f352fdbc5d485 -> 
  custom:scripting/monoscript/fileName/EdgeDetection.cs: 7e270773de6bd808e57f1eb909c3207a -> 
  custom:scripting/monoscript/fileName/ColorCorrectionCurves.cs: 0fe9ce599982e40ac8aba010733d7bdc -> 
  custom:scripting/monoscript/fileName/ColorCorrectionRamp.cs: a7e8fab02fd9ee3f41f3660b4752114a -> 
  custom:scripting/monoscript/fileName/NoiseAndScratches.cs: e0c1886d5a6b335ec4861c2068c91d03 -> 
  custom:scripting/monoscript/fileName/WFX_Demo_New.cs: 225d44912cd20a0c8b007d7146330c83 -> 
========================================================================
Received Import Request.
  Time since last request: 1075.360105 seconds.
  path: Assets/Fantasy Skybox FREE/Cubemaps/Classic/FS000_Night_01_Moonless.png
  artifactKey: Guid(ac8a32e5107b67a47939926c52798a2b) Importer(815301076,1909f56bfc062723c751e8b465ee728b)
Start importing Assets/Fantasy Skybox FREE/Cubemaps/Classic/FS000_Night_01_Moonless.png using Guid(ac8a32e5107b67a47939926c52798a2b) Importer(815301076,1909f56bfc062723c751e8b465ee728b)  -> (artifact id: '287eaa6ba377d516aeab8a68171116ec') in 0.134570 seconds
Number of updated asset objects reloaded before import = 0
Number of asset objects unloaded after import = 1
========================================================================
Received Import Request.
  Time since last request: 0.000024 seconds.
  path: Assets/Fantasy Skybox FREE/Cubemaps/Classic/FS000_Night_03.png
  artifactKey: Guid(df8d1504e61fa6046bbb3b99bf96da1a) Importer(815301076,1909f56bfc062723c751e8b465ee728b)
Start importing Assets/Fantasy Skybox FREE/Cubemaps/Classic/FS000_Night_03.png using Guid(df8d1504e61fa6046bbb3b99bf96da1a) Importer(815301076,1909f56bfc062723c751e8b465ee728b)  -> (artifact id: 'b0229ee046518d65224ced1111a0c8a8') in 0.027749 seconds
Number of updated asset objects reloaded before import = 0
Number of asset objects unloaded after import = 1
========================================================================
Received Import Request.
  Time since last request: 0.056657 seconds.
  path: Assets/ModularFirstPersonController/DemoScene/Gridbox Prototype Materials/Resources/Textures/Prototype Grid/prototype_512x512_green2.png
  artifactKey: Guid(382df89af99b9f2459dd19206e68a63d) Importer(815301076,1909f56bfc062723c751e8b465ee728b)
Start importing Assets/ModularFirstPersonController/DemoScene/Gridbox Prototype Materials/Resources/Textures/Prototype Grid/prototype_512x512_green2.png using Guid(382df89af99b9f2459dd19206e68a63d) Importer(815301076,1909f56bfc062723c751e8b465ee728b)  -> (artifact id: '02a0492159c41ac6d52b9b8a01014e0d') in 0.020415 seconds
Number of updated asset objects reloaded before import = 0
Number of asset objects unloaded after import = 2
========================================================================
Received Import Request.
  Time since last request: 0.000013 seconds.
  path: Assets/ModularFirstPersonController/DemoScene/Gridbox Prototype Materials/Resources/Textures/Prototype Grid/prototype_512x512_grey2.png
  artifactKey: Guid(37920ac3813690349a856bbe19a86e2b) Importer(815301076,1909f56bfc062723c751e8b465ee728b)
Start importing Assets/ModularFirstPersonController/DemoScene/Gridbox Prototype Materials/Resources/Textures/Prototype Grid/prototype_512x512_grey2.png using Guid(37920ac3813690349a856bbe19a86e2b) Importer(815301076,1909f56bfc062723c751e8b465ee728b)  -> (artifact id: 'd18613c014c3e1995b45db9fbb939238') in 0.015406 seconds
Number of updated asset objects reloaded before import = 0
Number of asset objects unloaded after import = 2
========================================================================
Received Import Request.
  Time since last request: 0.000021 seconds.
  path: Assets/ModularFirstPersonController/DemoScene/Gridbox Prototype Materials/Resources/Textures/Prototype Grid/prototype_512x512_grey4.png
  artifactKey: Guid(ed0c2c8a99e92e14ba740ac8aa428288) Importer(815301076,1909f56bfc062723c751e8b465ee728b)
Start importing Assets/ModularFirstPersonController/DemoScene/Gridbox Prototype Materials/Resources/Textures/Prototype Grid/prototype_512x512_grey4.png using Guid(ed0c2c8a99e92e14ba740ac8aa428288) Importer(815301076,1909f56bfc062723c751e8b465ee728b)  -> (artifact id: '7aad6e18f5370427053182e831b404a6') in 0.016622 seconds
Number of updated asset objects reloaded before import = 0
Number of asset objects unloaded after import = 2
========================================================================
Received Import Request.
  Time since last request: 38.940049 seconds.
  path: Assets/Fantasy Skybox FREE/Cubemaps/Classic/FS000_Day_04_Sunless.png
  artifactKey: Guid(0e981c5218a661d479182696be5f084f) Importer(815301076,1909f56bfc062723c751e8b465ee728b)
Start importing Assets/Fantasy Skybox FREE/Cubemaps/Classic/FS000_Day_04_Sunless.png using Guid(0e981c5218a661d479182696be5f084f) Importer(815301076,1909f56bfc062723c751e8b465ee728b)  -> (artifact id: '1c8ec0c54efb62c4ed5a26c22c91b072') in 0.018576 seconds
Number of updated asset objects reloaded before import = 0
Number of asset objects unloaded after import = 1
========================================================================
Received Import Request.
  Time since last request: 1.860933 seconds.
  path: Assets/Fantasy Skybox FREE/Panoramics/FS003/FS003_Night.png
  artifactKey: Guid(323f1ea1bce78fe4c90b2286fa1997e2) Importer(815301076,1909f56bfc062723c751e8b465ee728b)
Start importing Assets/Fantasy Skybox FREE/Panoramics/FS003/FS003_Night.png using Guid(323f1ea1bce78fe4c90b2286fa1997e2) Importer(815301076,1909f56bfc062723c751e8b465ee728b)  -> (artifact id: '791202a0b13b10a56a235f9d348836f2') in 0.017974 seconds
Number of updated asset objects reloaded before import = 0
Number of asset objects unloaded after import = 2
========================================================================
Received Import Request.
  Time since last request: 0.000018 seconds.
  path: Assets/Fantasy Skybox FREE/Panoramics/FS013/FS013_Night.png
  artifactKey: Guid(134608dbb5b4b3e458e3567b13281134) Importer(815301076,1909f56bfc062723c751e8b465ee728b)
Start importing Assets/Fantasy Skybox FREE/Panoramics/FS013/FS013_Night.png using Guid(134608dbb5b4b3e458e3567b13281134) Importer(815301076,1909f56bfc062723c751e8b465ee728b)  -> (artifact id: '704d419fa756cb0e7fd5e49ec5d0140d') in 0.017527 seconds
Number of updated asset objects reloaded before import = 0
Number of asset objects unloaded after import = 2
Editor requested this worker to shutdown with reason: Scaling down because of idle timeout
TcpMessagingSession - receive error: operation aborted. errorcode: 995, details: La operacin de E/S se anul por una salida de subproceso o por una solicitud de aplicacin.
AssetImportWorker is now disconnected from the server
Process exiting
Exiting without the bug reporter. Application will terminate with return code 0